{"/Users/olutobi/CascadeProjects/compliance-guardian/src/middleware.ts": {"path":"/Users/olutobi/CascadeProjects/compliance-guardian/src/middleware.ts","statementMap":{"0":{"start":{"line":28,"column":13},"end":{"line":28,"column":19}},"1":{"start":{"line":5,"column":22},"end":{"line":5,"column":32}},"2":{"start":{"line":1,"column":39},"end":{"line":1,"column":null}},"3":{"start":{"line":6,"column":14},"end":{"line":6,"column":null}},"4":{"start":{"line":7,"column":19},"end":{"line":7,"column":null}},"5":{"start":{"line":10,"column":6},"end":{"line":10,"column":null}},"6":{"start":{"line":13,"column":2},"end":{"line":18,"column":null}},"7":{"start":{"line":14,"column":4},"end":{"line":16,"column":null}},"8":{"start":{"line":15,"column":6},"end":{"line":15,"column":null}},"9":{"start":{"line":17,"column":4},"end":{"line":17,"column":null}},"10":{"start":{"line":21,"column":2},"end":{"line":23,"column":null}},"11":{"start":{"line":22,"column":4},"end":{"line":22,"column":null}},"12":{"start":{"line":25,"column":2},"end":{"line":25,"column":null}},"13":{"start":{"line":28,"column":22},"end":{"line":30,"column":null}}},"fnMap":{"0":{"name":"middleware","decl":{"start":{"line":5,"column":22},"end":{"line":5,"column":32}},"loc":{"start":{"line":5,"column":49},"end":{"line":26,"column":null}}}},"branchMap":{"0":{"loc":{"start":{"line":13,"column":2},"end":{"line":18,"column":null}},"type":"if","locations":[{"start":{"line":13,"column":2},"end":{"line":18,"column":null}}]},"1":{"loc":{"start":{"line":14,"column":4},"end":{"line":16,"column":null}},"type":"if","locations":[{"start":{"line":14,"column":4},"end":{"line":16,"column":null}}]},"2":{"loc":{"start":{"line":21,"column":2},"end":{"line":23,"column":null}},"type":"if","locations":[{"start":{"line":21,"column":2},"end":{"line":23,"column":null}}]},"3":{"loc":{"start":{"line":21,"column":6},"end":{"line":21,"column":48}},"type":"binary-expr","locations":[{"start":{"line":21,"column":6},"end":{"line":21,"column":18}},{"start":{"line":21,"column":18},"end":{"line":21,"column":48}}]}},"s":{"0":0,"1":0,"2":0,"3":0,"4":0,"5":0,"6":0,"7":0,"8":0,"9":0,"10":0,"11":0,"12":0,"13":0},"f":{"0":0},"b":{"0":[0],"1":[0],"2":[0],"3":[0,0]}}
,"/Users/olutobi/CascadeProjects/compliance-guardian/src/app/error.tsx": {"path":"/Users/olutobi/CascadeProjects/compliance-guardian/src/app/error.tsx","statementMap":{"0":{"start":{"line":5,"column":24},"end":{"line":5,"column":30}},"1":{"start":{"line":3,"column":26},"end":{"line":3,"column":null}},"2":{"start":{"line":12,"column":2},"end":{"line":15,"column":null}},"3":{"start":{"line":14,"column":4},"end":{"line":14,"column":null}}},"fnMap":{"0":{"name":"Error","decl":{"start":{"line":5,"column":24},"end":{"line":5,"column":30}},"loc":{"start":{"line":11,"column":1},"end":{"line":33,"column":null}}},"1":{"name":"(anonymous_2)","decl":{"start":{"line":12,"column":12},"end":{"line":12,"column":null}},"loc":{"start":{"line":12,"column":12},"end":{"line":15,"column":5}}}},"branchMap":{"0":{"loc":{"start":{"line":22,"column":11},"end":{"line":22,"column":null}},"type":"binary-expr","locations":[{"start":{"line":22,"column":11},"end":{"line":22,"column":24}},{"start":{"line":22,"column":28},"end":{"line":22,"column":null}}]}},"s":{"0":0,"1":0,"2":0,"3":0},"f":{"0":0,"1":0},"b":{"0":[0,0]}}
,"/Users/olutobi/CascadeProjects/compliance-guardian/src/app/global-error.tsx": {"path":"/Users/olutobi/CascadeProjects/compliance-guardian/src/app/global-error.tsx","statementMap":{"0":{"start":{"line":3,"column":24},"end":{"line":3,"column":36}},"1":{"start":{"line":22,"column":29},"end":{"line":22,"column":null}}},"fnMap":{"0":{"name":"GlobalError","decl":{"start":{"line":3,"column":24},"end":{"line":3,"column":36}},"loc":{"start":{"line":9,"column":1},"end":{"line":32,"column":null}}},"1":{"name":"(anonymous_2)","decl":{"start":{"line":22,"column":23},"end":{"line":22,"column":29}},"loc":{"start":{"line":22,"column":29},"end":{"line":22,"column":null}}}},"branchMap":{"0":{"loc":{"start":{"line":19,"column":15},"end":{"line":19,"column":null}},"type":"binary-expr","locations":[{"start":{"line":19,"column":15},"end":{"line":19,"column":28}},{"start":{"line":19,"column":32},"end":{"line":19,"column":null}}]}},"s":{"0":0,"1":0},"f":{"0":0,"1":0},"b":{"0":[0,0]}}
,"/Users/olutobi/CascadeProjects/compliance-guardian/src/app/layout.tsx": {"path":"/Users/olutobi/CascadeProjects/compliance-guardian/src/app/layout.tsx","statementMap":{"0":{"start":{"line":13,"column":24},"end":{"line":13,"column":35}},"1":{"start":{"line":8,"column":13},"end":{"line":8,"column":21}},"2":{"start":{"line":1,"column":7},"end":{"line":1,"column":null}},"3":{"start":{"line":2,"column":22},"end":{"line":2,"column":null}},"4":{"start":{"line":3,"column":26},"end":{"line":3,"column":null}},"5":{"start":{"line":4,"column":22},"end":{"line":4,"column":null}},"6":{"start":{"line":6,"column":14},"end":{"line":6,"column":null}},"7":{"start":{"line":8,"column":24},"end":{"line":11,"column":null}}},"fnMap":{"0":{"name":"RootLayout","decl":{"start":{"line":13,"column":24},"end":{"line":13,"column":35}},"loc":{"start":{"line":17,"column":1},"end":{"line":27,"column":1}}}},"branchMap":{},"s":{"0":0,"1":0,"2":0,"3":0,"4":0,"5":0,"6":0,"7":0},"f":{"0":0},"b":{}}
,"/Users/olutobi/CascadeProjects/compliance-guardian/src/app/loading.tsx": {"path":"/Users/olutobi/CascadeProjects/compliance-guardian/src/app/loading.tsx","statementMap":{"0":{"start":{"line":1,"column":24},"end":{"line":1,"column":null}}},"fnMap":{"0":{"name":"Loading","decl":{"start":{"line":1,"column":24},"end":{"line":1,"column":null}},"loc":{"start":{"line":1,"column":24},"end":{"line":7,"column":null}}}},"branchMap":{},"s":{"0":0},"f":{"0":0},"b":{}}
,"/Users/olutobi/CascadeProjects/compliance-guardian/src/app/page.tsx": {"path":"/Users/olutobi/CascadeProjects/compliance-guardian/src/app/page.tsx","statementMap":{"0":{"start":{"line":10,"column":24},"end":{"line":10,"column":null}},"1":{"start":{"line":3,"column":26},"end":{"line":3,"column":null}},"2":{"start":{"line":4,"column":17},"end":{"line":4,"column":null}},"3":{"start":{"line":5,"column":26},"end":{"line":5,"column":null}},"4":{"start":{"line":6,"column":24},"end":{"line":6,"column":null}},"5":{"start":{"line":7,"column":29},"end":{"line":7,"column":null}},"6":{"start":{"line":8,"column":57},"end":{"line":8,"column":null}},"7":{"start":{"line":11,"column":17},"end":{"line":11,"column":null}},"8":{"start":{"line":12,"column":19},"end":{"line":12,"column":null}},"9":{"start":{"line":14,"column":2},"end":{"line":18,"column":null}},"10":{"start":{"line":15,"column":4},"end":{"line":17,"column":null}},"11":{"start":{"line":16,"column":6},"end":{"line":16,"column":null}},"12":{"start":{"line":93,"column":18},"end":{"line":93,"column":42}},"13":{"start":{"line":107,"column":14},"end":{"line":108,"column":null}},"14":{"start":{"line":130,"column":14},"end":{"line":131,"column":null}}},"fnMap":{"0":{"name":"Home","decl":{"start":{"line":10,"column":24},"end":{"line":10,"column":null}},"loc":{"start":{"line":10,"column":24},"end":{"line":150,"column":null}}},"1":{"name":"(anonymous_3)","decl":{"start":{"line":14,"column":12},"end":{"line":14,"column":null}},"loc":{"start":{"line":14,"column":12},"end":{"line":18,"column":5}}},"2":{"name":"(anonymous_4)","decl":{"start":{"line":92,"column":22},"end":{"line":92,"column":23}},"loc":{"start":{"line":93,"column":18},"end":{"line":93,"column":42}}},"3":{"name":"(anonymous_5)","decl":{"start":{"line":106,"column":56},"end":{"line":106,"column":57}},"loc":{"start":{"line":107,"column":14},"end":{"line":108,"column":null}}},"4":{"name":"(anonymous_6)","decl":{"start":{"line":129,"column":18},"end":{"line":129,"column":19}},"loc":{"start":{"line":130,"column":14},"end":{"line":131,"column":null}}}},"branchMap":{"0":{"loc":{"start":{"line":15,"column":4},"end":{"line":17,"column":null}},"type":"if","locations":[{"start":{"line":15,"column":4},"end":{"line":17,"column":null}}]}},"s":{"0":0,"1":0,"2":0,"3":0,"4":0,"5":0,"6":0,"7":0,"8":0,"9":0,"10":0,"11":0,"12":0,"13":0,"14":0},"f":{"0":0,"1":0,"2":0,"3":0,"4":0},"b":{"0":[0]}}
,"/Users/olutobi/CascadeProjects/compliance-guardian/src/app/providers.tsx": {"path":"/Users/olutobi/CascadeProjects/compliance-guardian/src/app/providers.tsx","statementMap":{"0":{"start":{"line":7,"column":16},"end":{"line":7,"column":26}},"1":{"start":{"line":3,"column":49},"end":{"line":3,"column":null}},"2":{"start":{"line":4,"column":35},"end":{"line":4,"column":null}},"3":{"start":{"line":5,"column":25},"end":{"line":5,"column":null}},"4":{"start":{"line":8,"column":24},"end":{"line":17,"column":null}},"5":{"start":{"line":10,"column":6},"end":{"line":17,"column":null}}},"fnMap":{"0":{"name":"Providers","decl":{"start":{"line":7,"column":16},"end":{"line":7,"column":26}},"loc":{"start":{"line":7,"column":69},"end":{"line":26,"column":null}}},"1":{"name":"(anonymous_2)","decl":{"start":{"line":9,"column":4},"end":{"line":9,"column":null}},"loc":{"start":{"line":10,"column":6},"end":{"line":17,"column":null}}}},"branchMap":{},"s":{"0":0,"1":0,"2":0,"3":0,"4":0,"5":0},"f":{"0":0,"1":0},"b":{}}
,"/Users/olutobi/CascadeProjects/compliance-guardian/src/app/(auth)/sign-in/page.tsx": {"path":"/Users/olutobi/CascadeProjects/compliance-guardian/src/app/(auth)/sign-in/page.tsx","statementMap":{"0":{"start":{"line":3,"column":24},"end":{"line":3,"column":null}},"1":{"start":{"line":1,"column":23},"end":{"line":1,"column":null}}},"fnMap":{"0":{"name":"SignInPage","decl":{"start":{"line":3,"column":24},"end":{"line":3,"column":null}},"loc":{"start":{"line":3,"column":24},"end":{"line":29,"column":null}}}},"branchMap":{},"s":{"0":0,"1":0},"f":{"0":0},"b":{}}
,"/Users/olutobi/CascadeProjects/compliance-guardian/src/app/(auth)/sign-up/page.tsx": {"path":"/Users/olutobi/CascadeProjects/compliance-guardian/src/app/(auth)/sign-up/page.tsx","statementMap":{"0":{"start":{"line":3,"column":24},"end":{"line":3,"column":null}},"1":{"start":{"line":1,"column":23},"end":{"line":1,"column":null}}},"fnMap":{"0":{"name":"SignUpPage","decl":{"start":{"line":3,"column":24},"end":{"line":3,"column":null}},"loc":{"start":{"line":3,"column":24},"end":{"line":29,"column":null}}}},"branchMap":{},"s":{"0":0,"1":0},"f":{"0":0},"b":{}}
,"/Users/olutobi/CascadeProjects/compliance-guardian/src/app/(dashboard)/layout.tsx": {"path":"/Users/olutobi/CascadeProjects/compliance-guardian/src/app/(dashboard)/layout.tsx","statementMap":{"0":{"start":{"line":9,"column":24},"end":{"line":9,"column":40}},"1":{"start":{"line":3,"column":36},"end":{"line":3,"column":null}},"2":{"start":{"line":4,"column":26},"end":{"line":4,"column":null}},"3":{"start":{"line":5,"column":44},"end":{"line":5,"column":null}},"4":{"start":{"line":6,"column":30},"end":{"line":6,"column":null}},"5":{"start":{"line":7,"column":25},"end":{"line":7,"column":null}},"6":{"start":{"line":14,"column":17},"end":{"line":14,"column":null}},"7":{"start":{"line":15,"column":19},"end":{"line":15,"column":null}},"8":{"start":{"line":16,"column":32},"end":{"line":16,"column":null}},"9":{"start":{"line":18,"column":2},"end":{"line":33,"column":null}},"10":{"start":{"line":19,"column":22},"end":{"line":31,"column":null}},"11":{"start":{"line":20,"column":6},"end":{"line":30,"column":null}},"12":{"start":{"line":21,"column":38},"end":{"line":21,"column":null}},"13":{"start":{"line":22,"column":8},"end":{"line":24,"column":null}},"14":{"start":{"line":23,"column":10},"end":{"line":23,"column":null}},"15":{"start":{"line":26,"column":8},"end":{"line":26,"column":null}},"16":{"start":{"line":27,"column":8},"end":{"line":27,"column":null}},"17":{"start":{"line":29,"column":8},"end":{"line":29,"column":null}},"18":{"start":{"line":32,"column":4},"end":{"line":32,"column":null}},"19":{"start":{"line":35,"column":2},"end":{"line":43,"column":null}}},"fnMap":{"0":{"name":"DashboardLayout","decl":{"start":{"line":9,"column":24},"end":{"line":9,"column":40}},"loc":{"start":{"line":13,"column":1},"end":{"line":54,"column":null}}},"1":{"name":"(anonymous_3)","decl":{"start":{"line":18,"column":12},"end":{"line":18,"column":null}},"loc":{"start":{"line":18,"column":12},"end":{"line":33,"column":5}}},"2":{"name":"(anonymous_4)","decl":{"start":{"line":19,"column":22},"end":{"line":19,"column":null}},"loc":{"start":{"line":19,"column":22},"end":{"line":31,"column":null}}}},"branchMap":{"0":{"loc":{"start":{"line":22,"column":8},"end":{"line":24,"column":null}},"type":"if","locations":[{"start":{"line":22,"column":8},"end":{"line":24,"column":null}}]},"1":{"loc":{"start":{"line":35,"column":2},"end":{"line":43,"column":null}},"type":"if","locations":[{"start":{"line":35,"column":2},"end":{"line":43,"column":null}}]}},"s":{"0":0,"1":0,"2":0,"3":0,"4":0,"5":0,"6":0,"7":0,"8":0,"9":0,"10":0,"11":0,"12":0,"13":0,"14":0,"15":0,"16":0,"17":0,"18":0,"19":0},"f":{"0":0,"1":0,"2":0},"b":{"0":[0],"1":[0]}}
,"/Users/olutobi/CascadeProjects/compliance-guardian/src/app/assessments/create-dialog.tsx": {"path":"/Users/olutobi/CascadeProjects/compliance-guardian/src/app/assessments/create-dialog.tsx","statementMap":{"0":{"start":{"line":46,"column":16},"end":{"line":46,"column":39}},"1":{"start":{"line":3,"column":25},"end":{"line":3,"column":null}},"2":{"start":{"line":4,"column":26},"end":{"line":4,"column":null}},"3":{"start":{"line":5,"column":24},"end":{"line":5,"column":null}},"4":{"start":{"line":6,"column":28},"end":{"line":6,"column":null}},"5":{"start":{"line":7,"column":18},"end":{"line":7,"column":null}},"6":{"start":{"line":8,"column":65},"end":{"line":8,"column":null}},"7":{"start":{"line":9,"column":79},"end":{"line":9,"column":null}},"8":{"start":{"line":10,"column":22},"end":{"line":10,"column":null}},"9":{"start":{"line":11,"column":25},"end":{"line":11,"column":null}},"10":{"start":{"line":12,"column":23},"end":{"line":12,"column":null}},"11":{"start":{"line":19,"column":7},"end":{"line":19,"column":null}},"12":{"start":{"line":20,"column":33},"end":{"line":20,"column":null}},"13":{"start":{"line":21,"column":41},"end":{"line":21,"column":null}},"14":{"start":{"line":22,"column":29},"end":{"line":22,"column":null}},"15":{"start":{"line":25,"column":20},"end":{"line":25,"column":56}},"16":{"start":{"line":26,"column":24},"end":{"line":26,"column":65}},"17":{"start":{"line":28,"column":17},"end":{"line":28,"column":null}},"18":{"start":{"line":30,"column":19},"end":{"line":37,"column":null}},"19":{"start":{"line":47,"column":17},"end":{"line":47,"column":null}},"20":{"start":{"line":48,"column":22},"end":{"line":48,"column":null}},"21":{"start":{"line":49,"column":42},"end":{"line":49,"column":null}},"22":{"start":{"line":51,"column":15},"end":{"line":57,"column":null}},"23":{"start":{"line":59,"column":31},"end":{"line":70,"column":null}},"24":{"start":{"line":62,"column":30},"end":{"line":65,"column":null}},"25":{"start":{"line":67,"column":6},"end":{"line":67,"column":null}},"26":{"start":{"line":67,"column":17},"end":{"line":67,"column":null}},"27":{"start":{"line":68,"column":6},"end":{"line":68,"column":null}},"28":{"start":{"line":73,"column":4},"end":{"line":90,"column":null}},"29":{"start":{"line":74,"column":6},"end":{"line":74,"column":null}},"30":{"start":{"line":75,"column":33},"end":{"line":75,"column":null}},"31":{"start":{"line":76,"column":6},"end":{"line":76,"column":null}},"32":{"start":{"line":76,"column":17},"end":{"line":76,"column":null}},"33":{"start":{"line":78,"column":25},"end":{"line":81,"column":null}},"34":{"start":{"line":82,"column":6},"end":{"line":82,"column":null}},"35":{"start":{"line":83,"column":6},"end":{"line":83,"column":null}},"36":{"start":{"line":84,"column":6},"end":{"line":84,"column":null}},"37":{"start":{"line":86,"column":6},"end":{"line":86,"column":null}},"38":{"start":{"line":89,"column":6},"end":{"line":89,"column":null}},"39":{"start":{"line":147,"column":24},"end":{"line":147,"column":55}},"40":{"start":{"line":216,"column":31},"end":{"line":216,"column":null}}},"fnMap":{"0":{"name":"CreateAssessmentDialog","decl":{"start":{"line":46,"column":16},"end":{"line":46,"column":39}},"loc":{"start":{"line":46,"column":90},"end":{"line":230,"column":null}}},"1":{"name":"(anonymous_2)","decl":{"start":{"line":61,"column":13},"end":{"line":61,"column":null}},"loc":{"start":{"line":61,"column":13},"end":{"line":69,"column":null}}},"2":{"name":"onSubmit","decl":{"start":{"line":72,"column":17},"end":{"line":72,"column":26}},"loc":{"start":{"line":72,"column":42},"end":{"line":91,"column":null}}},"3":{"name":"(anonymous_7)","decl":{"start":{"line":146,"column":39},"end":{"line":146,"column":40}},"loc":{"start":{"line":147,"column":24},"end":{"line":147,"column":55}}},"4":{"name":"(anonymous_11)","decl":{"start":{"line":216,"column":25},"end":{"line":216,"column":31}},"loc":{"start":{"line":216,"column":31},"end":{"line":216,"column":null}}}},"branchMap":{"0":{"loc":{"start":{"line":67,"column":6},"end":{"line":67,"column":null}},"type":"if","locations":[{"start":{"line":67,"column":6},"end":{"line":67,"column":null}}]},"1":{"loc":{"start":{"line":76,"column":6},"end":{"line":76,"column":null}},"type":"if","locations":[{"start":{"line":76,"column":6},"end":{"line":76,"column":null}}]},"2":{"loc":{"start":{"line":222,"column":17},"end":{"line":222,"column":null}},"type":"cond-expr","locations":[{"start":{"line":222,"column":32},"end":{"line":222,"column":48}},{"start":{"line":222,"column":48},"end":{"line":222,"column":null}}]}},"s":{"0":0,"1":0,"2":0,"3":0,"4":0,"5":0,"6":0,"7":0,"8":0,"9":0,"10":0,"11":0,"12":0,"13":0,"14":0,"15":0,"16":0,"17":0,"18":0,"19":0,"20":0,"21":0,"22":0,"23":0,"24":0,"25":0,"26":0,"27":0,"28":0,"29":0,"30":0,"31":0,"32":0,"33":0,"34":0,"35":0,"36":0,"37":0,"38":0,"39":0,"40":0},"f":{"0":0,"1":0,"2":0,"3":0,"4":0},"b":{"0":[0],"1":[0],"2":[0,0]}}
,"/Users/olutobi/CascadeProjects/compliance-guardian/src/app/assessments/page.tsx": {"path":"/Users/olutobi/CascadeProjects/compliance-guardian/src/app/assessments/page.tsx","statementMap":{"0":{"start":{"line":21,"column":24},"end":{"line":21,"column":null}},"1":{"start":{"line":3,"column":25},"end":{"line":3,"column":null}},"2":{"start":{"line":4,"column":26},"end":{"line":4,"column":null}},"3":{"start":{"line":5,"column":25},"end":{"line":5,"column":null}},"4":{"start":{"line":6,"column":31},"end":{"line":6,"column":null}},"5":{"start":{"line":7,"column":23},"end":{"line":7,"column":null}},"6":{"start":{"line":15,"column":7},"end":{"line":15,"column":null}},"7":{"start":{"line":16,"column":22},"end":{"line":16,"column":null}},"8":{"start":{"line":17,"column":27},"end":{"line":17,"column":null}},"9":{"start":{"line":18,"column":39},"end":{"line":18,"column":null}},"10":{"start":{"line":19,"column":25},"end":{"line":19,"column":null}},"11":{"start":{"line":22,"column":17},"end":{"line":22,"column":null}},"12":{"start":{"line":23,"column":54},"end":{"line":23,"column":null}},"13":{"start":{"line":24,"column":43},"end":{"line":27,"column":null}},"14":{"start":{"line":29,"column":23},"end":{"line":34,"column":null}},"15":{"start":{"line":40,"column":31},"end":{"line":40,"column":null}},"16":{"start":{"line":64,"column":14},"end":{"line":65,"column":null}},"17":{"start":{"line":67,"column":31},"end":{"line":67,"column":null}}},"fnMap":{"0":{"name":"AssessmentsPage","decl":{"start":{"line":21,"column":24},"end":{"line":21,"column":null}},"loc":{"start":{"line":21,"column":24},"end":{"line":93,"column":null}}},"1":{"name":"(anonymous_2)","decl":{"start":{"line":40,"column":25},"end":{"line":40,"column":31}},"loc":{"start":{"line":40,"column":31},"end":{"line":40,"column":null}}},"2":{"name":"(anonymous_3)","decl":{"start":{"line":63,"column":30},"end":{"line":63,"column":31}},"loc":{"start":{"line":64,"column":14},"end":{"line":65,"column":null}}},"3":{"name":"(anonymous_4)","decl":{"start":{"line":67,"column":25},"end":{"line":67,"column":31}},"loc":{"start":{"line":67,"column":31},"end":{"line":67,"column":null}}}},"branchMap":{"0":{"loc":{"start":{"line":47,"column":8},"end":{"line":51,"column":9}},"type":"cond-expr","locations":[{"start":{"line":47,"column":8},"end":{"line":51,"column":9}}]},"1":{"loc":{"start":{"line":79,"column":28},"end":{"line":79,"column":null}},"type":"cond-expr","locations":[{"start":{"line":79,"column":50},"end":{"line":79,"column":84}},{"start":{"line":79,"column":84},"end":{"line":79,"column":null}}]}},"s":{"0":0,"1":0,"2":0,"3":0,"4":0,"5":0,"6":0,"7":0,"8":0,"9":0,"10":0,"11":0,"12":0,"13":0,"14":0,"15":0,"16":0,"17":0},"f":{"0":0,"1":0,"2":0,"3":0},"b":{"0":[0],"1":[0,0]}}
,"/Users/olutobi/CascadeProjects/compliance-guardian/src/app/assessments/[id]/controls-list.tsx": {"path":"/Users/olutobi/CascadeProjects/compliance-guardian/src/app/assessments/[id]/controls-list.tsx","statementMap":{"0":{"start":{"line":58,"column":16},"end":{"line":58,"column":29}},"1":{"start":{"line":3,"column":25},"end":{"line":3,"column":null}},"2":{"start":{"line":11,"column":7},"end":{"line":11,"column":null}},"3":{"start":{"line":12,"column":22},"end":{"line":12,"column":null}},"4":{"start":{"line":19,"column":7},"end":{"line":19,"column":null}},"5":{"start":{"line":26,"column":7},"end":{"line":26,"column":null}},"6":{"start":{"line":27,"column":23},"end":{"line":27,"column":null}},"7":{"start":{"line":28,"column":25},"end":{"line":28,"column":null}},"8":{"start":{"line":29,"column":27},"end":{"line":29,"column":null}},"9":{"start":{"line":30,"column":37},"end":{"line":30,"column":null}},"10":{"start":{"line":59,"column":42},"end":{"line":59,"column":null}},"11":{"start":{"line":60,"column":34},"end":{"line":60,"column":null}},"12":{"start":{"line":62,"column":23},"end":{"line":68,"column":null}},"13":{"start":{"line":70,"column":29},"end":{"line":80,"column":null}},"14":{"start":{"line":71,"column":4},"end":{"line":79,"column":null}},"15":{"start":{"line":72,"column":6},"end":{"line":75,"column":null}},"16":{"start":{"line":77,"column":6},"end":{"line":77,"column":null}},"17":{"start":{"line":82,"column":26},"end":{"line":90,"column":null}},"18":{"start":{"line":83,"column":4},"end":{"line":89,"column":null}},"19":{"start":{"line":84,"column":6},"end":{"line":84,"column":null}},"20":{"start":{"line":85,"column":6},"end":{"line":85,"column":null}},"21":{"start":{"line":87,"column":6},"end":{"line":87,"column":null}},"22":{"start":{"line":92,"column":28},"end":{"line":95,"column":null}},"23":{"start":{"line":93,"column":4},"end":{"line":93,"column":null}},"24":{"start":{"line":94,"column":4},"end":{"line":94,"column":null}},"25":{"start":{"line":113,"column":12},"end":{"line":113,"column":null}},"26":{"start":{"line":124,"column":44},"end":{"line":124,"column":null}},"27":{"start":{"line":147,"column":39},"end":{"line":147,"column":null}},"28":{"start":{"line":153,"column":39},"end":{"line":153,"column":null}},"29":{"start":{"line":160,"column":39},"end":{"line":160,"column":null}},"30":{"start":{"line":169,"column":35},"end":{"line":169,"column":null}},"31":{"start":{"line":178,"column":20},"end":{"line":179,"column":null}},"32":{"start":{"line":200,"column":53},"end":{"line":200,"column":81}}},"fnMap":{"0":{"name":"ControlsList","decl":{"start":{"line":58,"column":16},"end":{"line":58,"column":29}},"loc":{"start":{"line":58,"column":77},"end":{"line":214,"column":null}}},"1":{"name":"(anonymous_2)","decl":{"start":{"line":70,"column":29},"end":{"line":70,"column":36}},"loc":{"start":{"line":70,"column":55},"end":{"line":80,"column":null}}},"2":{"name":"(anonymous_3)","decl":{"start":{"line":82,"column":26},"end":{"line":82,"column":33}},"loc":{"start":{"line":82,"column":33},"end":{"line":90,"column":null}}},"3":{"name":"(anonymous_4)","decl":{"start":{"line":92,"column":28},"end":{"line":92,"column":29}},"loc":{"start":{"line":92,"column":29},"end":{"line":95,"column":null}}},"4":{"name":"(anonymous_5)","decl":{"start":{"line":112,"column":24},"end":{"line":112,"column":25}},"loc":{"start":{"line":113,"column":12},"end":{"line":113,"column":null}}},"5":{"name":"(anonymous_6)","decl":{"start":{"line":124,"column":33},"end":{"line":124,"column":34}},"loc":{"start":{"line":124,"column":44},"end":{"line":124,"column":null}}},"6":{"name":"(anonymous_7)","decl":{"start":{"line":147,"column":32},"end":{"line":147,"column":33}},"loc":{"start":{"line":147,"column":39},"end":{"line":147,"column":null}}},"7":{"name":"(anonymous_8)","decl":{"start":{"line":153,"column":33},"end":{"line":153,"column":39}},"loc":{"start":{"line":153,"column":39},"end":{"line":153,"column":null}}},"8":{"name":"(anonymous_9)","decl":{"start":{"line":160,"column":33},"end":{"line":160,"column":39}},"loc":{"start":{"line":160,"column":39},"end":{"line":160,"column":null}}},"9":{"name":"(anonymous_10)","decl":{"start":{"line":169,"column":29},"end":{"line":169,"column":35}},"loc":{"start":{"line":169,"column":35},"end":{"line":169,"column":null}}},"10":{"name":"(anonymous_11)","decl":{"start":{"line":177,"column":40},"end":{"line":177,"column":41}},"loc":{"start":{"line":178,"column":20},"end":{"line":179,"column":null}}},"11":{"name":"(anonymous_12)","decl":{"start":{"line":200,"column":47},"end":{"line":200,"column":53}},"loc":{"start":{"line":200,"column":53},"end":{"line":200,"column":81}}}},"branchMap":{"0":{"loc":{"start":{"line":74,"column":22},"end":{"line":74,"column":null}},"type":"cond-expr","locations":[{"start":{"line":74,"column":52},"end":{"line":74,"column":79}},{"start":{"line":74,"column":79},"end":{"line":74,"column":null}}]},"1":{"loc":{"start":{"line":94,"column":16},"end":{"line":94,"column":null}},"type":"binary-expr","locations":[{"start":{"line":94,"column":16},"end":{"line":94,"column":29}},{"start":{"line":94,"column":33},"end":{"line":94,"column":null}}]},"2":{"loc":{"start":{"line":144,"column":18},"end":{"line":167,"column":19}},"type":"cond-expr","locations":[{"start":{"line":144,"column":18},"end":{"line":167,"column":19}}]},"3":{"loc":{"start":{"line":171,"column":21},"end":{"line":171,"column":null}},"type":"binary-expr","locations":[{"start":{"line":171,"column":21},"end":{"line":171,"column":34}},{"start":{"line":171,"column":38},"end":{"line":171,"column":null}}]}},"s":{"0":0,"1":0,"2":0,"3":0,"4":0,"5":0,"6":0,"7":0,"8":0,"9":0,"10":0,"11":0,"12":0,"13":0,"14":0,"15":0,"16":0,"17":0,"18":0,"19":0,"20":0,"21":0,"22":0,"23":0,"24":0,"25":0,"26":0,"27":0,"28":0,"29":0,"30":0,"31":0,"32":0},"f":{"0":0,"1":0,"2":0,"3":0,"4":0,"5":0,"6":0,"7":0,"8":0,"9":0,"10":0,"11":0},"b":{"0":[0,0],"1":[0,0],"2":[0],"3":[0,0]}}
,"/Users/olutobi/CascadeProjects/compliance-guardian/src/app/assessments/[id]/evidence-list.tsx": {"path":"/Users/olutobi/CascadeProjects/compliance-guardian/src/app/assessments/[id]/evidence-list.tsx","statementMap":{"0":{"start":{"line":44,"column":16},"end":{"line":44,"column":29}},"1":{"start":{"line":3,"column":25},"end":{"line":3,"column":null}},"2":{"start":{"line":4,"column":26},"end":{"line":4,"column":null}},"3":{"start":{"line":5,"column":44},"end":{"line":5,"column":null}},"4":{"start":{"line":12,"column":7},"end":{"line":12,"column":null}},"5":{"start":{"line":13,"column":23},"end":{"line":13,"column":null}},"6":{"start":{"line":14,"column":22},"end":{"line":14,"column":null}},"7":{"start":{"line":21,"column":7},"end":{"line":21,"column":null}},"8":{"start":{"line":22,"column":31},"end":{"line":22,"column":null}},"9":{"start":{"line":23,"column":27},"end":{"line":23,"column":null}},"10":{"start":{"line":45,"column":17},"end":{"line":45,"column":null}},"11":{"start":{"line":46,"column":22},"end":{"line":46,"column":null}},"12":{"start":{"line":47,"column":48},"end":{"line":47,"column":null}},"13":{"start":{"line":48,"column":28},"end":{"line":48,"column":null}},"14":{"start":{"line":49,"column":26},"end":{"line":49,"column":null}},"15":{"start":{"line":51,"column":25},"end":{"line":69,"column":null}},"16":{"start":{"line":53,"column":6},"end":{"line":53,"column":null}},"17":{"start":{"line":53,"column":47},"end":{"line":53,"column":null}},"18":{"start":{"line":55,"column":23},"end":{"line":55,"column":null}},"19":{"start":{"line":56,"column":6},"end":{"line":56,"column":null}},"20":{"start":{"line":57,"column":6},"end":{"line":57,"column":null}},"21":{"start":{"line":58,"column":6},"end":{"line":58,"column":null}},"22":{"start":{"line":60,"column":6},"end":{"line":60,"column":null}},"23":{"start":{"line":64,"column":8},"end":{"line":64,"column":null}},"24":{"start":{"line":65,"column":8},"end":{"line":65,"column":null}},"25":{"start":{"line":66,"column":8},"end":{"line":66,"column":null}},"26":{"start":{"line":67,"column":8},"end":{"line":67,"column":null}},"27":{"start":{"line":72,"column":27},"end":{"line":76,"column":null}},"28":{"start":{"line":73,"column":4},"end":{"line":75,"column":null}},"29":{"start":{"line":74,"column":6},"end":{"line":74,"column":null}},"30":{"start":{"line":78,"column":23},"end":{"line":81,"column":null}},"31":{"start":{"line":79,"column":4},"end":{"line":79,"column":null}},"32":{"start":{"line":80,"column":4},"end":{"line":80,"column":null}},"33":{"start":{"line":106,"column":22},"end":{"line":106,"column":51}},"34":{"start":{"line":117,"column":35},"end":{"line":117,"column":null}},"35":{"start":{"line":138,"column":10},"end":{"line":138,"column":null}},"36":{"start":{"line":151,"column":20},"end":{"line":152,"column":null}}},"fnMap":{"0":{"name":"EvidenceList","decl":{"start":{"line":44,"column":16},"end":{"line":44,"column":29}},"loc":{"start":{"line":44,"column":60},"end":{"line":182,"column":null}}},"1":{"name":"(anonymous_2)","decl":{"start":{"line":52,"column":4},"end":{"line":52,"column":null}},"loc":{"start":{"line":52,"column":4},"end":{"line":61,"column":null}}},"2":{"name":"(anonymous_3)","decl":{"start":{"line":63,"column":17},"end":{"line":63,"column":null}},"loc":{"start":{"line":63,"column":17},"end":{"line":68,"column":null}}},"3":{"name":"(anonymous_4)","decl":{"start":{"line":72,"column":27},"end":{"line":72,"column":28}},"loc":{"start":{"line":72,"column":28},"end":{"line":76,"column":null}}},"4":{"name":"(anonymous_5)","decl":{"start":{"line":78,"column":23},"end":{"line":78,"column":30}},"loc":{"start":{"line":78,"column":30},"end":{"line":81,"column":null}}},"5":{"name":"(anonymous_6)","decl":{"start":{"line":105,"column":34},"end":{"line":105,"column":35}},"loc":{"start":{"line":106,"column":22},"end":{"line":106,"column":51}}},"6":{"name":"(anonymous_7)","decl":{"start":{"line":117,"column":28},"end":{"line":117,"column":29}},"loc":{"start":{"line":117,"column":35},"end":{"line":117,"column":null}}},"7":{"name":"(anonymous_8)","decl":{"start":{"line":137,"column":22},"end":{"line":137,"column":23}},"loc":{"start":{"line":138,"column":10},"end":{"line":138,"column":null}}},"8":{"name":"(anonymous_9)","decl":{"start":{"line":150,"column":40},"end":{"line":150,"column":41}},"loc":{"start":{"line":151,"column":20},"end":{"line":152,"column":null}}}},"branchMap":{"0":{"loc":{"start":{"line":53,"column":6},"end":{"line":53,"column":null}},"type":"if","locations":[{"start":{"line":53,"column":6},"end":{"line":53,"column":null}}]},"1":{"loc":{"start":{"line":53,"column":10},"end":{"line":53,"column":47}},"type":"binary-expr","locations":[{"start":{"line":53,"column":10},"end":{"line":53,"column":19}},{"start":{"line":53,"column":19},"end":{"line":53,"column":39}},{"start":{"line":53,"column":39},"end":{"line":53,"column":47}}]},"2":{"loc":{"start":{"line":73,"column":4},"end":{"line":75,"column":null}},"type":"if","locations":[{"start":{"line":73,"column":4},"end":{"line":75,"column":null}}]},"3":{"loc":{"start":{"line":73,"column":8},"end":{"line":73,"column":43}},"type":"binary-expr","locations":[{"start":{"line":73,"column":8},"end":{"line":73,"column":22}},{"start":{"line":73,"column":26},"end":{"line":73,"column":43}}]},"4":{"loc":{"start":{"line":128,"column":24},"end":{"line":128,"column":87}},"type":"binary-expr","locations":[{"start":{"line":128,"column":24},"end":{"line":128,"column":33}},{"start":{"line":128,"column":33},"end":{"line":128,"column":53}},{"start":{"line":128,"column":53},"end":{"line":128,"column":63}},{"start":{"line":128,"column":63},"end":{"line":128,"column":87}}]},"5":{"loc":{"start":{"line":130,"column":15},"end":{"line":130,"column":null}},"type":"cond-expr","locations":[{"start":{"line":130,"column":42},"end":{"line":130,"column":59}},{"start":{"line":130,"column":59},"end":{"line":130,"column":null}}]},"6":{"loc":{"start":{"line":149,"column":16},"end":{"line":174,"column":17}},"type":"cond-expr","locations":[{"start":{"line":149,"column":16},"end":{"line":174,"column":17}}]}},"s":{"0":0,"1":0,"2":0,"3":0,"4":0,"5":0,"6":0,"7":0,"8":0,"9":0,"10":0,"11":0,"12":0,"13":0,"14":0,"15":0,"16":0,"17":0,"18":0,"19":0,"20":0,"21":0,"22":0,"23":0,"24":0,"25":0,"26":0,"27":0,"28":0,"29":0,"30":0,"31":0,"32":0,"33":0,"34":0,"35":0,"36":0},"f":{"0":0,"1":0,"2":0,"3":0,"4":0,"5":0,"6":0,"7":0,"8":0},"b":{"0":[0],"1":[0,0,0],"2":[0],"3":[0,0],"4":[0,0,0,0],"5":[0,0],"6":[0]}}
,"/Users/olutobi/CascadeProjects/compliance-guardian/src/app/assessments/[id]/page.tsx": {"path":"/Users/olutobi/CascadeProjects/compliance-guardian/src/app/assessments/[id]/page.tsx","statementMap":{"0":{"start":{"line":22,"column":24},"end":{"line":22,"column":null}},"1":{"start":{"line":3,"column":25},"end":{"line":3,"column":null}},"2":{"start":{"line":4,"column":26},"end":{"line":4,"column":null}},"3":{"start":{"line":5,"column":25},"end":{"line":5,"column":null}},"4":{"start":{"line":6,"column":55},"end":{"line":6,"column":null}},"5":{"start":{"line":14,"column":7},"end":{"line":14,"column":null}},"6":{"start":{"line":15,"column":22},"end":{"line":15,"column":null}},"7":{"start":{"line":16,"column":57},"end":{"line":16,"column":null}},"8":{"start":{"line":17,"column":25},"end":{"line":17,"column":null}},"9":{"start":{"line":18,"column":27},"end":{"line":18,"column":null}},"10":{"start":{"line":19,"column":29},"end":{"line":19,"column":null}},"11":{"start":{"line":20,"column":29},"end":{"line":20,"column":null}},"12":{"start":{"line":23,"column":17},"end":{"line":23,"column":null}},"13":{"start":{"line":24,"column":36},"end":{"line":24,"column":null}},"14":{"start":{"line":26,"column":42},"end":{"line":31,"column":null}},"15":{"start":{"line":28,"column":10},"end":{"line":28,"column":null}},"16":{"start":{"line":34,"column":2},"end":{"line":40,"column":null}},"17":{"start":{"line":42,"column":2},"end":{"line":48,"column":null}},"18":{"start":{"line":50,"column":24},"end":{"line":50,"column":null}},"19":{"start":{"line":51,"column":30},"end":{"line":53,"column":null}},"20":{"start":{"line":52,"column":11},"end":{"line":52,"column":null}},"21":{"start":{"line":54,"column":19},"end":{"line":54,"column":null}},"22":{"start":{"line":56,"column":23},"end":{"line":61,"column":null}},"23":{"start":{"line":123,"column":45},"end":{"line":123,"column":null}}},"fnMap":{"0":{"name":"AssessmentPage","decl":{"start":{"line":22,"column":24},"end":{"line":22,"column":null}},"loc":{"start":{"line":22,"column":24},"end":{"line":134,"column":null}}},"1":{"name":"(anonymous_2)","decl":{"start":{"line":28,"column":4},"end":{"line":28,"column":10}},"loc":{"start":{"line":28,"column":10},"end":{"line":28,"column":null}}},"2":{"name":"(anonymous_3)","decl":{"start":{"line":52,"column":4},"end":{"line":52,"column":5}},"loc":{"start":{"line":52,"column":11},"end":{"line":52,"column":null}}},"3":{"name":"(anonymous_4)","decl":{"start":{"line":123,"column":31},"end":{"line":123,"column":32}},"loc":{"start":{"line":123,"column":45},"end":{"line":123,"column":null}}}},"branchMap":{"0":{"loc":{"start":{"line":34,"column":2},"end":{"line":40,"column":null}},"type":"if","locations":[{"start":{"line":34,"column":2},"end":{"line":40,"column":null}}]},"1":{"loc":{"start":{"line":42,"column":2},"end":{"line":48,"column":null}},"type":"if","locations":[{"start":{"line":42,"column":2},"end":{"line":48,"column":null}}]},"2":{"loc":{"start":{"line":50,"column":24},"end":{"line":50,"column":null}},"type":"binary-expr","locations":[{"start":{"line":50,"column":24},"end":{"line":50,"column":55}},{"start":{"line":50,"column":55},"end":{"line":50,"column":null}}]},"3":{"loc":{"start":{"line":51,"column":30},"end":{"line":53,"column":null}},"type":"binary-expr","locations":[{"start":{"line":51,"column":30},"end":{"line":53,"column":14}},{"start":{"line":53,"column":14},"end":{"line":53,"column":null}}]},"4":{"loc":{"start":{"line":54,"column":19},"end":{"line":54,"column":null}},"type":"cond-expr","locations":[{"start":{"line":54,"column":39},"end":{"line":54,"column":85}},{"start":{"line":54,"column":85},"end":{"line":54,"column":null}}]},"5":{"loc":{"start":{"line":95,"column":19},"end":{"line":95,"column":null}},"type":"cond-expr","locations":[{"start":{"line":95,"column":41},"end":{"line":95,"column":75}},{"start":{"line":95,"column":75},"end":{"line":95,"column":null}}]}},"s":{"0":0,"1":0,"2":0,"3":0,"4":0,"5":0,"6":0,"7":0,"8":0,"9":0,"10":0,"11":0,"12":0,"13":0,"14":0,"15":0,"16":0,"17":0,"18":0,"19":0,"20":0,"21":0,"22":0,"23":0},"f":{"0":0,"1":0,"2":0,"3":0},"b":{"0":[0],"1":[0],"2":[0,0],"3":[0,0],"4":[0,0],"5":[0,0]}}
,"/Users/olutobi/CascadeProjects/compliance-guardian/src/app/auth/callback/route.ts": {"path":"/Users/olutobi/CascadeProjects/compliance-guardian/src/app/auth/callback/route.ts","statementMap":{"0":{"start":{"line":5,"column":22},"end":{"line":5,"column":26}},"1":{"start":{"line":1,"column":41},"end":{"line":1,"column":null}},"2":{"start":{"line":2,"column":24},"end":{"line":2,"column":null}},"3":{"start":{"line":6,"column":21},"end":{"line":6,"column":null}},"4":{"start":{"line":7,"column":15},"end":{"line":7,"column":null}},"5":{"start":{"line":9,"column":2},"end":{"line":12,"column":null}},"6":{"start":{"line":10,"column":21},"end":{"line":10,"column":null}},"7":{"start":{"line":11,"column":4},"end":{"line":11,"column":null}},"8":{"start":{"line":15,"column":2},"end":{"line":15,"column":null}}},"fnMap":{"0":{"name":"GET","decl":{"start":{"line":5,"column":22},"end":{"line":5,"column":26}},"loc":{"start":{"line":5,"column":42},"end":{"line":16,"column":null}}}},"branchMap":{"0":{"loc":{"start":{"line":9,"column":2},"end":{"line":12,"column":null}},"type":"if","locations":[{"start":{"line":9,"column":2},"end":{"line":12,"column":null}}]}},"s":{"0":0,"1":0,"2":0,"3":0,"4":0,"5":0,"6":0,"7":0,"8":0},"f":{"0":0},"b":{"0":[0]}}
,"/Users/olutobi/CascadeProjects/compliance-guardian/src/app/auth/reset-password/page.tsx": {"path":"/Users/olutobi/CascadeProjects/compliance-guardian/src/app/auth/reset-password/page.tsx","statementMap":{"0":{"start":{"line":7,"column":24},"end":{"line":7,"column":null}},"1":{"start":{"line":3,"column":25},"end":{"line":3,"column":null}},"2":{"start":{"line":4,"column":44},"end":{"line":4,"column":null}},"3":{"start":{"line":5,"column":17},"end":{"line":5,"column":null}},"4":{"start":{"line":8,"column":28},"end":{"line":8,"column":null}},"5":{"start":{"line":9,"column":28},"end":{"line":9,"column":null}},"6":{"start":{"line":10,"column":32},"end":{"line":10,"column":null}},"7":{"start":{"line":11,"column":32},"end":{"line":11,"column":null}},"8":{"start":{"line":12,"column":19},"end":{"line":12,"column":null}},"9":{"start":{"line":14,"column":30},"end":{"line":33,"column":null}},"10":{"start":{"line":15,"column":4},"end":{"line":15,"column":null}},"11":{"start":{"line":16,"column":4},"end":{"line":16,"column":null}},"12":{"start":{"line":17,"column":4},"end":{"line":17,"column":null}},"13":{"start":{"line":18,"column":4},"end":{"line":18,"column":null}},"14":{"start":{"line":20,"column":4},"end":{"line":32,"column":null}},"15":{"start":{"line":21,"column":24},"end":{"line":23,"column":null}},"16":{"start":{"line":25,"column":6},"end":{"line":25,"column":null}},"17":{"start":{"line":25,"column":17},"end":{"line":25,"column":null}},"18":{"start":{"line":27,"column":6},"end":{"line":27,"column":null}},"19":{"start":{"line":29,"column":6},"end":{"line":29,"column":null}},"20":{"start":{"line":31,"column":6},"end":{"line":31,"column":null}},"21":{"start":{"line":62,"column":31},"end":{"line":62,"column":null}}},"fnMap":{"0":{"name":"ResetPassword","decl":{"start":{"line":7,"column":24},"end":{"line":7,"column":null}},"loc":{"start":{"line":7,"column":24},"end":{"line":109,"column":null}}},"1":{"name":"(anonymous_3)","decl":{"start":{"line":14,"column":30},"end":{"line":14,"column":37}},"loc":{"start":{"line":14,"column":37},"end":{"line":33,"column":null}}},"2":{"name":"(anonymous_4)","decl":{"start":{"line":62,"column":24},"end":{"line":62,"column":25}},"loc":{"start":{"line":62,"column":31},"end":{"line":62,"column":null}}}},"branchMap":{"0":{"loc":{"start":{"line":25,"column":6},"end":{"line":25,"column":null}},"type":"if","locations":[{"start":{"line":25,"column":6},"end":{"line":25,"column":null}}]},"1":{"loc":{"start":{"line":67,"column":11},"end":{"line":67,"column":null}},"type":"binary-expr","locations":[{"start":{"line":67,"column":11},"end":{"line":67,"column":null}}]},"2":{"loc":{"start":{"line":77,"column":11},"end":{"line":77,"column":null}},"type":"binary-expr","locations":[{"start":{"line":77,"column":11},"end":{"line":77,"column":null}}]},"3":{"loc":{"start":{"line":93,"column":15},"end":{"line":93,"column":null}},"type":"cond-expr","locations":[{"start":{"line":93,"column":25},"end":{"line":93,"column":51}},{"start":{"line":93,"column":51},"end":{"line":93,"column":null}}]}},"s":{"0":0,"1":0,"2":0,"3":0,"4":0,"5":0,"6":0,"7":0,"8":0,"9":0,"10":0,"11":0,"12":0,"13":0,"14":0,"15":0,"16":0,"17":0,"18":0,"19":0,"20":0,"21":0},"f":{"0":0,"1":0,"2":0},"b":{"0":[0],"1":[0],"2":[0],"3":[0,0]}}
,"/Users/olutobi/CascadeProjects/compliance-guardian/src/app/auth/signin/page.tsx": {"path":"/Users/olutobi/CascadeProjects/compliance-guardian/src/app/auth/signin/page.tsx","statementMap":{"0":{"start":{"line":7,"column":24},"end":{"line":7,"column":null}},"1":{"start":{"line":3,"column":25},"end":{"line":3,"column":null}},"2":{"start":{"line":4,"column":17},"end":{"line":4,"column":null}},"3":{"start":{"line":5,"column":26},"end":{"line":5,"column":null}},"4":{"start":{"line":8,"column":28},"end":{"line":8,"column":null}},"5":{"start":{"line":9,"column":34},"end":{"line":9,"column":null}},"6":{"start":{"line":10,"column":17},"end":{"line":10,"column":null}},"7":{"start":{"line":12,"column":23},"end":{"line":17,"column":null}},"8":{"start":{"line":13,"column":4},"end":{"line":13,"column":null}},"9":{"start":{"line":16,"column":4},"end":{"line":16,"column":null}},"10":{"start":{"line":42,"column":35},"end":{"line":42,"column":null}},"11":{"start":{"line":60,"column":35},"end":{"line":60,"column":null}}},"fnMap":{"0":{"name":"SignIn","decl":{"start":{"line":7,"column":24},"end":{"line":7,"column":null}},"loc":{"start":{"line":7,"column":24},"end":{"line":125,"column":null}}},"1":{"name":"(anonymous_3)","decl":{"start":{"line":12,"column":23},"end":{"line":12,"column":30}},"loc":{"start":{"line":12,"column":30},"end":{"line":17,"column":null}}},"2":{"name":"(anonymous_4)","decl":{"start":{"line":42,"column":28},"end":{"line":42,"column":29}},"loc":{"start":{"line":42,"column":35},"end":{"line":42,"column":null}}},"3":{"name":"(anonymous_5)","decl":{"start":{"line":60,"column":28},"end":{"line":60,"column":29}},"loc":{"start":{"line":60,"column":35},"end":{"line":60,"column":null}}}},"branchMap":{},"s":{"0":0,"1":0,"2":0,"3":0,"4":0,"5":0,"6":0,"7":0,"8":0,"9":0,"10":0,"11":0},"f":{"0":0,"1":0,"2":0,"3":0},"b":{}}
,"/Users/olutobi/CascadeProjects/compliance-guardian/src/app/auth/signup/page.tsx": {"path":"/Users/olutobi/CascadeProjects/compliance-guardian/src/app/auth/signup/page.tsx","statementMap":{"0":{"start":{"line":8,"column":24},"end":{"line":8,"column":null}},"1":{"start":{"line":3,"column":25},"end":{"line":3,"column":null}},"2":{"start":{"line":4,"column":44},"end":{"line":4,"column":null}},"3":{"start":{"line":5,"column":26},"end":{"line":5,"column":null}},"4":{"start":{"line":6,"column":17},"end":{"line":6,"column":null}},"5":{"start":{"line":9,"column":28},"end":{"line":9,"column":null}},"6":{"start":{"line":10,"column":34},"end":{"line":10,"column":null}},"7":{"start":{"line":11,"column":28},"end":{"line":11,"column":null}},"8":{"start":{"line":12,"column":32},"end":{"line":12,"column":null}},"9":{"start":{"line":13,"column":32},"end":{"line":13,"column":null}},"10":{"start":{"line":14,"column":17},"end":{"line":14,"column":null}},"11":{"start":{"line":15,"column":19},"end":{"line":15,"column":null}},"12":{"start":{"line":17,"column":23},"end":{"line":40,"column":null}},"13":{"start":{"line":18,"column":4},"end":{"line":18,"column":null}},"14":{"start":{"line":19,"column":4},"end":{"line":19,"column":null}},"15":{"start":{"line":20,"column":4},"end":{"line":20,"column":null}},"16":{"start":{"line":21,"column":4},"end":{"line":21,"column":null}},"17":{"start":{"line":23,"column":4},"end":{"line":39,"column":null}},"18":{"start":{"line":24,"column":24},"end":{"line":30,"column":null}},"19":{"start":{"line":32,"column":6},"end":{"line":32,"column":null}},"20":{"start":{"line":32,"column":17},"end":{"line":32,"column":null}},"21":{"start":{"line":34,"column":6},"end":{"line":34,"column":null}},"22":{"start":{"line":36,"column":6},"end":{"line":36,"column":null}},"23":{"start":{"line":38,"column":6},"end":{"line":38,"column":null}},"24":{"start":{"line":66,"column":33},"end":{"line":66,"column":null}},"25":{"start":{"line":84,"column":33},"end":{"line":84,"column":null}}},"fnMap":{"0":{"name":"SignUp","decl":{"start":{"line":8,"column":24},"end":{"line":8,"column":null}},"loc":{"start":{"line":8,"column":24},"end":{"line":132,"column":null}}},"1":{"name":"(anonymous_3)","decl":{"start":{"line":17,"column":23},"end":{"line":17,"column":30}},"loc":{"start":{"line":17,"column":30},"end":{"line":40,"column":null}}},"2":{"name":"(anonymous_4)","decl":{"start":{"line":66,"column":26},"end":{"line":66,"column":27}},"loc":{"start":{"line":66,"column":33},"end":{"line":66,"column":null}}},"3":{"name":"(anonymous_5)","decl":{"start":{"line":84,"column":26},"end":{"line":84,"column":27}},"loc":{"start":{"line":84,"column":33},"end":{"line":84,"column":null}}}},"branchMap":{"0":{"loc":{"start":{"line":32,"column":6},"end":{"line":32,"column":null}},"type":"if","locations":[{"start":{"line":32,"column":6},"end":{"line":32,"column":null}}]},"1":{"loc":{"start":{"line":90,"column":11},"end":{"line":90,"column":null}},"type":"binary-expr","locations":[{"start":{"line":90,"column":11},"end":{"line":90,"column":null}}]},"2":{"loc":{"start":{"line":100,"column":11},"end":{"line":100,"column":null}},"type":"binary-expr","locations":[{"start":{"line":100,"column":11},"end":{"line":100,"column":null}}]},"3":{"loc":{"start":{"line":116,"column":15},"end":{"line":116,"column":null}},"type":"cond-expr","locations":[{"start":{"line":116,"column":25},"end":{"line":116,"column":49}},{"start":{"line":116,"column":49},"end":{"line":116,"column":null}}]}},"s":{"0":0,"1":0,"2":0,"3":0,"4":0,"5":0,"6":0,"7":0,"8":0,"9":0,"10":0,"11":0,"12":0,"13":0,"14":0,"15":0,"16":0,"17":0,"18":0,"19":0,"20":0,"21":0,"22":0,"23":0,"24":0,"25":0},"f":{"0":0,"1":0,"2":0,"3":0},"b":{"0":[0],"1":[0],"2":[0],"3":[0,0]}}
,"/Users/olutobi/CascadeProjects/compliance-guardian/src/app/dashboard/layout.tsx": {"path":"/Users/olutobi/CascadeProjects/compliance-guardian/src/app/dashboard/layout.tsx","statementMap":{"0":{"start":{"line":3,"column":24},"end":{"line":3,"column":40}}},"fnMap":{"0":{"name":"DashboardLayout","decl":{"start":{"line":3,"column":24},"end":{"line":3,"column":40}},"loc":{"start":{"line":7,"column":1},"end":{"line":13,"column":null}}}},"branchMap":{},"s":{"0":0},"f":{"0":0},"b":{}}
,"/Users/olutobi/CascadeProjects/compliance-guardian/src/app/dashboard/page.tsx": {"path":"/Users/olutobi/CascadeProjects/compliance-guardian/src/app/dashboard/page.tsx","statementMap":{"0":{"start":{"line":131,"column":24},"end":{"line":131,"column":null}},"1":{"start":{"line":3,"column":36},"end":{"line":3,"column":null}},"2":{"start":{"line":4,"column":44},"end":{"line":4,"column":null}},"3":{"start":{"line":5,"column":17},"end":{"line":5,"column":null}},"4":{"start":{"line":16,"column":7},"end":{"line":16,"column":null}},"5":{"start":{"line":17,"column":27},"end":{"line":17,"column":null}},"6":{"start":{"line":18,"column":34},"end":{"line":18,"column":null}},"7":{"start":{"line":19,"column":38},"end":{"line":19,"column":null}},"8":{"start":{"line":42,"column":17},"end":{"line":42,"column":null}},"9":{"start":{"line":43,"column":24},"end":{"line":43,"column":null}},"10":{"start":{"line":44,"column":17},"end":{"line":44,"column":null}},"11":{"start":{"line":79,"column":19},"end":{"line":79,"column":null}},"12":{"start":{"line":100,"column":15},"end":{"line":100,"column":null}},"13":{"start":{"line":101,"column":28},"end":{"line":101,"column":null}},"14":{"start":{"line":102,"column":24},"end":{"line":102,"column":null}},"15":{"start":{"line":103,"column":19},"end":{"line":103,"column":null}},"16":{"start":{"line":132,"column":26},"end":{"line":132,"column":null}},"17":{"start":{"line":133,"column":19},"end":{"line":133,"column":null}},"18":{"start":{"line":135,"column":2},"end":{"line":141,"column":null}},"19":{"start":{"line":136,"column":20},"end":{"line":139,"column":null}},"20":{"start":{"line":137,"column":33},"end":{"line":137,"column":null}},"21":{"start":{"line":138,"column":6},"end":{"line":138,"column":null}},"22":{"start":{"line":140,"column":4},"end":{"line":140,"column":null}},"23":{"start":{"line":143,"column":2},"end":{"line":149,"column":null}},"24":{"start":{"line":151,"column":21},"end":{"line":154,"column":null}},"25":{"start":{"line":151,"column":57},"end":{"line":154,"column":null}},"26":{"start":{"line":156,"column":24},"end":{"line":156,"column":null}},"27":{"start":{"line":156,"column":55},"end":{"line":156,"column":86}},"28":{"start":{"line":157,"column":28},"end":{"line":157,"column":null}},"29":{"start":{"line":157,"column":59},"end":{"line":157,"column":94}},"30":{"start":{"line":202,"column":14},"end":{"line":202,"column":50}}},"fnMap":{"0":{"name":"StatCard","decl":{"start":{"line":21,"column":9},"end":{"line":21,"column":18}},"loc":{"start":{"line":21,"column":65},"end":{"line":39,"column":null}}},"1":{"name":"ProgressCircle","decl":{"start":{"line":41,"column":9},"end":{"line":41,"column":24}},"loc":{"start":{"line":41,"column":52},"end":{"line":76,"column":null}}},"2":{"name":"ComplianceOverview","decl":{"start":{"line":78,"column":9},"end":{"line":78,"column":28}},"loc":{"start":{"line":78,"column":77},"end":{"line":97,"column":null}}},"3":{"name":"FrameworkCard","decl":{"start":{"line":99,"column":9},"end":{"line":99,"column":23}},"loc":{"start":{"line":99,"column":56},"end":{"line":129,"column":null}}},"4":{"name":"DashboardPage","decl":{"start":{"line":131,"column":24},"end":{"line":131,"column":null}},"loc":{"start":{"line":131,"column":24},"end":{"line":209,"column":null}}},"5":{"name":"(anonymous_7)","decl":{"start":{"line":135,"column":12},"end":{"line":135,"column":null}},"loc":{"start":{"line":135,"column":12},"end":{"line":141,"column":5}}},"6":{"name":"(anonymous_8)","decl":{"start":{"line":136,"column":20},"end":{"line":136,"column":null}},"loc":{"start":{"line":136,"column":20},"end":{"line":139,"column":null}}},"7":{"name":"(anonymous_9)","decl":{"start":{"line":151,"column":43},"end":{"line":151,"column":57}},"loc":{"start":{"line":151,"column":57},"end":{"line":154,"column":null}}},"8":{"name":"(anonymous_10)","decl":{"start":{"line":156,"column":42},"end":{"line":156,"column":43}},"loc":{"start":{"line":156,"column":55},"end":{"line":156,"column":86}}},"9":{"name":"(anonymous_11)","decl":{"start":{"line":157,"column":46},"end":{"line":157,"column":47}},"loc":{"start":{"line":157,"column":59},"end":{"line":157,"column":94}}},"10":{"name":"(anonymous_12)","decl":{"start":{"line":201,"column":40},"end":{"line":201,"column":41}},"loc":{"start":{"line":202,"column":14},"end":{"line":202,"column":50}}}},"branchMap":{"0":{"loc":{"start":{"line":21,"column":46},"end":{"line":21,"column":58}},"type":"default-arg","locations":[{"start":{"line":21,"column":54},"end":{"line":21,"column":58}}]},"1":{"loc":{"start":{"line":31,"column":7},"end":{"line":31,"column":null}},"type":"binary-expr","locations":[{"start":{"line":31,"column":7},"end":{"line":31,"column":null}}]},"2":{"loc":{"start":{"line":44,"column":35},"end":{"line":44,"column":49}},"type":"binary-expr","locations":[{"start":{"line":44,"column":35},"end":{"line":44,"column":44}},{"start":{"line":44,"column":44},"end":{"line":44,"column":49}}]},"3":{"loc":{"start":{"line":72,"column":9},"end":{"line":72,"column":20}},"type":"binary-expr","locations":[{"start":{"line":72,"column":9},"end":{"line":72,"column":18}},{"start":{"line":72,"column":18},"end":{"line":72,"column":20}}]},"4":{"loc":{"start":{"line":78,"column":30},"end":{"line":78,"column":51}},"type":"default-arg","locations":[{"start":{"line":78,"column":50},"end":{"line":78,"column":51}}]},"5":{"loc":{"start":{"line":78,"column":53},"end":{"line":78,"column":70}},"type":"default-arg","locations":[{"start":{"line":78,"column":69},"end":{"line":78,"column":70}}]},"6":{"loc":{"start":{"line":79,"column":19},"end":{"line":79,"column":null}},"type":"cond-expr","locations":[{"start":{"line":79,"column":39},"end":{"line":79,"column":95}},{"start":{"line":79,"column":95},"end":{"line":79,"column":null}}]},"7":{"loc":{"start":{"line":101,"column":28},"end":{"line":101,"column":null}},"type":"binary-expr","locations":[{"start":{"line":101,"column":28},"end":{"line":101,"column":55}},{"start":{"line":101,"column":59},"end":{"line":101,"column":null}}]},"8":{"loc":{"start":{"line":102,"column":24},"end":{"line":102,"column":null}},"type":"binary-expr","locations":[{"start":{"line":102,"column":24},"end":{"line":102,"column":47}},{"start":{"line":102,"column":51},"end":{"line":102,"column":null}}]},"9":{"loc":{"start":{"line":103,"column":19},"end":{"line":103,"column":null}},"type":"cond-expr","locations":[{"start":{"line":103,"column":39},"end":{"line":103,"column":95}},{"start":{"line":103,"column":95},"end":{"line":103,"column":null}}]},"10":{"loc":{"start":{"line":143,"column":2},"end":{"line":149,"column":null}},"type":"if","locations":[{"start":{"line":143,"column":2},"end":{"line":149,"column":null}}]},"11":{"loc":{"start":{"line":153,"column":51},"end":{"line":153,"column":null}},"type":"binary-expr","locations":[{"start":{"line":153,"column":51},"end":{"line":153,"column":74}},{"start":{"line":153,"column":78},"end":{"line":153,"column":null}}]},"12":{"loc":{"start":{"line":156,"column":62},"end":{"line":156,"column":86}},"type":"binary-expr","locations":[{"start":{"line":156,"column":62},"end":{"line":156,"column":78}},{"start":{"line":156,"column":82},"end":{"line":156,"column":86}}]},"13":{"loc":{"start":{"line":157,"column":66},"end":{"line":157,"column":94}},"type":"binary-expr","locations":[{"start":{"line":157,"column":66},"end":{"line":157,"column":86}},{"start":{"line":157,"column":90},"end":{"line":157,"column":94}}]}},"s":{"0":0,"1":0,"2":0,"3":0,"4":0,"5":0,"6":0,"7":0,"8":0,"9":0,"10":0,"11":0,"12":0,"13":0,"14":0,"15":0,"16":0,"17":0,"18":0,"19":0,"20":0,"21":0,"22":0,"23":0,"24":0,"25":0,"26":0,"27":0,"28":0,"29":0,"30":0},"f":{"0":0,"1":0,"2":0,"3":0,"4":0,"5":0,"6":0,"7":0,"8":0,"9":0,"10":0},"b":{"0":[0],"1":[0],"2":[0,0],"3":[0,0],"4":[0],"5":[0],"6":[0,0],"7":[0,0],"8":[0,0],"9":[0,0],"10":[0],"11":[0,0],"12":[0,0],"13":[0,0]}}
,"/Users/olutobi/CascadeProjects/compliance-guardian/src/app/frameworks/layout.tsx": {"path":"/Users/olutobi/CascadeProjects/compliance-guardian/src/app/frameworks/layout.tsx","statementMap":{"0":{"start":{"line":3,"column":24},"end":{"line":3,"column":40}}},"fnMap":{"0":{"name":"FrameworkLayout","decl":{"start":{"line":3,"column":24},"end":{"line":3,"column":40}},"loc":{"start":{"line":7,"column":1},"end":{"line":13,"column":null}}}},"branchMap":{},"s":{"0":0},"f":{"0":0},"b":{}}
,"/Users/olutobi/CascadeProjects/compliance-guardian/src/app/frameworks/page.tsx": {"path":"/Users/olutobi/CascadeProjects/compliance-guardian/src/app/frameworks/page.tsx","statementMap":{"0":{"start":{"line":134,"column":24},"end":{"line":134,"column":null}},"1":{"start":{"line":3,"column":33},"end":{"line":3,"column":null}},"2":{"start":{"line":4,"column":17},"end":{"line":4,"column":null}},"3":{"start":{"line":16,"column":7},"end":{"line":16,"column":null}},"4":{"start":{"line":17,"column":27},"end":{"line":17,"column":null}},"5":{"start":{"line":18,"column":34},"end":{"line":18,"column":null}},"6":{"start":{"line":19,"column":38},"end":{"line":19,"column":null}},"7":{"start":{"line":22,"column":23},"end":{"line":22,"column":null}},"8":{"start":{"line":44,"column":20},"end":{"line":44,"column":null}},"9":{"start":{"line":45,"column":17},"end":{"line":45,"column":null}},"10":{"start":{"line":46,"column":24},"end":{"line":46,"column":null}},"11":{"start":{"line":47,"column":17},"end":{"line":47,"column":null}},"12":{"start":{"line":82,"column":19},"end":{"line":82,"column":null}},"13":{"start":{"line":103,"column":15},"end":{"line":103,"column":null}},"14":{"start":{"line":104,"column":19},"end":{"line":106,"column":null}},"15":{"start":{"line":135,"column":30},"end":{"line":135,"column":null}},"16":{"start":{"line":137,"column":2},"end":{"line":143,"column":null}},"17":{"start":{"line":145,"column":21},"end":{"line":148,"column":null}},"18":{"start":{"line":145,"column":57},"end":{"line":148,"column":null}},"19":{"start":{"line":150,"column":24},"end":{"line":150,"column":null}},"20":{"start":{"line":150,"column":55},"end":{"line":150,"column":86}},"21":{"start":{"line":151,"column":28},"end":{"line":151,"column":null}},"22":{"start":{"line":151,"column":59},"end":{"line":151,"column":94}},"23":{"start":{"line":152,"column":25},"end":{"line":152,"column":null}},"24":{"start":{"line":152,"column":56},"end":{"line":152,"column":110}},"25":{"start":{"line":153,"column":26},"end":{"line":153,"column":null}},"26":{"start":{"line":153,"column":57},"end":{"line":153,"column":111}},"27":{"start":{"line":227,"column":16},"end":{"line":227,"column":52}}},"fnMap":{"0":{"name":"StatCard","decl":{"start":{"line":21,"column":9},"end":{"line":21,"column":18}},"loc":{"start":{"line":21,"column":65},"end":{"line":41,"column":null}}},"1":{"name":"ProgressCircle","decl":{"start":{"line":43,"column":9},"end":{"line":43,"column":24}},"loc":{"start":{"line":43,"column":52},"end":{"line":79,"column":null}}},"2":{"name":"ComplianceOverview","decl":{"start":{"line":81,"column":9},"end":{"line":81,"column":28}},"loc":{"start":{"line":81,"column":69},"end":{"line":100,"column":null}}},"3":{"name":"FrameworkCard","decl":{"start":{"line":102,"column":9},"end":{"line":102,"column":23}},"loc":{"start":{"line":102,"column":56},"end":{"line":132,"column":null}}},"4":{"name":"FrameworksPage","decl":{"start":{"line":134,"column":24},"end":{"line":134,"column":null}},"loc":{"start":{"line":134,"column":24},"end":{"line":235,"column":null}}},"5":{"name":"(anonymous_7)","decl":{"start":{"line":145,"column":43},"end":{"line":145,"column":57}},"loc":{"start":{"line":145,"column":57},"end":{"line":148,"column":null}}},"6":{"name":"(anonymous_8)","decl":{"start":{"line":150,"column":42},"end":{"line":150,"column":43}},"loc":{"start":{"line":150,"column":55},"end":{"line":150,"column":86}}},"7":{"name":"(anonymous_9)","decl":{"start":{"line":151,"column":46},"end":{"line":151,"column":47}},"loc":{"start":{"line":151,"column":59},"end":{"line":151,"column":94}}},"8":{"name":"(anonymous_10)","decl":{"start":{"line":152,"column":43},"end":{"line":152,"column":44}},"loc":{"start":{"line":152,"column":56},"end":{"line":152,"column":110}}},"9":{"name":"(anonymous_11)","decl":{"start":{"line":153,"column":44},"end":{"line":153,"column":45}},"loc":{"start":{"line":153,"column":57},"end":{"line":153,"column":111}}},"10":{"name":"(anonymous_12)","decl":{"start":{"line":199,"column":27},"end":{"line":199,"column":34}},"loc":{"start":{"line":199,"column":27},"end":{"line":199,"column":null}}},"11":{"name":"(anonymous_13)","decl":{"start":{"line":209,"column":27},"end":{"line":209,"column":34}},"loc":{"start":{"line":209,"column":27},"end":{"line":209,"column":null}}},"12":{"name":"(anonymous_14)","decl":{"start":{"line":226,"column":37},"end":{"line":226,"column":38}},"loc":{"start":{"line":227,"column":16},"end":{"line":227,"column":52}}}},"branchMap":{"0":{"loc":{"start":{"line":21,"column":46},"end":{"line":21,"column":58}},"type":"default-arg","locations":[{"start":{"line":21,"column":54},"end":{"line":21,"column":58}}]},"1":{"loc":{"start":{"line":22,"column":23},"end":{"line":22,"column":null}},"type":"cond-expr","locations":[{"start":{"line":22,"column":51},"end":{"line":22,"column":59}},{"start":{"line":22,"column":59},"end":{"line":22,"column":null}}]},"2":{"loc":{"start":{"line":22,"column":59},"end":{"line":22,"column":null}},"type":"binary-expr","locations":[{"start":{"line":22,"column":59},"end":{"line":22,"column":68}},{"start":{"line":22,"column":68},"end":{"line":22,"column":null}}]},"3":{"loc":{"start":{"line":33,"column":7},"end":{"line":33,"column":null}},"type":"binary-expr","locations":[{"start":{"line":33,"column":7},"end":{"line":33,"column":null}}]},"4":{"loc":{"start":{"line":44,"column":20},"end":{"line":44,"column":null}},"type":"cond-expr","locations":[{"start":{"line":44,"column":35},"end":{"line":44,"column":39}},{"start":{"line":44,"column":39},"end":{"line":44,"column":null}}]},"5":{"loc":{"start":{"line":82,"column":19},"end":{"line":82,"column":null}},"type":"cond-expr","locations":[{"start":{"line":82,"column":39},"end":{"line":82,"column":95}},{"start":{"line":82,"column":95},"end":{"line":82,"column":null}}]},"6":{"loc":{"start":{"line":104,"column":19},"end":{"line":106,"column":null}},"type":"cond-expr","locations":[{"start":{"line":105,"column":6},"end":{"line":105,"column":null}},{"start":{"line":106,"column":6},"end":{"line":106,"column":null}}]},"7":{"loc":{"start":{"line":127,"column":58},"end":{"line":127,"column":null}},"type":"binary-expr","locations":[{"start":{"line":127,"column":58},"end":{"line":127,"column":81}},{"start":{"line":127,"column":85},"end":{"line":127,"column":null}}]},"8":{"loc":{"start":{"line":137,"column":2},"end":{"line":143,"column":null}},"type":"if","locations":[{"start":{"line":137,"column":2},"end":{"line":143,"column":null}}]},"9":{"loc":{"start":{"line":147,"column":23},"end":{"line":147,"column":null}},"type":"cond-expr","locations":[{"start":{"line":147,"column":53},"end":{"line":147,"column":107}},{"start":{"line":147,"column":107},"end":{"line":147,"column":null}}]},"10":{"loc":{"start":{"line":150,"column":62},"end":{"line":150,"column":86}},"type":"binary-expr","locations":[{"start":{"line":150,"column":62},"end":{"line":150,"column":78}},{"start":{"line":150,"column":82},"end":{"line":150,"column":86}}]},"11":{"loc":{"start":{"line":151,"column":66},"end":{"line":151,"column":94}},"type":"binary-expr","locations":[{"start":{"line":151,"column":66},"end":{"line":151,"column":86}},{"start":{"line":151,"column":90},"end":{"line":151,"column":94}}]},"12":{"loc":{"start":{"line":152,"column":63},"end":{"line":152,"column":110}},"type":"binary-expr","locations":[{"start":{"line":152,"column":63},"end":{"line":152,"column":102}},{"start":{"line":152,"column":106},"end":{"line":152,"column":110}}]},"13":{"loc":{"start":{"line":153,"column":64},"end":{"line":153,"column":111}},"type":"binary-expr","locations":[{"start":{"line":153,"column":64},"end":{"line":153,"column":103}},{"start":{"line":153,"column":107},"end":{"line":153,"column":111}}]}},"s":{"0":0,"1":0,"2":0,"3":0,"4":0,"5":0,"6":0,"7":0,"8":0,"9":0,"10":0,"11":0,"12":0,"13":0,"14":0,"15":0,"16":0,"17":0,"18":0,"19":0,"20":0,"21":0,"22":0,"23":0,"24":0,"25":0,"26":0,"27":0},"f":{"0":0,"1":0,"2":0,"3":0,"4":0,"5":0,"6":0,"7":0,"8":0,"9":0,"10":0,"11":0,"12":0},"b":{"0":[0],"1":[0,0],"2":[0,0],"3":[0],"4":[0,0],"5":[0,0],"6":[0,0],"7":[0,0],"8":[0],"9":[0,0],"10":[0,0],"11":[0,0],"12":[0,0],"13":[0,0]}}
,"/Users/olutobi/CascadeProjects/compliance-guardian/src/app/frameworks/[slug]/page.tsx": {"path":"/Users/olutobi/CascadeProjects/compliance-guardian/src/app/frameworks/[slug]/page.tsx","statementMap":{"0":{"start":{"line":60,"column":24},"end":{"line":60,"column":null}},"1":{"start":{"line":3,"column":36},"end":{"line":3,"column":null}},"2":{"start":{"line":4,"column":37},"end":{"line":4,"column":null}},"3":{"start":{"line":5,"column":29},"end":{"line":5,"column":null}},"4":{"start":{"line":6,"column":24},"end":{"line":6,"column":null}},"5":{"start":{"line":7,"column":31},"end":{"line":7,"column":null}},"6":{"start":{"line":13,"column":7},"end":{"line":13,"column":null}},"7":{"start":{"line":15,"column":27},"end":{"line":15,"column":null}},"8":{"start":{"line":17,"column":70},"end":{"line":17,"column":null}},"9":{"start":{"line":31,"column":2},"end":{"line":34,"column":null}},"10":{"start":{"line":32,"column":24},"end":{"line":32,"column":83}},"11":{"start":{"line":33,"column":4},"end":{"line":33,"column":null}},"12":{"start":{"line":39,"column":2},"end":{"line":45,"column":null}},"13":{"start":{"line":40,"column":24},"end":{"line":40,"column":83}},"14":{"start":{"line":41,"column":4},"end":{"line":43,"column":null}},"15":{"start":{"line":42,"column":6},"end":{"line":42,"column":null}},"16":{"start":{"line":44,"column":4},"end":{"line":44,"column":null}},"17":{"start":{"line":50,"column":24},"end":{"line":50,"column":62}},"18":{"start":{"line":51,"column":2},"end":{"line":51,"column":null}},"19":{"start":{"line":51,"column":27},"end":{"line":51,"column":null}},"20":{"start":{"line":53,"column":28},"end":{"line":55,"column":10}},"21":{"start":{"line":54,"column":14},"end":{"line":54,"column":null}},"22":{"start":{"line":57,"column":2},"end":{"line":57,"column":null}},"23":{"start":{"line":61,"column":17},"end":{"line":61,"column":null}},"24":{"start":{"line":62,"column":19},"end":{"line":62,"column":null}},"25":{"start":{"line":63,"column":42},"end":{"line":63,"column":null}},"26":{"start":{"line":64,"column":54},"end":{"line":64,"column":null}},"27":{"start":{"line":65,"column":50},"end":{"line":65,"column":null}},"28":{"start":{"line":67,"column":24},"end":{"line":77,"column":null}},"29":{"start":{"line":68,"column":4},"end":{"line":76,"column":null}},"30":{"start":{"line":69,"column":21},"end":{"line":69,"column":null}},"31":{"start":{"line":70,"column":6},"end":{"line":74,"column":null}},"32":{"start":{"line":71,"column":8},"end":{"line":71,"column":null}},"33":{"start":{"line":73,"column":8},"end":{"line":73,"column":null}},"34":{"start":{"line":75,"column":6},"end":{"line":75,"column":null}},"35":{"start":{"line":79,"column":39},"end":{"line":88,"column":null}},"36":{"start":{"line":80,"column":4},"end":{"line":87,"column":null}},"37":{"start":{"line":80,"column":35},"end":{"line":87,"column":null}},"38":{"start":{"line":90,"column":41},"end":{"line":99,"column":null}},"39":{"start":{"line":91,"column":4},"end":{"line":98,"column":null}},"40":{"start":{"line":91,"column":35},"end":{"line":98,"column":null}},"41":{"start":{"line":101,"column":2},"end":{"line":107,"column":null}},"42":{"start":{"line":109,"column":2},"end":{"line":115,"column":null}},"43":{"start":{"line":117,"column":27},"end":{"line":117,"column":null}},"44":{"start":{"line":118,"column":31},"end":{"line":118,"column":null}},"45":{"start":{"line":125,"column":27},"end":{"line":125,"column":null}},"46":{"start":{"line":151,"column":31},"end":{"line":151,"column":null}},"47":{"start":{"line":158,"column":31},"end":{"line":158,"column":null}},"48":{"start":{"line":175,"column":33},"end":{"line":175,"column":null}},"49":{"start":{"line":204,"column":67},"end":{"line":204,"column":93}},"50":{"start":{"line":227,"column":79},"end":{"line":227,"column":116}},"51":{"start":{"line":233,"column":69},"end":{"line":233,"column":92}},"52":{"start":{"line":240,"column":79},"end":{"line":240,"column":105}},"53":{"start":{"line":268,"column":14},"end":{"line":269,"column":null}}},"fnMap":{"0":{"name":"countSubControls","decl":{"start":{"line":30,"column":9},"end":{"line":30,"column":26}},"loc":{"start":{"line":30,"column":45},"end":{"line":35,"column":null}}},"1":{"name":"(anonymous_3)","decl":{"start":{"line":31,"column":25},"end":{"line":31,"column":26}},"loc":{"start":{"line":31,"column":31},"end":{"line":34,"column":5}}},"2":{"name":"getAllSubControls","decl":{"start":{"line":38,"column":9},"end":{"line":38,"column":27}},"loc":{"start":{"line":38,"column":46},"end":{"line":46,"column":null}}},"3":{"name":"(anonymous_5)","decl":{"start":{"line":39,"column":25},"end":{"line":39,"column":26}},"loc":{"start":{"line":39,"column":42},"end":{"line":45,"column":5}}},"4":{"name":"calculateCompletionPercentage","decl":{"start":{"line":49,"column":9},"end":{"line":49,"column":39}},"loc":{"start":{"line":49,"column":75},"end":{"line":58,"column":null}}},"5":{"name":"(anonymous_7)","decl":{"start":{"line":54,"column":4},"end":{"line":54,"column":14}},"loc":{"start":{"line":54,"column":14},"end":{"line":54,"column":null}}},"6":{"name":"FrameworkPage","decl":{"start":{"line":60,"column":24},"end":{"line":60,"column":null}},"loc":{"start":{"line":60,"column":24},"end":{"line":281,"column":null}}},"7":{"name":"(anonymous_9)","decl":{"start":{"line":67,"column":24},"end":{"line":67,"column":25}},"loc":{"start":{"line":67,"column":25},"end":{"line":77,"column":null}}},"8":{"name":"(anonymous_10)","decl":{"start":{"line":68,"column":24},"end":{"line":68,"column":null}},"loc":{"start":{"line":68,"column":24},"end":{"line":76,"column":null}}},"9":{"name":"(anonymous_11)","decl":{"start":{"line":79,"column":39},"end":{"line":79,"column":40}},"loc":{"start":{"line":79,"column":59},"end":{"line":88,"column":null}}},"10":{"name":"(anonymous_12)","decl":{"start":{"line":80,"column":26},"end":{"line":80,"column":35}},"loc":{"start":{"line":80,"column":35},"end":{"line":87,"column":null}}},"11":{"name":"(anonymous_13)","decl":{"start":{"line":90,"column":41},"end":{"line":90,"column":42}},"loc":{"start":{"line":90,"column":61},"end":{"line":99,"column":null}}},"12":{"name":"(anonymous_14)","decl":{"start":{"line":91,"column":26},"end":{"line":91,"column":35}},"loc":{"start":{"line":91,"column":35},"end":{"line":98,"column":null}}},"13":{"name":"(anonymous_15)","decl":{"start":{"line":125,"column":21},"end":{"line":125,"column":27}},"loc":{"start":{"line":125,"column":27},"end":{"line":125,"column":null}}},"14":{"name":"(anonymous_16)","decl":{"start":{"line":151,"column":25},"end":{"line":151,"column":31}},"loc":{"start":{"line":151,"column":31},"end":{"line":151,"column":null}}},"15":{"name":"(anonymous_17)","decl":{"start":{"line":158,"column":25},"end":{"line":158,"column":31}},"loc":{"start":{"line":158,"column":31},"end":{"line":158,"column":null}}},"16":{"name":"(anonymous_18)","decl":{"start":{"line":175,"column":27},"end":{"line":175,"column":33}},"loc":{"start":{"line":175,"column":33},"end":{"line":175,"column":null}}},"17":{"name":"(anonymous_19)","decl":{"start":{"line":204,"column":62},"end":{"line":204,"column":67}},"loc":{"start":{"line":204,"column":67},"end":{"line":204,"column":93}}},"18":{"name":"(anonymous_20)","decl":{"start":{"line":227,"column":64},"end":{"line":227,"column":65}},"loc":{"start":{"line":227,"column":79},"end":{"line":227,"column":116}}},"19":{"name":"(anonymous_21)","decl":{"start":{"line":233,"column":64},"end":{"line":233,"column":69}},"loc":{"start":{"line":233,"column":69},"end":{"line":233,"column":92}}},"20":{"name":"(anonymous_22)","decl":{"start":{"line":240,"column":74},"end":{"line":240,"column":79}},"loc":{"start":{"line":240,"column":79},"end":{"line":240,"column":105}}},"21":{"name":"(anonymous_23)","decl":{"start":{"line":267,"column":36},"end":{"line":267,"column":37}},"loc":{"start":{"line":268,"column":14},"end":{"line":269,"column":null}}}},"branchMap":{"0":{"loc":{"start":{"line":32,"column":24},"end":{"line":32,"column":83}},"type":"binary-expr","locations":[{"start":{"line":32,"column":24},"end":{"line":32,"column":43}},{"start":{"line":32,"column":47},"end":{"line":32,"column":63}},{"start":{"line":32,"column":67},"end":{"line":32,"column":83}}]},"1":{"loc":{"start":{"line":33,"column":18},"end":{"line":33,"column":null}},"type":"cond-expr","locations":[{"start":{"line":33,"column":32},"end":{"line":33,"column":64}},{"start":{"line":33,"column":64},"end":{"line":33,"column":null}}]},"2":{"loc":{"start":{"line":40,"column":24},"end":{"line":40,"column":83}},"type":"binary-expr","locations":[{"start":{"line":40,"column":24},"end":{"line":40,"column":43}},{"start":{"line":40,"column":47},"end":{"line":40,"column":63}},{"start":{"line":40,"column":67},"end":{"line":40,"column":83}}]},"3":{"loc":{"start":{"line":41,"column":4},"end":{"line":43,"column":null}},"type":"if","locations":[{"start":{"line":41,"column":4},"end":{"line":43,"column":null}}]},"4":{"loc":{"start":{"line":51,"column":2},"end":{"line":51,"column":null}},"type":"if","locations":[{"start":{"line":51,"column":2},"end":{"line":51,"column":null}}]},"5":{"loc":{"start":{"line":70,"column":6},"end":{"line":74,"column":null}},"type":"if","locations":[{"start":{"line":70,"column":6},"end":{"line":74,"column":null}},{"start":{"line":72,"column":13},"end":{"line":74,"column":null}}]},"6":{"loc":{"start":{"line":84,"column":18},"end":{"line":84,"column":49}},"type":"binary-expr","locations":[{"start":{"line":84,"column":18},"end":{"line":84,"column":47}},{"start":{"line":84,"column":47},"end":{"line":84,"column":49}}]},"7":{"loc":{"start":{"line":94,"column":16},"end":{"line":94,"column":null}},"type":"binary-expr","locations":[{"start":{"line":94,"column":16},"end":{"line":94,"column":43}},{"start":{"line":94,"column":43},"end":{"line":94,"column":null}}]},"8":{"loc":{"start":{"line":101,"column":2},"end":{"line":107,"column":null}},"type":"if","locations":[{"start":{"line":101,"column":2},"end":{"line":107,"column":null}}]},"9":{"loc":{"start":{"line":109,"column":2},"end":{"line":115,"column":null}},"type":"if","locations":[{"start":{"line":109,"column":2},"end":{"line":115,"column":null}}]},"10":{"loc":{"start":{"line":109,"column":6},"end":{"line":109,"column":27}},"type":"binary-expr","locations":[{"start":{"line":109,"column":6},"end":{"line":109,"column":15}},{"start":{"line":109,"column":15},"end":{"line":109,"column":27}}]},"11":{"loc":{"start":{"line":227,"column":86},"end":{"line":227,"column":116}},"type":"binary-expr","locations":[{"start":{"line":227,"column":86},"end":{"line":227,"column":112}},{"start":{"line":227,"column":112},"end":{"line":227,"column":116}}]},"12":{"loc":{"start":{"line":240,"column":21},"end":{"line":241,"column":74}},"type":"binary-expr","locations":[{"start":{"line":240,"column":21},"end":{"line":241,"column":72}},{"start":{"line":241,"column":72},"end":{"line":241,"column":74}}]}},"s":{"0":0,"1":0,"2":0,"3":0,"4":0,"5":0,"6":0,"7":0,"8":0,"9":0,"10":0,"11":0,"12":0,"13":0,"14":0,"15":0,"16":0,"17":0,"18":0,"19":0,"20":0,"21":0,"22":0,"23":0,"24":0,"25":0,"26":0,"27":0,"28":0,"29":0,"30":0,"31":0,"32":0,"33":0,"34":0,"35":0,"36":0,"37":0,"38":0,"39":0,"40":0,"41":0,"42":0,"43":0,"44":0,"45":0,"46":0,"47":0,"48":0,"49":0,"50":0,"51":0,"52":0,"53":0},"f":{"0":0,"1":0,"2":0,"3":0,"4":0,"5":0,"6":0,"7":0,"8":0,"9":0,"10":0,"11":0,"12":0,"13":0,"14":0,"15":0,"16":0,"17":0,"18":0,"19":0,"20":0,"21":0},"b":{"0":[0,0,0],"1":[0,0],"2":[0,0,0],"3":[0],"4":[0],"5":[0,0],"6":[0,0],"7":[0,0],"8":[0],"9":[0],"10":[0,0],"11":[0,0],"12":[0,0]}}
,"/Users/olutobi/CascadeProjects/compliance-guardian/src/app/organizations/page.tsx": {"path":"/Users/olutobi/CascadeProjects/compliance-guardian/src/app/organizations/page.tsx","statementMap":{"0":{"start":{"line":11,"column":24},"end":{"line":11,"column":null}},"1":{"start":{"line":3,"column":36},"end":{"line":3,"column":null}},"2":{"start":{"line":4,"column":44},"end":{"line":4,"column":null}},"3":{"start":{"line":5,"column":36},"end":{"line":5,"column":null}},"4":{"start":{"line":6,"column":28},"end":{"line":6,"column":null}},"5":{"start":{"line":7,"column":27},"end":{"line":7,"column":null}},"6":{"start":{"line":8,"column":32},"end":{"line":8,"column":null}},"7":{"start":{"line":12,"column":44},"end":{"line":12,"column":null}},"8":{"start":{"line":13,"column":32},"end":{"line":13,"column":null}},"9":{"start":{"line":14,"column":42},"end":{"line":14,"column":null}},"10":{"start":{"line":15,"column":19},"end":{"line":15,"column":null}},"11":{"start":{"line":17,"column":29},"end":{"line":31,"column":null}},"12":{"start":{"line":18,"column":4},"end":{"line":30,"column":null}},"13":{"start":{"line":19,"column":30},"end":{"line":22,"column":null}},"14":{"start":{"line":24,"column":6},"end":{"line":24,"column":null}},"15":{"start":{"line":24,"column":17},"end":{"line":24,"column":null}},"16":{"start":{"line":25,"column":6},"end":{"line":25,"column":null}},"17":{"start":{"line":27,"column":6},"end":{"line":27,"column":null}},"18":{"start":{"line":29,"column":6},"end":{"line":29,"column":null}},"19":{"start":{"line":33,"column":2},"end":{"line":35,"column":null}},"20":{"start":{"line":34,"column":4},"end":{"line":34,"column":null}},"21":{"start":{"line":37,"column":23},"end":{"line":49,"column":null}},"22":{"start":{"line":38,"column":4},"end":{"line":48,"column":null}},"23":{"start":{"line":39,"column":24},"end":{"line":42,"column":null}},"24":{"start":{"line":44,"column":6},"end":{"line":44,"column":null}},"25":{"start":{"line":44,"column":17},"end":{"line":44,"column":null}},"26":{"start":{"line":45,"column":6},"end":{"line":45,"column":null}},"27":{"start":{"line":47,"column":6},"end":{"line":47,"column":null}},"28":{"start":{"line":64,"column":27},"end":{"line":64,"column":null}},"29":{"start":{"line":98,"column":20},"end":{"line":98,"column":37}},"30":{"start":{"line":111,"column":41},"end":{"line":111,"column":null}},"31":{"start":{"line":117,"column":41},"end":{"line":117,"column":null}},"32":{"start":{"line":140,"column":31},"end":{"line":140,"column":null}},"33":{"start":{"line":152,"column":23},"end":{"line":152,"column":null}}},"fnMap":{"0":{"name":"Organizations","decl":{"start":{"line":11,"column":24},"end":{"line":11,"column":null}},"loc":{"start":{"line":11,"column":24},"end":{"line":157,"column":null}}},"1":{"name":"(anonymous_3)","decl":{"start":{"line":17,"column":29},"end":{"line":17,"column":null}},"loc":{"start":{"line":17,"column":29},"end":{"line":31,"column":null}}},"2":{"name":"(anonymous_4)","decl":{"start":{"line":33,"column":12},"end":{"line":33,"column":null}},"loc":{"start":{"line":33,"column":12},"end":{"line":35,"column":5}}},"3":{"name":"(anonymous_5)","decl":{"start":{"line":37,"column":23},"end":{"line":37,"column":30}},"loc":{"start":{"line":37,"column":30},"end":{"line":49,"column":null}}},"4":{"name":"(anonymous_6)","decl":{"start":{"line":64,"column":21},"end":{"line":64,"column":27}},"loc":{"start":{"line":64,"column":27},"end":{"line":64,"column":null}}},"5":{"name":"(anonymous_7)","decl":{"start":{"line":97,"column":37},"end":{"line":97,"column":38}},"loc":{"start":{"line":98,"column":20},"end":{"line":98,"column":37}}},"6":{"name":"(anonymous_8)","decl":{"start":{"line":111,"column":35},"end":{"line":111,"column":41}},"loc":{"start":{"line":111,"column":41},"end":{"line":111,"column":null}}},"7":{"name":"(anonymous_9)","decl":{"start":{"line":117,"column":35},"end":{"line":117,"column":41}},"loc":{"start":{"line":117,"column":41},"end":{"line":117,"column":null}}},"8":{"name":"(anonymous_10)","decl":{"start":{"line":140,"column":25},"end":{"line":140,"column":31}},"loc":{"start":{"line":140,"column":31},"end":{"line":140,"column":null}}},"9":{"name":"(anonymous_11)","decl":{"start":{"line":152,"column":17},"end":{"line":152,"column":23}}
[...]
1,"column":null}},"1":{"start":{"line":2,"column":24},"end":{"line":2,"column":null}},"2":{"start":{"line":3,"column":22},"end":{"line":3,"column":null}},"3":{"start":{"line":7,"column":0},"end":{"line":7,"column":null}},"4":{"start":{"line":10,"column":20},"end":{"line":10,"column":56}},"5":{"start":{"line":11,"column":27},"end":{"line":11,"column":64}},"6":{"start":{"line":13,"column":0},"end":{"line":15,"column":null}},"7":{"start":{"line":14,"column":2},"end":{"line":14,"column":null}},"8":{"start":{"line":17,"column":0},"end":{"line":17,"column":null}},"9":{"start":{"line":19,"column":17},"end":{"line":24,"column":null}},"10":{"start":{"line":27,"column":2},"end":{"line":182,"column":null}},"11":{"start":{"line":29,"column":4},"end":{"line":29,"column":null}},"12":{"start":{"line":30,"column":38},"end":{"line":30,"column":null}},"13":{"start":{"line":31,"column":4},"end":{"line":34,"column":null}},"14":{"start":{"line":32,"column":6},"end":{"line":32,"column":null}},"15":{"start":{"line":33,"column":6},"end":{"line":33,"column":null}},"16":{"start":{"line":37,"column":4},"end":{"line":37,"column":null}},"17":{"start":{"line":38,"column":39},"end":{"line":38,"column":null}},"18":{"start":{"line":39,"column":4},"end":{"line":42,"column":null}},"19":{"start":{"line":40,"column":6},"end":{"line":40,"column":null}},"20":{"start":{"line":41,"column":6},"end":{"line":41,"column":null}},"21":{"start":{"line":45,"column":4},"end":{"line":45,"column":null}},"22":{"start":{"line":46,"column":4},"end":{"line":46,"column":null}},"23":{"start":{"line":47,"column":4},"end":{"line":47,"column":null}},"24":{"start":{"line":50,"column":4},"end":{"line":50,"column":null}},"25":{"start":{"line":51,"column":39},"end":{"line":61,"column":null}},"26":{"start":{"line":63,"column":4},"end":{"line":108,"column":null}},"27":{"start":{"line":65,"column":6},"end":{"line":67,"column":null}},"28":{"start":{"line":66,"column":8},"end":{"line":66,"column":null}},"29":{"start":{"line":70,"column":24},"end":{"line":102,"column":null}},"30":{"start":{"line":104,"column":6},"end":{"line":107,"column":null}},"31":{"start":{"line":105,"column":8},"end":{"line":105,"column":null}},"32":{"start":{"line":106,"column":8},"end":{"line":106,"column":null}},"33":{"start":{"line":111,"column":4},"end":{"line":111,"column":null}},"34":{"start":{"line":112,"column":37},"end":{"line":122,"column":null}},"35":{"start":{"line":124,"column":4},"end":{"line":172,"column":null}},"36":{"start":{"line":126,"column":6},"end":{"line":128,"column":null}},"37":{"start":{"line":127,"column":8},"end":{"line":127,"column":null}},"38":{"start":{"line":131,"column":24},"end":{"line":166,"column":null}},"39":{"start":{"line":168,"column":6},"end":{"line":171,"column":null}},"40":{"start":{"line":169,"column":8},"end":{"line":169,"column":null}},"41":{"start":{"line":170,"column":8},"end":{"line":170,"column":null}},"42":{"start":{"line":175,"column":4},"end":{"line":175,"column":null}},"43":{"start":{"line":176,"column":4},"end":{"line":176,"column":null}},"44":{"start":{"line":178,"column":4},"end":{"line":178,"column":null}},"45":{"start":{"line":180,"column":4},"end":{"line":180,"column":null}},"46":{"start":{"line":181,"column":4},"end":{"line":181,"column":null}},"47":{"start":{"line":185,"column":0},"end":{"line":185,"column":null}}},"fnMap":{"0":{"name":"setup","decl":{"start":{"line":26,"column":15},"end":{"line":26,"column":null}},"loc":{"start":{"line":26,"column":15},"end":{"line":183,"column":null}}}},"branchMap":{"0":{"loc":{"start":{"line":13,"column":0},"end":{"line":15,"column":null}},"type":"if","locations":[{"start":{"line":13,"column":0},"end":{"line":15,"column":null}}]},"1":{"loc":{"start":{"line":13,"column":4},"end":{"line":13,"column":41}},"type":"binary-expr","locations":[{"start":{"line":13,"column":4},"end":{"line":13,"column":20}},{"start":{"line":13,"column":20},"end":{"line":13,"column":41}}]},"2":{"loc":{"start":{"line":31,"column":4},"end":{"line":34,"column":null}},"type":"if","locations":[{"start":{"line":31,"column":4},"end":{"line":34,"column":null}}]},"3":{"loc":{"start":{"line":39,"column":4},"end":{"line":42,"column":null}},"type":"if","locations":[{"start":{"line":39,"column":4},"end":{"line":42,"column":null}}]},"4":{"loc":{"start":{"line":63,"column":4},"end":{"line":108,"column":null}},"type":"if","locations":[{"start":{"line":63,"column":4},"end":{"line":108,"column":null}}]},"5":{"loc":{"start":{"line":65,"column":6},"end":{"line":67,"column":null}},"type":"if","locations":[{"start":{"line":65,"column":6},"end":{"line":67,"column":null}}]},"6":{"loc":{"start":{"line":104,"column":6},"end":{"line":107,"column":null}},"type":"if","locations":[{"start":{"line":104,"column":6},"end":{"line":107,"column":null}}]},"7":{"loc":{"start":{"line":124,"column":4},"end":{"line":172,"column":null}},"type":"if","locations":[{"start":{"line":124,"column":4},"end":{"line":172,"column":null}}]},"8":{"loc":{"start":{"line":126,"column":6},"end":{"line":128,"column":null}},"type":"if","locations":[{"start":{"line":126,"column":6},"end":{"line":128,"column":null}}]},"9":{"loc":{"start":{"line":168,"column":6},"end":{"line":171,"column":null}},"type":"if","locations":[{"start":{"line":168,"column":6},"end":{"line":171,"column":null}}]}},"s":{"0":0,"1":0,"2":0,"3":0,"4":0,"5":0,"6":0,"7":0,"8":0,"9":0,"10":0,"11":0,"12":0,"13":0,"14":0,"15":0,"16":0,"17":0,"18":0,"19":0,"20":0,"21":0,"22":0,"23":0,"24":0,"25":0,"26":0,"27":0,"28":0,"29":0,"30":0,"31":0,"32":0,"33":0,"34":0,"35":0,"36":0,"37":0,"38":0,"39":0,"40":0,"41":0,"42":0,"43":0,"44":0,"45":0,"46":0,"47":0},"f":{"0":0},"b":{"0":[0],"1":[0,0],"2":[0],"3":[0],"4":[0],"5":[0],"6":[0],"7":[0],"8":[0],"9":[0]}}
,"/Users/olutobi/CascadeProjects/compliance-guardian/src/scripts/test-connection.ts": {"path":"/Users/olutobi/CascadeProjects/compliance-guardian/src/scripts/test-connection.ts","statementMap":{"0":{"start":{"line":1,"column":29},"end":{"line":1,"column":null}},"1":{"start":{"line":2,"column":24},"end":{"line":2,"column":null}},"2":{"start":{"line":3,"column":22},"end":{"line":3,"column":null}},"3":{"start":{"line":6,"column":0},"end":{"line":6,"column":null}},"4":{"start":{"line":9,"column":20},"end":{"line":9,"column":56}},"5":{"start":{"line":10,"column":31},"end":{"line":10,"column":68}},"6":{"start":{"line":12,"column":0},"end":{"line":14,"column":null}},"7":{"start":{"line":13,"column":2},"end":{"line":13,"column":null}},"8":{"start":{"line":16,"column":0},"end":{"line":16,"column":null}},"9":{"start":{"line":18,"column":17},"end":{"line":23,"column":null}},"10":{"start":{"line":26,"column":2},"end":{"line":47,"column":null}},"11":{"start":{"line":28,"column":35},"end":{"line":35,"column":null}},"12":{"start":{"line":37,"column":4},"end":{"line":40,"column":null}},"13":{"start":{"line":38,"column":6},"end":{"line":38,"column":null}},"14":{"start":{"line":39,"column":6},"end":{"line":39,"column":null}},"15":{"start":{"line":42,"column":4},"end":{"line":42,"column":null}},"16":{"start":{"line":45,"column":4},"end":{"line":45,"column":null}},"17":{"start":{"line":46,"column":4},"end":{"line":46,"column":null}},"18":{"start":{"line":50,"column":0},"end":{"line":50,"column":null}}},"fnMap":{"0":{"name":"testConnection","decl":{"start":{"line":25,"column":15},"end":{"line":25,"column":null}},"loc":{"start":{"line":25,"column":15},"end":{"line":48,"column":null}}}},"branchMap":{"0":{"loc":{"start":{"line":12,"column":0},"end":{"line":14,"column":null}},"type":"if","locations":[{"start":{"line":12,"column":0},"end":{"line":14,"column":null}}]},"1":{"loc":{"start":{"line":12,"column":4},"end":{"line":12,"column":45}},"type":"binary-expr","locations":[{"start":{"line":12,"column":4},"end":{"line":12,"column":20}},{"start":{"line":12,"column":20},"end":{"line":12,"column":45}}]},"2":{"loc":{"start":{"line":37,"column":4},"end":{"line":40,"column":null}},"type":"if","locations":[{"start":{"line":37,"column":4},"end":{"line":40,"column":null}}]}},"s":{"0":0,"1":0,"2":0,"3":0,"4":0,"5":0,"6":0,"7":0,"8":0,"9":0,"10":0,"11":0,"12":0,"13":0,"14":0,"15":0,"16":0,"17":0,"18":0},"f":{"0":0},"b":{"0":[0],"1":[0,0],"2":[0]}}
,"/Users/olutobi/CascadeProjects/compliance-guardian/src/utils/export.ts": {"path":"/Users/olutobi/CascadeProjects/compliance-guardian/src/utils/export.ts","statementMap":{"0":{"start":{"line":58,"column":16},"end":{"line":58,"column":29}},"1":{"start":{"line":46,"column":16},"end":{"line":46,"column":30}},"2":{"start":{"line":25,"column":16},"end":{"line":25,"column":38}},"3":{"start":{"line":31,"column":2},"end":{"line":43,"column":null}},"4":{"start":{"line":36,"column":49},"end":{"line":42,"column":null}},"5":{"start":{"line":47,"column":15},"end":{"line":47,"column":null}},"6":{"start":{"line":48,"column":14},"end":{"line":48,"column":null}},"7":{"start":{"line":49,"column":15},"end":{"line":49,"column":null}},"8":{"start":{"line":50,"column":2},"end":{"line":50,"column":null}},"9":{"start":{"line":51,"column":2},"end":{"line":51,"column":null}},"10":{"start":{"line":52,"column":2},"end":{"line":52,"column":null}},"11":{"start":{"line":53,"column":2},"end":{"line":53,"column":null}},"12":{"start":{"line":54,"column":2},"end":{"line":54,"column":null}},"13":{"start":{"line":55,"column":2},"end":{"line":55,"column":null}},"14":{"start":{"line":59,"column":18},"end":{"line":65,"column":null}},"15":{"start":{"line":67,"column":15},"end":{"line":73,"column":null}},"16":{"start":{"line":67,"column":44},"end":{"line":73,"column":null}},"17":{"start":{"line":75,"column":21},"end":{"line":82,"column":null}},"18":{"start":{"line":81,"column":23},"end":{"line":81,"column":null}},"19":{"start":{"line":84,"column":15},"end":{"line":84,"column":null}},"20":{"start":{"line":85,"column":14},"end":{"line":85,"column":null}},"21":{"start":{"line":86,"column":15},"end":{"line":86,"column":null}},"22":{"start":{"line":87,"column":2},"end":{"line":87,"column":null}},"23":{"start":{"line":88,"column":2},"end":{"line":88,"column":null}},"24":{"start":{"line":89,"column":2},"end":{"line":89,"column":null}},"25":{"start":{"line":90,"column":2},"end":{"line":90,"column":null}},"26":{"start":{"line":91,"column":2},"end":{"line":91,"column":null}},"27":{"start":{"line":92,"column":2},"end":{"line":92,"column":null}}},"fnMap":{"0":{"name":"generateProgressReport","decl":{"start":{"line":25,"column":16},"end":{"line":25,"column":38}},"loc":{"start":{"line":29,"column":36},"end":{"line":44,"column":null}}},"1":{"name":"(anonymous_5)","decl":{"start":{"line":36,"column":37},"end":{"line":36,"column":49}},"loc":{"start":{"line":36,"column":49},"end":{"line":42,"column":null}}},"2":{"name":"downloadAsJson","decl":{"start":{"line":46,"column":16},"end":{"line":46,"column":30}},"loc":{"start":{"line":46,"column":58},"end":{"line":56,"column":null}}},"3":{"name":"downloadAsCsv","decl":{"start":{"line":58,"column":16},"end":{"line":58,"column":29}},"loc":{"start":{"line":58,"column":50},"end":{"line":93,"column":null}}},"4":{"name":"(anonymous_8)","decl":{"start":{"line":67,"column":33},"end":{"line":67,"column":44}},"loc":{"start":{"line":67,"column":44},"end":{"line":73,"column":null}}},"5":{"name":"(anonymous_9)","decl":{"start":{"line":81,"column":16},"end":{"line":81,"column":23}},"loc":{"start":{"line":81,"column":23},"end":{"line":81,"column":null}}}},"branchMap":{"0":{"loc":{"start":{"line":39,"column":14},"end":{"line":39,"column":null}},"type":"binary-expr","locations":[{"start":{"line":39,"column":14},"end":{"line":39,"column":34}},{"start":{"line":39,"column":38},"end":{"line":39,"column":null}}]},"1":{"loc":{"start":{"line":40,"column":16},"end":{"line":40,"column":42}},"type":"binary-expr","locations":[{"start":{"line":40,"column":16},"end":{"line":40,"column":36}},{"start":{"line":40,"column":40},"end":{"line":40,"column":42}}]},"2":{"loc":{"start":{"line":72,"column":4},"end":{"line":72,"column":null}},"type":"binary-expr","locations":[{"start":{"line":72,"column":4},"end":{"line":72,"column":23}},{"start":{"line":72,"column":27},"end":{"line":72,"column":null}}]}},"s":{"0":0,"1":0,"2":0,"3":0,"4":0,"5":0,"6":0,"7":0,"8":0,"9":0,"10":0,"11":0,"12":0,"13":0,"14":0,"15":0,"16":0,"17":0,"18":0,"19":0,"20":0,"21":0,"22":0,"23":0,"24":0,"25":0,"26":0,"27":0},"f":{"0":0,"1":0,"2":0,"3":0,"4":0,"5":0},"b":{"0":[0,0],"1":[0,0],"2":[0,0]}}
,"/Users/olutobi/CascadeProjects/compliance-guardian/src/utils/framework-utils.ts": {"path":"/Users/olutobi/CascadeProjects/compliance-guardian/src/utils/framework-utils.ts","statementMap":{"0":{"start":{"line":1,"column":16},"end":{"line":1,"column":38}},"1":{"start":{"line":2,"column":2},"end":{"line":5,"column":null}}},"fnMap":{"0":{"name":"generateFrameworkSlug","decl":{"start":{"line":1,"column":16},"end":{"line":1,"column":38}},"loc":{"start":{"line":1,"column":50},"end":{"line":6,"column":null}}}},"branchMap":{},"s":{"0":0,"1":0},"f":{"0":0},"b":{}}
,"/Users/olutobi/CascadeProjects/compliance-guardian/src/utils/security.ts": {"path":"/Users/olutobi/CascadeProjects/compliance-guardian/src/utils/security.ts","statementMap":{"0":{"start":{"line":70,"column":13},"end":{"line":70,"column":24}},"1":{"start":{"line":52,"column":13},"end":{"line":52,"column":32}},"2":{"start":{"line":108,"column":13},"end":{"line":108,"column":30}},"3":{"start":{"line":10,"column":13},"end":{"line":10,"column":23}},"4":{"start":{"line":22,"column":13},"end":{"line":22,"column":26}},"5":{"start":{"line":61,"column":13},"end":{"line":61,"column":30}},"6":{"start":{"line":36,"column":13},"end":{"line":36,"column":29}},"7":{"start":{"line":10,"column":26},"end":{"line":17,"column":null}},"8":{"start":{"line":11,"column":18},"end":{"line":11,"column":null}},"9":{"start":{"line":12,"column":15},"end":{"line":12,"column":null}},"10":{"start":{"line":13,"column":21},"end":{"line":13,"column":null}},"11":{"start":{"line":14,"column":2},"end":{"line":16,"column":null}},"12":{"start":{"line":15,"column":14},"end":{"line":15,"column":null}},"13":{"start":{"line":22,"column":29},"end":{"line":31,"column":null}},"14":{"start":{"line":23,"column":2},"end":{"line":30,"column":null}},"15":{"start":{"line":36,"column":32},"end":{"line":47,"column":null}},"16":{"start":{"line":37,"column":2},"end":{"line":39,"column":null}},"17":{"start":{"line":38,"column":4},"end":{"line":38,"column":null}},"18":{"start":{"line":41,"column":2},"end":{"line":43,"column":null}},"19":{"start":{"line":42,"column":4},"end":{"line":42,"column":null}},"20":{"start":{"line":45,"column":20},"end":{"line":45,"column":null}},"21":{"start":{"line":46,"column":2},"end":{"line":46,"column":null}},"22":{"start":{"line":52,"column":35},"end":{"line":56,"column":null}},"23":{"start":{"line":53,"column":16},"end":{"line":53,"column":null}},"24":{"start":{"line":54,"column":2},"end":{"line":54,"column":null}},"25":{"start":{"line":55,"column":2},"end":{"line":55,"column":null}},"26":{"start":{"line":55,"column":35},"end":{"line":55,"column":71}},"27":{"start":{"line":61,"column":33},"end":{"line":65,"column":null}},"28":{"start":{"line":63,"column":27},"end":{"line":63,"column":null}},"29":{"start":{"line":64,"column":2},"end":{"line":64,"column":null}},"30":{"start":{"line":71,"column":10},"end":{"line":71,"column":null}},"31":{"start":{"line":76,"column":4},"end":{"line":76,"column":null}},"32":{"start":{"line":77,"column":4},"end":{"line":77,"column":null}},"33":{"start":{"line":81,"column":16},"end":{"line":81,"column":null}},"34":{"start":{"line":82,"column":20},"end":{"line":82,"column":null}},"35":{"start":{"line":84,"column":4},"end":{"line":87,"column":null}},"36":{"start":{"line":85,"column":6},"end":{"line":85,"column":null}},"37":{"start":{"line":86,"column":6},"end":{"line":86,"column":null}},"38":{"start":{"line":89,"column":4},"end":{"line":92,"column":null}},"39":{"start":{"line":90,"column":6},"end":{"line":90,"column":null}},"40":{"start":{"line":91,"column":6},"end":{"line":91,"column":null}},"41":{"start":{"line":94,"column":4},"end":{"line":96,"column":null}},"42":{"start":{"line":95,"column":6},"end":{"line":95,"column":null}},"43":{"start":{"line":98,"column":4},"end":{"line":98,"column":null}},"44":{"start":{"line":99,"column":4},"end":{"line":99,"column":null}},"45":{"start":{"line":103,"column":4},"end":{"line":103,"column":null}},"46":{"start":{"line":108,"column":33},"end":{"line":108,"column":null}}},"fnMap":{"0":{"name":"(anonymous_8)","decl":{"start":{"line":10,"column":26},"end":{"line":10,"column":33}},"loc":{"start":{"line":10,"column":33},"end":{"line":17,"column":null}}},"1":{"name":"(anonymous_9)","decl":{"start":{"line":15,"column":9},"end":{"line":15,"column":14}},"loc":{"start":{"line":15,"column":14},"end":{"line":15,"column":null}}},"2":{"name":"(anonymous_10)","decl":{"start":{"line":22,"column":29},"end":{"line":22,"column":30}},"loc":{"start":{"line":22,"column":30},"end":{"line":31,"column":null}}},"3":{"name":"(anonymous_11)","decl":{"start":{"line":36,"column":32},"end":{"line":36,"column":33}},"loc":{"start":{"line":36,"column":33},"end":{"line":47,"column":null}}},"4":{"name":"(anonymous_12)","decl":{"start":{"line":52,"column":35},"end":{"line":52,"column":36}},"loc":{"start":{"line":52,"column":55},"end":{"line":56,"column":null}}},"5":{"name":"(anonymous_13)","decl":{"start":{"line":55,"column":27},"end":{"line":55,"column":35}},"loc":{"start":{"line":55,"column":35},"end":{"line":55,"column":71}}},"6":{"name":"(anonymous_14)","decl":{"start":{"line":61,"column":33},"end":{"line":61,"column":34}},"loc":{"start":{"line":61,"column":34},"end":{"line":65,"column":null}}},"7":{"name":"(anonymous_15)","decl":{"start":{"line":75,"column":2},"end":{"line":75,"column":14}},"loc":{"start":{"line":75,"column":67},"end":{"line":78,"column":null}}},"8":{"name":"(anonymous_16)","decl":{"start":{"line":80,"column":2},"end":{"line":80,"column":16}},"loc":{"start":{"line":80,"column":38},"end":{"line":100,"column":null}}},"9":{"name":"(anonymous_17)","decl":{"start":{"line":102,"column":2},"end":{"line":102,"column":8}},"loc":{"start":{"line":102,"column":27},"end":{"line":104,"column":null}}}},"branchMap":{"0":{"loc":{"start":{"line":37,"column":2},"end":{"line":39,"column":null}},"type":"if","locations":[{"start":{"line":37,"column":2},"end":{"line":39,"column":null}}]},"1":{"loc":{"start":{"line":41,"column":2},"end":{"line":43,"column":null}},"type":"if","locations":[{"start":{"line":41,"column":2},"end":{"line":43,"column":null}}]},"2":{"loc":{"start":{"line":52,"column":36},"end":{"line":52,"column":55}},"type":"default-arg","locations":[{"start":{"line":52,"column":53},"end":{"line":52,"column":55}}]},"3":{"loc":{"start":{"line":75,"column":14},"end":{"line":75,"column":37}},"type":"default-arg","locations":[{"start":{"line":75,"column":36},"end":{"line":75,"column":37}}]},"4":{"loc":{"start":{"line":75,"column":39},"end":{"line":75,"column":65}},"type":"default-arg","locations":[{"start":{"line":75,"column":60},"end":{"line":75,"column":65}}]},"5":{"loc":{"start":{"line":84,"column":4},"end":{"line":87,"column":null}},"type":"if","locations":[{"start":{"line":84,"column":4},"end":{"line":87,"column":null}}]},"6":{"loc":{"start":{"line":89,"column":4},"end":{"line":92,"column":null}},"type":"if","locations":[{"start":{"line":89,"column":4},"end":{"line":92,"column":null}}]},"7":{"loc":{"start":{"line":94,"column":4},"end":{"line":96,"column":null}},"type":"if","locations":[{"start":{"line":94,"column":4},"end":{"line":96,"column":null}}]}},"s":{"0":4,"1":3,"2":0,"3":4,"4":5,"5":7,"6":4,"7":1,"8":4,"9":4,"10":4,"11":4,"12":128,"13":1,"14":7,"15":1,"16":4,"17":1,"18":3,"19":1,"20":2,"21":2,"22":1,"23":3,"24":3,"25":3,"26":80,"27":1,"28":7,"29":7,"30":5,"31":5,"32":5,"33":12,"34":12,"35":12,"36":6,"37":6,"38":6,"39":0,"40":0,"41":6,"42":2,"43":4,"44":4,"45":1,"46":1},"f":{"0":4,"1":128,"2":7,"3":4,"4":3,"5":80,"6":7,"7":5,"8":12,"9":1},"b":{"0":[1],"1":[1],"2":[2],"3":[1],"4":[1],"5":[6],"6":[0],"7":[2]}}
}
