TN:
SF:src/middleware.ts
FN:5,middleware
FNF:1
FNH:0
FNDA:0,middleware
DA:1,0
DA:5,0
DA:6,0
DA:7,0
DA:10,0
DA:13,0
DA:14,0
DA:15,0
DA:17,0
DA:21,0
DA:22,0
DA:25,0
DA:28,0
LF:13
LH:0
BRDA:13,0,0,0
BRDA:14,1,0,0
BRDA:21,2,0,0
BRDA:21,3,0,0
BRDA:21,3,1,0
BRF:5
BRH:0
end_of_record
TN:
SF:src/app/error.tsx
FN:5,Error
FN:12,(anonymous_2)
FNF:2
FNH:0
FNDA:0,Error
FNDA:0,(anonymous_2)
DA:3,0
DA:5,0
DA:12,0
DA:14,0
LF:4
LH:0
BRDA:22,0,0,0
BRDA:22,0,1,0
BRF:2
BRH:0
end_of_record
TN:
SF:src/app/global-error.tsx
FN:3,GlobalError
FN:22,(anonymous_2)
FNF:2
FNH:0
FNDA:0,GlobalError
FNDA:0,(anonymous_2)
DA:3,0
DA:22,0
LF:2
LH:0
BRDA:19,0,0,0
BRDA:19,0,1,0
BRF:2
BRH:0
end_of_record
TN:
SF:src/app/layout.tsx
FN:13,RootLayout
FNF:1
FNH:0
FNDA:0,RootLayout
DA:1,0
DA:2,0
DA:3,0
DA:4,0
DA:6,0
DA:8,0
DA:13,0
LF:7
LH:0
BRF:0
BRH:0
end_of_record
TN:
SF:src/app/loading.tsx
FN:1,Loading
FNF:1
FNH:0
FNDA:0,Loading
DA:1,0
LF:1
LH:0
BRF:0
BRH:0
end_of_record
TN:
SF:src/app/page.tsx
FN:10,Home
FN:14,(anonymous_3)
FN:92,(anonymous_4)
FN:106,(anonymous_5)
FN:129,(anonymous_6)
FNF:5
FNH:0
FNDA:0,Home
FNDA:0,(anonymous_3)
FNDA:0,(anonymous_4)
FNDA:0,(anonymous_5)
FNDA:0,(anonymous_6)
DA:3,0
DA:4,0
DA:5,0
DA:6,0
DA:7,0
DA:8,0
DA:10,0
DA:11,0
DA:12,0
DA:14,0
DA:15,0
DA:16,0
DA:93,0
DA:107,0
DA:130,0
LF:15
LH:0
BRDA:15,0,0,0
BRF:1
BRH:0
end_of_record
TN:
SF:src/app/providers.tsx
FN:7,Providers
FN:9,(anonymous_2)
FNF:2
FNH:0
FNDA:0,Providers
FNDA:0,(anonymous_2)
DA:3,0
DA:4,0
DA:5,0
DA:7,0
DA:8,0
DA:10,0
LF:6
LH:0
BRF:0
BRH:0
end_of_record
TN:
SF:src/app/(auth)/sign-in/page.tsx
FN:3,SignInPage
FNF:1
FNH:0
FNDA:0,SignInPage
DA:1,0
DA:3,0
LF:2
LH:0
BRF:0
BRH:0
end_of_record
TN:
SF:src/app/(auth)/sign-up/page.tsx
FN:3,SignUpPage
FNF:1
FNH:0
FNDA:0,SignUpPage
DA:1,0
DA:3,0
LF:2
LH:0
BRF:0
BRH:0
end_of_record
TN:
SF:src/app/(dashboard)/layout.tsx
FN:9,DashboardLayout
FN:18,(anonymous_3)
FN:19,(anonymous_4)
FNF:3
FNH:0
FNDA:0,DashboardLayout
FNDA:0,(anonymous_3)
FNDA:0,(anonymous_4)
DA:3,0
DA:4,0
DA:5,0
DA:6,0
DA:7,0
DA:9,0
DA:14,0
DA:15,0
DA:16,0
DA:18,0
DA:19,0
DA:20,0
DA:21,0
DA:22,0
DA:23,0
DA:26,0
DA:27,0
DA:29,0
DA:32,0
DA:35,0
LF:20
LH:0
BRDA:22,0,0,0
BRDA:35,1,0,0
BRF:2
BRH:0
end_of_record
TN:
SF:src/app/assessments/create-dialog.tsx
FN:46,CreateAssessmentDialog
FN:61,(anonymous_2)
FN:72,onSubmit
FN:146,(anonymous_7)
FN:216,(anonymous_11)
FNF:5
FNH:0
FNDA:0,CreateAssessmentDialog
FNDA:0,(anonymous_2)
FNDA:0,onSubmit
FNDA:0,(anonymous_7)
FNDA:0,(anonymous_11)
DA:3,0
DA:4,0
DA:5,0
DA:6,0
DA:7,0
DA:8,0
DA:9,0
DA:10,0
DA:11,0
DA:12,0
DA:19,0
DA:20,0
DA:21,0
DA:22,0
DA:25,0
DA:26,0
DA:28,0
DA:30,0
DA:46,0
DA:47,0
DA:48,0
DA:49,0
DA:51,0
DA:59,0
DA:62,0
DA:67,0
DA:68,0
DA:73,0
DA:74,0
DA:75,0
DA:76,0
DA:78,0
DA:82,0
DA:83,0
DA:84,0
DA:86,0
DA:89,0
DA:147,0
DA:216,0
LF:39
LH:0
BRDA:67,0,0,0
BRDA:76,1,0,0
BRDA:222,2,0,0
BRDA:222,2,1,0
BRF:4
BRH:0
end_of_record
TN:
SF:src/app/assessments/page.tsx
FN:21,AssessmentsPage
FN:40,(anonymous_2)
FN:63,(anonymous_3)
FN:67,(anonymous_4)
FNF:4
FNH:0
FNDA:0,AssessmentsPage
FNDA:0,(anonymous_2)
FNDA:0,(anonymous_3)
FNDA:0,(anonymous_4)
DA:3,0
DA:4,0
DA:5,0
DA:6,0
DA:7,0
DA:15,0
DA:16,0
DA:17,0
DA:18,0
DA:19,0
DA:21,0
DA:22,0
DA:23,0
DA:24,0
DA:29,0
DA:40,0
DA:64,0
DA:67,0
LF:18
LH:0
BRDA:47,0,0,0
BRDA:79,1,0,0
BRDA:79,1,1,0
BRF:3
BRH:0
end_of_record
TN:
SF:src/app/assessments/[id]/controls-list.tsx
FN:58,ControlsList
FN:70,(anonymous_2)
FN:82,(anonymous_3)
FN:92,(anonymous_4)
FN:112,(anonymous_5)
FN:124,(anonymous_6)
FN:147,(anonymous_7)
FN:153,(anonymous_8)
FN:160,(anonymous_9)
FN:169,(anonymous_10)
FN:177,(anonymous_11)
FN:200,(anonymous_12)
FNF:12
FNH:0
FNDA:0,ControlsList
FNDA:0,(anonymous_2)
FNDA:0,(anonymous_3)
FNDA:0,(anonymous_4)
FNDA:0,(anonymous_5)
FNDA:0,(anonymous_6)
FNDA:0,(anonymous_7)
FNDA:0,(anonymous_8)
FNDA:0,(anonymous_9)
FNDA:0,(anonymous_10)
FNDA:0,(anonymous_11)
FNDA:0,(anonymous_12)
DA:3,0
DA:11,0
DA:12,0
DA:19,0
DA:26,0
DA:27,0
DA:28,0
DA:29,0
DA:30,0
DA:58,0
DA:59,0
DA:60,0
DA:62,0
DA:70,0
DA:71,0
DA:72,0
DA:77,0
DA:82,0
DA:83,0
DA:84,0
DA:85,0
DA:87,0
DA:92,0
DA:93,0
DA:94,0
DA:113,0
DA:124,0
DA:147,0
DA:153,0
DA:160,0
DA:169,0
DA:178,0
DA:200,0
LF:33
LH:0
BRDA:74,0,0,0
BRDA:74,0,1,0
BRDA:94,1,0,0
BRDA:94,1,1,0
BRDA:144,2,0,0
BRDA:171,3,0,0
BRDA:171,3,1,0
BRF:7
BRH:0
end_of_record
TN:
SF:src/app/assessments/[id]/evidence-list.tsx
FN:44,EvidenceList
FN:52,(anonymous_2)
FN:63,(anonymous_3)
FN:72,(anonymous_4)
FN:78,(anonymous_5)
FN:105,(anonymous_6)
FN:117,(anonymous_7)
FN:137,(anonymous_8)
FN:150,(anonymous_9)
FNF:9
FNH:0
FNDA:0,EvidenceList
FNDA:0,(anonymous_2)
FNDA:0,(anonymous_3)
FNDA:0,(anonymous_4)
FNDA:0,(anonymous_5)
FNDA:0,(anonymous_6)
FNDA:0,(anonymous_7)
FNDA:0,(anonymous_8)
FNDA:0,(anonymous_9)
DA:3,0
DA:4,0
DA:5,0
DA:12,0
DA:13,0
DA:14,0
DA:21,0
DA:22,0
DA:23,0
DA:44,0
DA:45,0
DA:46,0
DA:47,0
DA:48,0
DA:49,0
DA:51,0
DA:53,0
DA:55,0
DA:56,0
DA:57,0
DA:58,0
DA:60,0
DA:64,0
DA:65,0
DA:66,0
DA:67,0
DA:72,0
DA:73,0
DA:74,0
DA:78,0
DA:79,0
DA:80,0
DA:106,0
DA:117,0
DA:138,0
DA:151,0
LF:36
LH:0
BRDA:53,0,0,0
BRDA:53,1,0,0
BRDA:53,1,1,0
BRDA:53,1,2,0
BRDA:73,2,0,0
BRDA:73,3,0,0
BRDA:73,3,1,0
BRDA:128,4,0,0
BRDA:128,4,1,0
BRDA:128,4,2,0
BRDA:128,4,3,0
BRDA:130,5,0,0
BRDA:130,5,1,0
BRDA:149,6,0,0
BRF:14
BRH:0
end_of_record
TN:
SF:src/app/assessments/[id]/page.tsx
FN:22,AssessmentPage
FN:28,(anonymous_2)
FN:52,(anonymous_3)
FN:123,(anonymous_4)
FNF:4
FNH:0
FNDA:0,AssessmentPage
FNDA:0,(anonymous_2)
FNDA:0,(anonymous_3)
FNDA:0,(anonymous_4)
DA:3,0
DA:4,0
DA:5,0
DA:6,0
DA:14,0
DA:15,0
DA:16,0
DA:17,0
DA:18,0
DA:19,0
DA:20,0
DA:22,0
DA:23,0
DA:24,0
DA:26,0
DA:28,0
DA:34,0
DA:42,0
DA:50,0
DA:51,0
DA:52,0
DA:54,0
DA:56,0
DA:123,0
LF:24
LH:0
BRDA:34,0,0,0
BRDA:42,1,0,0
BRDA:50,2,0,0
BRDA:50,2,1,0
BRDA:51,3,0,0
BRDA:51,3,1,0
BRDA:54,4,0,0
BRDA:54,4,1,0
BRDA:95,5,0,0
BRDA:95,5,1,0
BRF:10
BRH:0
end_of_record
TN:
SF:src/app/auth/callback/route.ts
FN:5,GET
FNF:1
FNH:0
FNDA:0,GET
DA:1,0
DA:2,0
DA:5,0
DA:6,0
DA:7,0
DA:9,0
DA:10,0
DA:11,0
DA:15,0
LF:9
LH:0
BRDA:9,0,0,0
BRF:1
BRH:0
end_of_record
TN:
SF:src/app/auth/reset-password/page.tsx
FN:7,ResetPassword
FN:14,(anonymous_3)
FN:62,(anonymous_4)
FNF:3
FNH:0
FNDA:0,ResetPassword
FNDA:0,(anonymous_3)
FNDA:0,(anonymous_4)
DA:3,0
DA:4,0
DA:5,0
DA:7,0
DA:8,0
DA:9,0
DA:10,0
DA:11,0
DA:12,0
DA:14,0
DA:15,0
DA:16,0
DA:17,0
DA:18,0
DA:20,0
DA:21,0
DA:25,0
DA:27,0
DA:29,0
DA:31,0
DA:62,0
LF:21
LH:0
BRDA:25,0,0,0
BRDA:67,1,0,0
BRDA:77,2,0,0
BRDA:93,3,0,0
BRDA:93,3,1,0
BRF:5
BRH:0
end_of_record
TN:
SF:src/app/auth/signin/page.tsx
FN:7,SignIn
FN:12,(anonymous_3)
FN:42,(anonymous_4)
FN:60,(anonymous_5)
FNF:4
FNH:0
FNDA:0,SignIn
FNDA:0,(anonymous_3)
FNDA:0,(anonymous_4)
FNDA:0,(anonymous_5)
DA:3,0
DA:4,0
DA:5,0
DA:7,0
DA:8,0
DA:9,0
DA:10,0
DA:12,0
DA:13,0
DA:16,0
DA:42,0
DA:60,0
LF:12
LH:0
BRF:0
BRH:0
end_of_record
TN:
SF:src/app/auth/signup/page.tsx
FN:8,SignUp
FN:17,(anonymous_3)
FN:66,(anonymous_4)
FN:84,(anonymous_5)
FNF:4
FNH:0
FNDA:0,SignUp
FNDA:0,(anonymous_3)
FNDA:0,(anonymous_4)
FNDA:0,(anonymous_5)
DA:3,0
DA:4,0
DA:5,0
DA:6,0
DA:8,0
DA:9,0
DA:10,0
DA:11,0
DA:12,0
DA:13,0
DA:14,0
DA:15,0
DA:17,0
DA:18,0
DA:19,0
DA:20,0
DA:21,0
DA:23,0
DA:24,0
DA:32,0
DA:34,0
DA:36,0
DA:38,0
DA:66,0
DA:84,0
LF:25
LH:0
BRDA:32,0,0,0
BRDA:90,1,0,0
BRDA:100,2,0,0
BRDA:116,3,0,0
BRDA:116,3,1,0
BRF:5
BRH:0
end_of_record
TN:
SF:src/app/dashboard/layout.tsx
FN:3,DashboardLayout
FNF:1
FNH:0
FNDA:0,DashboardLayout
DA:3,0
LF:1
LH:0
BRF:0
BRH:0
end_of_record
TN:
SF:src/app/dashboard/page.tsx
FN:21,StatCard
FN:41,ProgressCircle
FN:78,ComplianceOverview
FN:99,FrameworkCard
FN:131,DashboardPage
FN:135,(anonymous_7)
FN:136,(anonymous_8)
FN:151,(anonymous_9)
FN:156,(anonymous_10)
FN:157,(anonymous_11)
FN:201,(anonymous_12)
FNF:11
FNH:0
FNDA:0,StatCard
FNDA:0,ProgressCircle
FNDA:0,ComplianceOverview
FNDA:0,FrameworkCard
FNDA:0,DashboardPage
FNDA:0,(anonymous_7)
FNDA:0,(anonymous_8)
FNDA:0,(anonymous_9)
FNDA:0,(anonymous_10)
FNDA:0,(anonymous_11)
FNDA:0,(anonymous_12)
DA:3,0
DA:4,0
DA:5,0
DA:16,0
DA:17,0
DA:18,0
DA:19,0
DA:42,0
DA:43,0
DA:44,0
DA:79,0
DA:100,0
DA:101,0
DA:102,0
DA:103,0
DA:131,0
DA:132,0
DA:133,0
DA:135,0
DA:136,0
DA:137,0
DA:138,0
DA:140,0
DA:143,0
DA:151,0
DA:156,0
DA:157,0
DA:202,0
LF:28
LH:0
BRDA:21,0,0,0
BRDA:31,1,0,0
BRDA:44,2,0,0
BRDA:44,2,1,0
BRDA:72,3,0,0
BRDA:72,3,1,0
BRDA:78,4,0,0
BRDA:78,5,0,0
BRDA:79,6,0,0
BRDA:79,6,1,0
BRDA:101,7,0,0
BRDA:101,7,1,0
BRDA:102,8,0,0
BRDA:102,8,1,0
BRDA:103,9,0,0
BRDA:103,9,1,0
BRDA:143,10,0,0
BRDA:153,11,0,0
BRDA:153,11,1,0
BRDA:156,12,0,0
BRDA:156,12,1,0
BRDA:157,13,0,0
BRDA:157,13,1,0
BRF:23
BRH:0
end_of_record
TN:
SF:src/app/frameworks/layout.tsx
FN:3,FrameworkLayout
FNF:1
FNH:0
FNDA:0,FrameworkLayout
DA:3,0
LF:1
LH:0
BRF:0
BRH:0
end_of_record
TN:
SF:src/app/frameworks/page.tsx
FN:21,StatCard
FN:43,ProgressCircle
FN:81,ComplianceOverview
FN:102,FrameworkCard
FN:134,FrameworksPage
FN:145,(anonymous_7)
FN:150,(anonymous_8)
FN:151,(anonymous_9)
FN:152,(anonymous_10)
FN:153,(anonymous_11)
FN:199,(anonymous_12)
FN:209,(anonymous_13)
FN:226,(anonymous_14)
FNF:13
FNH:0
FNDA:0,StatCard
FNDA:0,ProgressCircle
FNDA:0,ComplianceOverview
FNDA:0,FrameworkCard
FNDA:0,FrameworksPage
FNDA:0,(anonymous_7)
FNDA:0,(anonymous_8)
FNDA:0,(anonymous_9)
FNDA:0,(anonymous_10)
FNDA:0,(anonymous_11)
FNDA:0,(anonymous_12)
FNDA:0,(anonymous_13)
FNDA:0,(anonymous_14)
DA:3,0
DA:4,0
DA:16,0
DA:17,0
DA:18,0
DA:19,0
DA:22,0
DA:44,0
DA:45,0
DA:46,0
DA:47,0
DA:82,0
DA:103,0
DA:104,0
DA:134,0
DA:135,0
DA:137,0
DA:145,0
DA:150,0
DA:151,0
DA:152,0
DA:153,0
DA:227,0
LF:23
LH:0
BRDA:21,0,0,0
BRDA:22,1,0,0
BRDA:22,1,1,0
BRDA:22,2,0,0
BRDA:22,2,1,0
BRDA:33,3,0,0
BRDA:44,4,0,0
BRDA:44,4,1,0
BRDA:82,5,0,0
BRDA:82,5,1,0
BRDA:104,6,0,0
BRDA:104,6,1,0
BRDA:127,7,0,0
BRDA:127,7,1,0
BRDA:137,8,0,0
BRDA:147,9,0,0
BRDA:147,9,1,0
BRDA:150,10,0,0
BRDA:150,10,1,0
BRDA:151,11,0,0
BRDA:151,11,1,0
BRDA:152,12,0,0
BRDA:152,12,1,0
BRDA:153,13,0,0
BRDA:153,13,1,0
BRF:25
BRH:0
end_of_record
TN:
SF:src/app/frameworks/[slug]/page.tsx
FN:30,countSubControls
FN:31,(anonymous_3)
FN:38,getAllSubControls
FN:39,(anonymous_5)
FN:49,calculateCompletionPercentage
FN:54,(anonymous_7)
FN:60,FrameworkPage
FN:67,(anonymous_9)
FN:68,(anonymous_10)
FN:79,(anonymous_11)
FN:80,(anonymous_12)
FN:90,(anonymous_13)
FN:91,(anonymous_14)
FN:125,(anonymous_15)
FN:151,(anonymous_16)
FN:158,(anonymous_17)
FN:175,(anonymous_18)
FN:204,(anonymous_19)
FN:227,(anonymous_20)
FN:233,(anonymous_21)
FN:240,(anonymous_22)
FN:267,(anonymous_23)
FNF:22
FNH:0
FNDA:0,countSubControls
FNDA:0,(anonymous_3)
FNDA:0,getAllSubControls
FNDA:0,(anonymous_5)
FNDA:0,calculateCompletionPercentage
FNDA:0,(anonymous_7)
FNDA:0,FrameworkPage
FNDA:0,(anonymous_9)
FNDA:0,(anonymous_10)
FNDA:0,(anonymous_11)
FNDA:0,(anonymous_12)
FNDA:0,(anonymous_13)
FNDA:0,(anonymous_14)
FNDA:0,(anonymous_15)
FNDA:0,(anonymous_16)
FNDA:0,(anonymous_17)
FNDA:0,(anonymous_18)
FNDA:0,(anonymous_19)
FNDA:0,(anonymous_20)
FNDA:0,(anonymous_21)
FNDA:0,(anonymous_22)
FNDA:0,(anonymous_23)
DA:3,0
DA:4,0
DA:5,0
DA:6,0
DA:7,0
DA:13,0
DA:15,0
DA:17,0
DA:31,0
DA:32,0
DA:33,0
DA:39,0
DA:40,0
DA:41,0
DA:42,0
DA:44,0
DA:50,0
DA:51,0
DA:53,0
DA:54,0
DA:57,0
DA:60,0
DA:61,0
DA:62,0
DA:63,0
DA:64,0
DA:65,0
DA:67,0
DA:68,0
DA:69,0
DA:70,0
DA:71,0
DA:73,0
DA:75,0
DA:79,0
DA:80,0
DA:90,0
DA:91,0
DA:101,0
DA:109,0
DA:117,0
DA:118,0
DA:125,0
DA:151,0
DA:158,0
DA:175,0
DA:204,0
DA:227,0
DA:233,0
DA:240,0
DA:268,0
LF:51
LH:0
BRDA:32,0,0,0
BRDA:32,0,1,0
BRDA:32,0,2,0
BRDA:33,1,0,0
BRDA:33,1,1,0
BRDA:40,2,0,0
BRDA:40,2,1,0
BRDA:40,2,2,0
BRDA:41,3,0,0
BRDA:51,4,0,0
BRDA:70,5,0,0
BRDA:70,5,1,0
BRDA:84,6,0,0
BRDA:84,6,1,0
BRDA:94,7,0,0
BRDA:94,7,1,0
BRDA:101,8,0,0
BRDA:109,9,0,0
BRDA:109,10,0,0
BRDA:109,10,1,0
BRDA:227,11,0,0
BRDA:227,11,1,0
BRDA:240,12,0,0
BRDA:240,12,1,0
BRF:24
BRH:0
end_of_record
TN:
SF:src/app/organizations/page.tsx
FN:11,Organizations
FN:17,(anonymous_3)
FN:33,(anonymous_4)
FN:37,(anonymous_5)
FN:64,(anonymous_6)
FN:97,(anonymous_7)
FN:111,(anonymous_8)
FN:117,(anonymous_9)
FN:140,(anonymous_10)
FN:152,(anonymous_11)
FNF:10
FNH:0
FNDA:0,Organizations
FNDA:0,(anonymous_3)
FNDA:0,(anonymous_4)
FNDA:0,(anonymous_5)
FNDA:0,(anonymous_6)
FNDA:0,(anonymous_7)
FNDA:0,(anonymous_8)
FNDA:0,(anonymous_9)
FNDA:0,(anonymous_10)
FNDA:0,(anonymous_11)
DA:3,0
DA:4,0
DA:5,0
DA:6,0
DA:7,0
DA:8,0
DA:11,0
DA:12,0
DA:13,0
DA:14,0
DA:15,0
DA:17,0
DA:18,0
DA:19,0
DA:24,0
DA:25,0
DA:27,0
DA:29,0
DA:33,0
DA:34,0
DA:37,0
DA:38,0
DA:39,0
DA:44,0
DA:45,0
DA:47,0
DA:64,0
DA:98,0
DA:111,0
DA:117,0
DA:140,0
DA:152,0
LF:32
LH:0
BRDA:24,0,0,0
BRDA:25,1,0,0
BRDA:25,1,1,0
BRDA:44,2,0,0
BRDA:74,3,0,0
BRDA:78,4,0,0
BRF:6
BRH:0
end_of_record
TN:
SF:src/app/security/page.tsx
FN:9,SecurityPage
FNF:1
FNH:0
FNDA:0,SecurityPage
DA:1,0
DA:4,0
DA:9,0
LF:3
LH:0
BRF:0
BRH:0
end_of_record
TN:
SF:src/app/test/page.tsx
FN:1,TestPage
FNF:1
FNH:0
FNDA:0,TestPage
DA:1,0
LF:1
LH:0
BRF:0
BRH:0
end_of_record
TN:
SF:src/app/users/page.tsx
FN:8,Users
FN:22,(anonymous_3)
FN:33,(anonymous_4)
FN:34,(anonymous_5)
FNF:4
FNH:0
FNDA:0,Users
FNDA:0,(anonymous_3)
FNDA:0,(anonymous_4)
FNDA:0,(anonymous_5)
DA:3,0
DA:4,0
DA:5,0
DA:6,0
DA:8,0
DA:9,0
DA:22,0
DA:33,0
DA:35,0
LF:9
LH:0
BRDA:31,0,0,0
BRF:1
BRH:0
end_of_record
TN:
SF:src/components/Providers.tsx
FN:5,Providers
FNF:1
FNH:0
FNDA:0,Providers
DA:3,0
DA:5,0
LF:2
LH:0
BRF:0
BRH:0
end_of_record
TN:
SF:src/components/common/ErrorAlert.tsx
FN:6,ErrorAlert
FNF:1
FNH:0
FNDA:0,ErrorAlert
DA:6,0
LF:1
LH:0
BRF:0
BRH:0
end_of_record
TN:
SF:src/components/common/ErrorBoundary.tsx
FN:16,(anonymous_1)
FN:21,(anonymous_2)
FN:25,(anonymous_3)
FN:29,(anonymous_4)
FN:67,(anonymous_5)
FN:95,(anonymous_6)
FNF:6
FNH:0
FNDA:0,(anonymous_1)
FNDA:0,(anonymous_2)
FNDA:0,(anonymous_3)
FNDA:0,(anonymous_4)
FNDA:0,(anonymous_5)
FNDA:0,(anonymous_6)
DA:3,0
DA:4,0
DA:15,0
DA:17,0
DA:18,0
DA:22,0
DA:26,0
DA:30,0
DA:32,0
DA:33,0
DA:41,0
DA:42,0
DA:50,0
DA:51,0
DA:59,0
DA:68,0
DA:69,0
DA:95,0
DA:109,0
LF:19
LH:0
BRDA:30,0,0,0
BRDA:30,0,1,0
BRDA:32,1,0,0
BRDA:41,2,0,0
BRDA:41,3,0,0
BRDA:41,3,1,0
BRDA:50,4,0,0
BRDA:68,5,0,0
BRDA:88,6,0,0
BRF:9
BRH:0
end_of_record
TN:
SF:src/components/common/LoadingSpinner.tsx
FN:1,LoadingSpinner
FNF:1
FNH:0
FNDA:0,LoadingSpinner
DA:1,0
LF:1
LH:0
BRF:0
BRH:0
end_of_record
TN:
SF:src/components/common/LoadingState.tsx
FN:5,LoadingState
FNF:1
FNH:0
FNDA:0,LoadingState
DA:5,0
LF:1
LH:0
BRDA:5,0,0,0
BRF:1
BRH:0
end_of_record
TN:
SF:src/components/common/Logo.tsx
FN:1,Logo
FNF:1
FNH:0
FNDA:0,Logo
DA:1,0
LF:1
LH:0
BRDA:1,0,0,0
BRDA:1,1,0,0
BRF:2
BRH:0
end_of_record
TN:
SF:src/components/common/PageIndex.tsx
FN:15,PageIndex
FN:19,(anonymous_2)
FN:20,(anonymous_3)
FN:25,(anonymous_4)
FN:30,(anonymous_5)
FN:44,(anonymous_6)
FN:47,(anonymous_7)
FN:63,(anonymous_8)
FN:73,(anonymous_9)
FN:76,(anonymous_10)
FNF:10
FNH:0
FNDA:0,PageIndex
FNDA:0,(anonymous_2)
FNDA:0,(anonymous_3)
FNDA:0,(anonymous_4)
FNDA:0,(anonymous_5)
FNDA:0,(anonymous_6)
FNDA:0,(anonymous_7)
FNDA:0,(anonymous_8)
FNDA:0,(anonymous_9)
FNDA:0,(anonymous_10)
DA:3,0
DA:4,0
DA:15,0
DA:16,0
DA:17,0
DA:19,0
DA:20,0
DA:22,0
DA:25,0
DA:30,0
DA:31,0
DA:32,0
DA:33,0
DA:36,0
DA:37,0
DA:41,0
DA:42,0
DA:44,0
DA:47,0
DA:48,0
DA:49,0
DA:50,0
DA:51,0
DA:52,0
DA:53,0
DA:54,0
DA:56,0
DA:63,0
DA:64,0
DA:74,0
DA:76,0
LF:31
LH:0
BRDA:31,0,0,0
BRDA:33,1,0,0
BRDA:33,1,1,0
BRDA:36,2,0,0
BRDA:49,3,0,0
BRDA:78,4,0,0
BRDA:78,4,1,0
BRDA:88,5,0,0
BRDA:88,5,1,0
BRDA:97,6,0,0
BRF:10
BRH:0
end_of_record
TN:
SF:src/components/common/SkeletonLoader.tsx
FN:5,SkeletonLoader
FN:15,FrameworkSkeleton
FN:26,(anonymous_6)
FN:42,AssessmentSkeleton
FN:53,(anonymous_8)
FNF:5
FNH:0
FNDA:0,SkeletonLoader
FNDA:0,FrameworkSkeleton
FNDA:0,(anonymous_6)
FNDA:0,AssessmentSkeleton
FNDA:0,(anonymous_8)
DA:5,0
DA:15,0
DA:27,0
DA:42,0
DA:54,0
LF:5
LH:0
BRDA:5,0,0,0
BRF:1
BRH:0
end_of_record
TN:
SF:src/components/dashboard/CriticalIssues.tsx
FN:10,CriticalIssues
FNF:1
FNH:0
FNDA:0,CriticalIssues
DA:3,0
DA:10,0
DA:11,0
DA:12,0
LF:4
LH:0
BRDA:12,0,0,0
BRDA:12,0,1,0
BRDA:12,1,0,0
BRDA:12,1,1,0
BRDA:20,2,0,0
BRDA:20,2,1,0
BRDA:21,3,0,0
BRDA:21,3,1,0
BRDA:31,4,0,0
BRDA:31,4,1,0
BRDA:32,5,0,0
BRDA:32,5,1,0
BRDA:46,6,0,0
BRDA:50,7,0,0
BRDA:50,7,1,0
BRF:15
BRH:0
end_of_record
TN:
SF:src/components/dashboard/FrameworkProgress.tsx
FN:11,FrameworkProgress
FN:20,(anonymous_2)
FN:27,(anonymous_3)
FN:31,(anonymous_4)
FNF:4
FNH:0
FNDA:0,FrameworkProgress
FNDA:0,(anonymous_2)
FNDA:0,(anonymous_3)
FNDA:0,(anonymous_4)
DA:4,0
DA:5,0
DA:11,0
DA:12,0
DA:20,0
DA:28,0
DA:31,0
LF:7
LH:0
BRF:0
BRH:0
end_of_record
TN:
SF:src/components/dashboard/UpcomingTasks.tsx
FN:17,UpcomingTasks
FN:23,(anonymous_3)
FNF:2
FNH:0
FNDA:0,UpcomingTasks
FNDA:0,(anonymous_3)
DA:4,0
DA:11,0
DA:17,0
DA:24,0
LF:4
LH:0
BRDA:30,0,0,0
BRDA:30,0,1,0
BRDA:31,1,0,0
BRDA:31,1,1,0
BRF:4
BRH:0
end_of_record
TN:
SF:src/components/framework/AnimatedProgressBar.tsx
FN:12,AnimatedProgressBar
FNF:1
FNH:0
FNDA:0,AnimatedProgressBar
DA:3,0
DA:12,0
LF:2
LH:0
BRDA:14,0,0,0
BRDA:15,1,0,0
BRDA:16,2,0,0
BRDA:65,3,0,0
BRF:4
BRH:0
end_of_record
TN:
SF:src/components/framework/ControlItem.tsx
FN:24,ControlItem
FN:39,(anonymous_3)
FN:42,(anonymous_4)
FN:71,(anonymous_5)
FN:88,(anonymous_6)
FN:106,(anonymous_7)
FN:117,(anonymous_8)
FN:132,(anonymous_9)
FN:137,(anonymous_10)
FNF:9
FNH:0
FNDA:0,ControlItem
FNDA:0,(anonymous_3)
FNDA:0,(anonymous_4)
FNDA:0,(anonymous_5)
FNDA:0,(anonymous_6)
FNDA:0,(anonymous_7)
FNDA:0,(anonymous_8)
FNDA:0,(anonymous_9)
FNDA:0,(anonymous_10)
DA:3,0
DA:4,0
DA:6,0
DA:7,0
DA:8,0
DA:24,0
DA:30,0
DA:31,0
DA:32,0
DA:35,0
DA:36,0
DA:39,0
DA:40,0
DA:41,0
DA:42,0
DA:44,0
DA:71,0
DA:89,0
DA:90,0
DA:92,0
DA:107,0
DA:108,0
DA:117,0
DA:133,0
DA:134,0
DA:137,0
LF:26
LH:0
BRDA:35,0,0,0
BRDA:35,0,1,0
BRDA:35,0,2,0
BRDA:35,0,3,0
BRDA:36,1,0,0
BRDA:36,1,1,0
BRDA:36,1,2,0
BRDA:40,2,0,0
BRDA:53,3,0,0
BRDA:64,4,0,0
BRDA:64,4,1,0
BRDA:75,5,0,0
BRDA:83,6,0,0
BRDA:83,6,1,0
BRDA:89,7,0,0
BRDA:89,7,1,0
BRDA:90,8,0,0
BRDA:90,8,1,0
BRDA:96,9,0,0
BRDA:100,10,0,0
BRDA:100,10,1,0
BRDA:129,11,0,0
BRDA:129,11,1,0
BRDA:136,12,0,0
BRDA:136,12,1,0
BRF:25
BRH:0
end_of_record
TN:
SF:src/components/framework/ControlStatus.tsx
FN:42,ControlStatus
FN:61,(anonymous_2)
FN:64,(anonymous_3)
FNF:3
FNH:0
FNDA:0,ControlStatus
FNDA:0,(anonymous_2)
FNDA:0,(anonymous_3)
DA:1,0
DA:21,0
DA:42,0
DA:44,0
DA:45,0
DA:46,0
DA:48,0
DA:61,0
DA:65,0
DA:66,0
LF:10
LH:0
BRDA:42,0,0,0
BRDA:42,1,0,0
BRDA:44,2,0,0
BRDA:44,2,1,0
BRDA:48,3,0,0
BRF:5
BRH:0
end_of_record
TN:
SF:src/components/framework/EvidenceDialog.tsx
FN:12,EvidenceDialog
FN:26,(anonymous_2)
FN:39,(anonymous_3)
FNF:3
FNH:0
FNDA:0,EvidenceDialog
FNDA:0,(anonymous_2)
FNDA:0,(anonymous_3)
DA:3,0
DA:12,0
DA:13,0
DA:15,0
DA:26,0
DA:40,0
DA:41,0
LF:7
LH:0
BRDA:12,0,0,0
BRDA:15,1,0,0
BRF:2
BRH:0
end_of_record
TN:
SF:src/components/framework/FrameworkDashboard.tsx
FN:33,FrameworkDashboard
FN:35,(anonymous_3)
FN:36,(anonymous_4)
FN:43,(anonymous_5)
FN:46,(anonymous_6)
FN:52,(anonymous_7)
FN:57,(anonymous_8)
FNF:7
FNH:0
FNDA:0,FrameworkDashboard
FNDA:0,(anonymous_3)
FNDA:0,(anonymous_4)
FNDA:0,(anonymous_5)
FNDA:0,(anonymous_6)
FNDA:0,(anonymous_7)
FNDA:0,(anonymous_8)
DA:3,0
DA:6,0
DA:9,0
DA:17,0
DA:18,0
DA:33,0
DA:35,0
DA:36,0
DA:37,0
DA:38,0
DA:41,0
DA:42,0
DA:43,0
DA:45,0
DA:46,0
DA:48,0
DA:50,0
DA:51,0
DA:52,0
DA:56,0
DA:57,0
DA:63,0
DA:71,0
DA:72,0
DA:74,0
DA:87,0
LF:26
LH:0
BRDA:37,0,0,0
BRDA:37,0,1,0
BRDA:37,0,2,0
BRDA:37,0,3,0
BRDA:50,1,0,0
BRDA:50,1,1,0
BRDA:72,2,0,0
BRDA:72,2,1,0
BRDA:72,3,0,0
BRDA:72,3,1,0
BRDA:81,4,0,0
BRDA:81,4,1,0
BRDA:179,5,0,0
BRDA:179,5,1,0
BRDA:210,6,0,0
BRDA:210,6,1,0
BRDA:211,7,0,0
BRDA:211,7,1,0
BRF:18
BRH:0
end_of_record
TN:
SF:src/components/framework/FrameworkSidebar.tsx
FN:9,FrameworkSidebar
FN:19,(anonymous_3)
FN:32,(anonymous_4)
FN:51,(anonymous_5)
FN:66,(anonymous_6)
FNF:5
FNH:0
FNDA:0,FrameworkSidebar
FNDA:0,(anonymous_3)
FNDA:0,(anonymous_4)
FNDA:0,(anonymous_5)
FNDA:0,(anonymous_6)
DA:3,0
DA:4,0
DA:5,0
DA:6,0
DA:7,0
DA:9,0
DA:10,0
DA:11,0
DA:19,0
DA:32,0
DA:52,0
DA:53,0
DA:55,0
DA:66,0
LF:14
LH:0
BRDA:22,0,0,0
BRDA:29,1,0,0
BRDA:40,2,0,0
BRDA:40,2,1,0
BRDA:61,3,0,0
BRDA:61,3,1,0
BRDA:77,4,0,0
BRDA:77,4,1,0
BRF:8
BRH:0
end_of_record
TN:
SF:src/components/framework/GraduatedCircleProgress.tsx
FN:13,GraduatedCircleProgress
FN:26,(anonymous_3)
FN:31,(anonymous_4)
FNF:3
FNH:0
FNDA:0,GraduatedCircleProgress
FNDA:0,(anonymous_3)
FNDA:0,(anonymous_4)
DA:3,0
DA:4,0
DA:13,0
DA:19,0
DA:20,0
DA:21,0
DA:22,0
DA:23,0
DA:24,0
DA:26,0
DA:27,0
DA:31,0
DA:32,0
DA:33,0
DA:34,0
DA:36,0
DA:56,0
LF:17
LH:0
BRDA:15,0,0,0
BRDA:16,1,0,0
BRDA:17,2,0,0
BRDA:47,3,0,0
BRDA:47,3,1,0
BRF:5
BRH:0
end_of_record
TN:
SF:src/components/framework/ProgressCircle.tsx
FN:8,ProgressCircle
FN:20,(anonymous_2)
FNF:2
FNH:0
FNDA:0,ProgressCircle
FNDA:0,(anonymous_2)
DA:8,0
DA:9,0
DA:15,0
DA:16,0
DA:17,0
DA:18,0
DA:20,0
DA:21,0
DA:22,0
DA:23,0
LF:10
LH:0
BRDA:8,0,0,0
BRDA:21,1,0,0
BRDA:22,2,0,0
BRDA:28,3,0,0
BRDA:28,3,1,0
BRDA:35,4,0,0
BRDA:35,4,1,0
BRDA:36,5,0,0
BRDA:36,5,1,0
BRDA:45,6,0,0
BRDA:45,6,1,0
BRDA:46,7,0,0
BRDA:46,7,1,0
BRF:13
BRH:0
end_of_record
TN:
SF:src/components/framework/TrendChart.tsx
FN:16,TrendChart
FN:17,(anonymous_2)
FN:22,(anonymous_3)
FN:72,(anonymous_4)
FNF:4
FNH:0
FNDA:0,TrendChart
FNDA:0,(anonymous_2)
FNDA:0,(anonymous_3)
FNDA:0,(anonymous_4)
DA:3,0
DA:16,0
DA:17,0
DA:22,0
DA:23,0
DA:24,0
DA:26,0
DA:27,0
DA:28,0
DA:29,0
DA:32,0
DA:73,0
LF:12
LH:0
BRDA:16,0,0,0
BRDA:16,1,0,0
BRDA:23,2,0,0
BRF:3
BRH:0
end_of_record
TN:
SF:src/components/frameworks/AddFrameworkForm.tsx
FN:24,AddFrameworkForm
FN:36,(anonymous_3)
FN:40,(anonymous_4)
FN:78,(anonymous_5)
FN:94,(anonymous_6)
FN:101,(anonymous_7)
FN:107,(anonymous_8)
FN:159,(anonymous_9)
FN:193,(anonymous_10)
FN:220,(anonymous_11)
FNF:10
FNH:0
FNDA:0,AddFrameworkForm
FNDA:0,(anonymous_3)
FNDA:0,(anonymous_4)
FNDA:0,(anonymous_5)
FNDA:0,(anonymous_6)
FNDA:0,(anonymous_7)
FNDA:0,(anonymous_8)
FNDA:0,(anonymous_9)
FNDA:0,(anonymous_10)
FNDA:0,(anonymous_11)
DA:3,0
DA:4,0
DA:5,0
DA:6,0
DA:7,0
DA:16,0
DA:24,0
DA:29,0
DA:30,0
DA:31,0
DA:32,0
DA:33,0
DA:35,0
DA:36,0
DA:39,0
DA:41,0
DA:44,0
DA:56,0
DA:57,0
DA:60,0
DA:61,0
DA:74,0
DA:75,0
DA:78,0
DA:85,0
DA:89,0
DA:92,0
DA:95,0
DA:96,0
DA:97,0
DA:98,0
DA:99,0
DA:102,0
DA:103,0
DA:107,0
DA:108,0
DA:109,0
DA:110,0
DA:160,0
DA:194,0
DA:220,0
LF:41
LH:0
BRDA:41,0,0,0
BRDA:50,1,0,0
BRDA:50,1,1,0
BRDA:56,2,0,0
BRDA:57,3,0,0
BRDA:74,4,0,0
BRDA:75,5,0,0
BRDA:89,6,0,0
BRDA:103,7,0,0
BRDA:103,7,1,0
BRDA:116,8,0,0
BRDA:167,9,0,0
BRDA:230,10,0,0
BRDA:230,10,1,0
BRDA:233,11,0,0
BRDA:233,11,1,0
BRF:16
BRH:0
end_of_record
TN:
SF:src/components/frameworks/FrameworkCard.tsx
FN:10,FrameworkCard
FNF:1
FNH:0
FNDA:0,FrameworkCard
DA:4,0
DA:10,0
LF:2
LH:0
BRF:0
BRH:0
end_of_record
TN:
SF:src/components/frameworks/FrameworkDetail.tsx
FN:13,FrameworkDetail
FN:23,(anonymous_2)
FN:35,(anonymous_3)
FN:50,(anonymous_4)
FN:56,(anonymous_5)
FN:75,(anonymous_6)
FNF:6
FNH:0
FNDA:0,FrameworkDetail
FNDA:0,(anonymous_2)
FNDA:0,(anonymous_3)
FNDA:0,(anonymous_4)
FNDA:0,(anonymous_5)
FNDA:0,(anonymous_6)
DA:3,0
DA:4,0
DA:13,0
DA:18,0
DA:19,0
DA:20,0
DA:21,0
DA:23,0
DA:25,0
DA:37,0
DA:43,0
DA:44,0
DA:50,0
DA:51,0
DA:56,0
DA:57,0
DA:58,0
DA:59,0
DA:65,0
DA:66,0
DA:70,0
DA:72,0
DA:75,0
LF:23
LH:0
BRDA:43,0,0,0
BRDA:57,1,0,0
BRDA:57,1,1,0
BRDA:58,2,0,0
BRDA:65,3,0,0
BRDA:96,4,0,0
BRF:6
BRH:0
end_of_record
TN:
SF:src/components/frameworks/FrameworkDetails.tsx
FN:9,FrameworkDetails
FN:12,(anonymous_2)
FN:13,(anonymous_3)
FN:15,(anonymous_4)
FN:21,(anonymous_5)
FN:61,(anonymous_6)
FN:69,(anonymous_7)
FN:101,(anonymous_8)
FNF:8
FNH:0
FNDA:0,FrameworkDetails
FNDA:0,(anonymous_2)
FNDA:0,(anonymous_3)
FNDA:0,(anonymous_4)
FNDA:0,(anonymous_5)
FNDA:0,(anonymous_6)
FNDA:0,(anonymous_7)
FNDA:0,(anonymous_8)
DA:1,0
DA:9,0
DA:10,0
DA:12,0
DA:13,0
DA:14,0
DA:15,0
DA:21,0
DA:22,0
DA:23,0
DA:24,0
DA:29,0
DA:32,0
DA:33,0
DA:37,0
DA:40,0
DA:62,0
DA:63,0
DA:65,0
DA:69,0
DA:102,0
LF:21
LH:0
BRDA:14,0,0,0
BRDA:14,0,1,0
BRDA:22,1,0,0
BRDA:22,1,1,0
BRDA:23,2,0,0
BRDA:23,2,1,0
BRDA:32,3,0,0
BRDA:32,3,1,0
BRDA:62,4,0,0
BRDA:83,5,0,0
BRDA:83,5,1,0
BRDA:99,6,0,0
BRDA:99,6,1,0
BRF:13
BRH:0
end_of_record
TN:
SF:src/components/frameworks/FrameworkList.tsx
FN:44,useDeleteContext
FN:57,(anonymous_2)
FN:66,FrameworkStatusIndicators
FN:87,FrameworkItem
FN:91,(anonymous_5)
FN:100,(anonymous_6)
FN:163,DeleteConfirmationDialog
FN:169,(anonymous_8)
FN:179,(anonymous_9)
FN:211,(anonymous_10)
FN:214,(anonymous_11)
FN:215,(anonymous_12)
FN:219,(anonymous_13)
FN:225,(anonymous_14)
FN:238,(anonymous_15)
FN:244,(anonymous_16)
FN:255,(anonymous_17)
FN:272,FrameworksHeader
FN:304,FrameworkList
FN:312,(anonymous_20)
FN:323,(anonymous_21)
FN:361,(anonymous_22)
FNF:22
FNH:0
FNDA:0,useDeleteContext
FNDA:0,(anonymous_2)
FNDA:0,FrameworkStatusIndicators
FNDA:0,FrameworkItem
FNDA:0,(anonymous_5)
FNDA:0,(anonymous_6)
FNDA:0,DeleteConfirmationDialog
FNDA:0,(anonymous_8)
FNDA:0,(anonymous_9)
FNDA:0,(anonymous_10)
FNDA:0,(anonymous_11)
FNDA:0,(anonymous_12)
FNDA:0,(anonymous_13)
FNDA:0,(anonymous_14)
FNDA:0,(anonymous_15)
FNDA:0,(anonymous_16)
FNDA:0,(anonymous_17)
FNDA:0,FrameworksHeader
FNDA:0,FrameworkList
FNDA:0,(anonymous_20)
FNDA:0,(anonymous_21)
FNDA:0,(anonymous_22)
DA:3,0
DA:4,0
DA:5,0
DA:6,0
DA:16,0
DA:24,0
DA:25,0
DA:42,0
DA:45,0
DA:46,0
DA:47,0
DA:49,0
DA:57,0
DA:58,0
DA:63,0
DA:67,0
DA:88,0
DA:89,0
DA:91,0
DA:92,0
DA:93,0
DA:94,0
DA:95,0
DA:97,0
DA:100,0
DA:101,0
DA:102,0
DA:103,0
DA:164,0
DA:165,0
DA:166,0
DA:168,0
DA:170,0
DA:171,0
DA:173,0
DA:178,0
DA:179,0
DA:182,0
DA:187,0
DA:191,0
DA:196,0
DA:199,0
DA:204,0
DA:206,0
DA:208,0
DA:212,0
DA:213,0
DA:214,0
DA:215,0
DA:217,0
DA:220,0
DA:221,0
DA:222,0
DA:223,0
DA:226,0
DA:227,0
DA:229,0
DA:230,0
DA:231,0
DA:239,0
DA:240,0
DA:244,0
DA:256,0
DA:257,0
DA:258,0
DA:259,0
DA:304,0
DA:305,0
DA:306,0
DA:307,0
DA:308,0
DA:310,0
DA:313,0
DA:318,0
DA:319,0
DA:323,0
DA:324,0
DA:327,0
DA:335,0
DA:362,0
LF:80
LH:0
BRDA:46,0,0,0
BRDA:92,1,0,0
BRDA:147,2,0,0
BRDA:147,2,1,0
BRDA:178,3,0,0
BRDA:178,4,0,0
BRDA:178,4,1,0
BRDA:187,5,0,0
BRDA:196,6,0,0
BRDA:204,7,0,0
BRDA:214,8,0,0
BRDA:226,9,0,0
BRDA:239,10,0,0
BRDA:258,11,0,0
BRDA:264,12,0,0
BRDA:264,12,1,0
BRDA:310,13,0,0
BRDA:318,14,0,0
BRDA:327,15,0,0
BRDA:335,16,0,0
BRF:20
BRH:0
end_of_record
TN:
SF:src/components/frameworks/SearchBar.tsx
FN:8,SearchBar
FN:14,(anonymous_2)
FNF:2
FNH:0
FNDA:0,SearchBar
FNDA:0,(anonymous_2)
DA:8,0
DA:14,0
LF:2
LH:0
BRF:0
BRH:0
end_of_record
TN:
SF:src/components/home/FrameworkDemo.tsx
FN:4,FrameworkDemo
FN:41,(anonymous_2)
FN:43,(anonymous_3)
FN:44,(anonymous_4)
FN:47,(anonymous_5)
FN:54,(anonymous_6)
FN:68,(anonymous_7)
FNF:7
FNH:0
FNDA:0,FrameworkDemo
FNDA:0,(anonymous_2)
FNDA:0,(anonymous_3)
FNDA:0,(anonymous_4)
FNDA:0,(anonymous_5)
FNDA:0,(anonymous_6)
FNDA:0,(anonymous_7)
DA:1,0
DA:2,0
DA:4,0
DA:5,0
DA:6,0
DA:8,0
DA:41,0
DA:42,0
DA:43,0
DA:44,0
DA:47,0
DA:55,0
DA:69,0
LF:13
LH:0
BRDA:58,0,0,0
BRDA:58,0,1,0
BRDA:72,1,0,0
BRDA:72,1,1,0
BRF:4
BRH:0
end_of_record
TN:
SF:src/components/home/NetworkAnimation.tsx
FN:3,(anonymous_1)
FN:6,(anonymous_2)
FN:14,(anonymous_3)
FN:39,(anonymous_4)
FN:50,(anonymous_5)
FN:61,(anonymous_6)
FN:70,(anonymous_7)
FN:83,(anonymous_8)
FN:84,(anonymous_9)
FN:85,(anonymous_10)
FN:112,(anonymous_11)
FN:118,(anonymous_12)
FN:124,(anonymous_13)
FN:132,(anonymous_14)
FN:144,(anonymous_15)
FNF:15
FNH:0
FNDA:0,(anonymous_1)
FNDA:0,(anonymous_2)
FNDA:0,(anonymous_3)
FNDA:0,(anonymous_4)
FNDA:0,(anonymous_5)
FNDA:0,(anonymous_6)
FNDA:0,(anonymous_7)
FNDA:0,(anonymous_8)
FNDA:0,(anonymous_9)
FNDA:0,(anonymous_10)
FNDA:0,(anonymous_11)
FNDA:0,(anonymous_12)
FNDA:0,(anonymous_13)
FNDA:0,(anonymous_14)
FNDA:0,(anonymous_15)
DA:1,0
DA:3,0
DA:4,0
DA:6,0
DA:7,0
DA:8,0
DA:10,0
DA:11,0
DA:14,0
DA:15,0
DA:16,0
DA:17,0
DA:21,0
DA:22,0
DA:23,0
DA:24,0
DA:25,0
DA:28,0
DA:29,0
DA:40,0
DA:41,0
DA:42,0
DA:43,0
DA:44,0
DA:45,0
DA:51,0
DA:52,0
DA:55,0
DA:56,0
DA:57,0
DA:58,0
DA:62,0
DA:63,0
DA:64,0
DA:65,0
DA:70,0
DA:71,0
DA:72,0
DA:73,0
DA:83,0
DA:84,0
DA:85,0
DA:86,0
DA:87,0
DA:88,0
DA:90,0
DA:91,0
DA:92,0
DA:93,0
DA:96,0
DA:99,0
DA:100,0
DA:102,0
DA:103,0
DA:104,0
DA:105,0
DA:112,0
DA:113,0
DA:115,0
DA:118,0
DA:119,0
DA:122,0
DA:124,0
DA:125,0
DA:128,0
DA:132,0
DA:133,0
DA:134,0
DA:138,0
DA:139,0
DA:140,0
DA:142,0
DA:144,0
DA:145,0
DA:158,0
LF:75
LH:0
BRDA:3,0,0,0
BRDA:8,1,0,0
BRDA:11,2,0,0
BRDA:45,3,0,0
BRDA:45,3,1,0
BRDA:55,4,0,0
BRDA:56,5,0,0
BRDA:57,6,0,0
BRDA:58,7,0,0
BRDA:90,8,0,0
BRDA:113,9,0,0
BRDA:113,10,0,0
BRDA:113,10,1,0
BRF:13
BRH:0
end_of_record
TN:
SF:src/components/layout/AppLayout.tsx
FN:9,AppLayout
FN:49,(anonymous_3)
FN:74,(anonymous_4)
FNF:3
FNH:0
FNDA:0,AppLayout
FNDA:0,(anonymous_3)
FNDA:0,(anonymous_4)
DA:3,0
DA:4,0
DA:5,0
DA:6,0
DA:7,0
DA:9,0
DA:10,0
DA:11,0
DA:14,0
DA:49,0
DA:74,0
LF:11
LH:0
BRDA:14,0,0,0
BRF:1
BRH:0
end_of_record
TN:
SF:src/components/layout/DashboardLayout.tsx
FN:3,DashboardLayout
FNF:1
FNH:0
FNDA:0,DashboardLayout
DA:1,0
DA:3,0
LF:2
LH:0
BRF:0
BRH:0
end_of_record
TN:
SF:src/components/layout/Sidebar.tsx
FN:31,Sidebar
FN:45,(anonymous_3)
FN:72,(anonymous_4)
FNF:3
FNH:0
FNDA:0,Sidebar
FNDA:0,(anonymous_3)
FNDA:0,(anonymous_4)
DA:3,0
DA:4,0
DA:16,0
DA:17,0
DA:18,0
DA:20,0
DA:31,0
DA:32,0
DA:46,0
DA:47,0
DA:72,0
LF:11
LH:0
BRDA:53,0,0,0
BRDA:53,0,1,0
BRDA:60,1,0,0
BRDA:60,1,1,0
BRF:4
BRH:0
end_of_record
TN:
SF:src/components/organizations/AddOrganizationForm.tsx
FN:11,AddOrganizationForm
FN:22,(anonymous_3)
FN:110,(anonymous_4)
FN:130,(anonymous_5)
FNF:4
FNH:0
FNDA:0,AddOrganizationForm
FNDA:0,(anonymous_3)
FNDA:0,(anonymous_4)
FNDA:0,(anonymous_5)
DA:1,0
DA:2,0
DA:3,0
DA:11,0
DA:16,0
DA:17,0
DA:18,0
DA:19,0
DA:20,0
DA:22,0
DA:23,0
DA:24,0
DA:25,0
DA:27,0
DA:29,0
DA:30,0
DA:33,0
DA:39,0
DA:40,0
DA:43,0
DA:53,0
DA:55,0
DA:56,0
DA:57,0
DA:58,0
DA:60,0
DA:61,0
DA:63,0
DA:110,0
DA:130,0
LF:30
LH:0
BRDA:30,0,0,0
BRDA:39,1,0,0
BRDA:40,2,0,0
BRDA:53,3,0,0
BRDA:61,4,0,0
BRDA:61,4,1,0
BRDA:70,5,0,0
BRDA:143,6,0,0
BRDA:143,6,1,0
BRF:9
BRH:0
end_of_record
TN:
SF:src/components/security/PenetrationTestingPanel.tsx
FN:7,PenetrationTestingPanel
FN:42,(anonymous_2)
FNF:2
FNH:0
FNDA:0,PenetrationTestingPanel
FNDA:0,(anonymous_2)
DA:3,0
DA:4,0
DA:5,0
DA:7,0
DA:8,0
DA:43,0
LF:6
LH:0
BRDA:23,0,0,0
BRDA:61,1,0,0
BRDA:61,1,1,0
BRDA:62,2,0,0
BRDA:62,2,1,0
BRDA:63,3,0,0
BRDA:63,3,1,0
BRF:7
BRH:0
end_of_record
TN:
SF:src/components/security/SecurityDashboard.tsx
FN:10,classNames
FN:14,SecurityDashboard
FN:41,(anonymous_4)
FN:44,(anonymous_5)
FN:61,(anonymous_6)
FNF:5
FNH:0
FNDA:0,classNames
FNDA:0,SecurityDashboard
FNDA:0,(anonymous_4)
FNDA:0,(anonymous_5)
FNDA:0,(anonymous_6)
DA:3,0
DA:4,0
DA:5,0
DA:6,0
DA:7,0
DA:8,0
DA:11,0
DA:14,0
DA:15,0
DA:17,0
DA:42,0
DA:45,0
DA:62,0
LF:13
LH:0
BRDA:48,0,0,0
BRDA:48,0,1,0
BRF:2
BRH:0
end_of_record
TN:
SF:src/components/security/SecurityFindingsPanel.tsx
FN:7,SecurityFindingsPanel
FN:42,(anonymous_2)
FNF:2
FNH:0
FNDA:0,SecurityFindingsPanel
FNDA:0,(anonymous_2)
DA:3,0
DA:4,0
DA:7,0
DA:8,0
DA:43,0
LF:5
LH:0
BRDA:23,0,0,0
BRDA:62,1,0,0
BRDA:62,1,1,0
BRDA:63,2,0,0
BRDA:63,2,1,0
BRDA:64,3,0,0
BRDA:64,3,1,0
BRDA:65,4,0,0
BRDA:65,4,1,0
BRDA:72,5,0,0
BRDA:72,5,1,0
BRDA:73,6,0,0
BRDA:73,6,1,0
BRDA:74,7,0,0
BRDA:74,7,1,0
BRF:15
BRH:0
end_of_record
TN:
SF:src/components/security/VulnerabilityAssessmentPanel.tsx
FN:7,VulnerabilityAssessmentPanel
FN:42,(anonymous_2)
FNF:2
FNH:0
FNDA:0,VulnerabilityAssessmentPanel
FNDA:0,(anonymous_2)
DA:3,0
DA:4,0
DA:5,0
DA:7,0
DA:8,0
DA:43,0
LF:6
LH:0
BRDA:23,0,0,0
BRDA:53,1,0,0
BRDA:53,1,1,0
BRDA:64,2,0,0
BRDA:64,2,1,0
BRDA:65,3,0,0
BRDA:65,3,1,0
BRDA:66,4,0,0
BRDA:66,4,1,0
BRF:9
BRH:0
end_of_record
TN:
SF:src/components/ui/Modal.tsx
FN:11,Modal
FNF:1
FNH:0
FNDA:0,Modal
DA:1,0
DA:2,0
DA:11,0
DA:12,0
LF:4
LH:0
BRF:0
BRH:0
end_of_record
TN:
SF:src/components/ui/alert-dialog.tsx
FNF:0
FNH:0
DA:3,0
DA:4,0
DA:6,0
DA:8,0
DA:10,0
DA:12,0
DA:27,0
DA:45,0
DA:59,0
DA:73,0
DA:85,0
DA:97,0
DA:112,0
DA:127,0
DA:130,0
DA:131,0
DA:132,0
DA:133,0
DA:134,0
DA:135,0
DA:136,0
DA:137,0
DA:138,0
DA:139,0
DA:140,0
LF:25
LH:0
BRF:0
BRH:0
end_of_record
TN:
SF:src/components/ui/badge.tsx
FN:30,Badge
FNF:1
FNH:0
FNDA:0,Badge
DA:1,0
DA:2,0
DA:4,0
DA:6,0
DA:36,0
LF:5
LH:0
BRF:0
BRH:0
end_of_record
TN:
SF:src/components/ui/button.tsx
FN:44,(anonymous_6)
FNF:1
FNH:0
FNDA:0,(anonymous_6)
DA:1,0
DA:2,0
DA:3,0
DA:5,0
DA:7,0
DA:43,0
DA:45,0
DA:55,0
DA:57,0
LF:9
LH:0
BRDA:44,0,0,0
BRDA:45,1,0,0
BRDA:45,1,1,0
BRF:3
BRH:0
end_of_record
TN:
SF:src/components/ui/card.tsx
FNF:0
FNH:0
DA:1,0
DA:3,0
DA:18,0
DA:30,0
DA:42,0
DA:54,0
DA:62,0
DA:74,0
DA:76,0
LF:9
LH:0
BRF:0
BRH:0
end_of_record
TN:
SF:src/components/ui/dialog.tsx
FNF:0
FNH:0
DA:1,0
DA:2,0
DA:3,0
DA:5,0
DA:7,0
DA:9,0
DA:11,0
DA:13,0
DA:28,0
DA:52,0
DA:66,0
DA:80,0
DA:95,0
DA:107,0
DA:110,0
DA:111,0
DA:112,0
DA:113,0
DA:114,0
DA:115,0
DA:116,0
DA:117,0
DA:118,0
DA:119,0
LF:24
LH:0
BRF:0
BRH:0
end_of_record
TN:
SF:src/components/ui/dropdown-menu.tsx
FN:169,(anonymous_27)
FNF:1
FNH:0
FNDA:0,(anonymous_27)
DA:1,0
DA:2,0
DA:3,0
DA:5,0
DA:7,0
DA:9,0
DA:11,0
DA:13,0
DA:15,0
DA:17,0
DA:38,0
DA:54,0
DA:73,0
DA:91,0
DA:114,0
DA:137,0
DA:155,0
DA:167,0
DA:169,0
DA:180,0
DA:183,0
DA:184,0
DA:185,0
DA:186,0
DA:187,0
DA:188,0
DA:189,0
DA:190,0
DA:191,0
DA:192,0
DA:193,0
DA:194,0
DA:195,0
DA:196,0
DA:197,0
LF:35
LH:0
BRDA:29,0,0,0
BRDA:29,0,1,0
BRDA:60,1,0,0
BRDA:85,2,0,0
BRDA:85,2,1,0
BRDA:149,3,0,0
BRDA:149,3,1,0
BRF:7
BRH:0
end_of_record
TN:
SF:src/components/ui/form.tsx
FN:29,(anonymous_12)
FN:42,(anonymous_13)
FN:76,(anonymous_14)
FN:90,(anonymous_15)
FN:107,(anonymous_16)
FN:129,(anonymous_17)
FN:146,(anonymous_18)
FNF:7
FNH:0
FNDA:0,(anonymous_12)
FNDA:0,(anonymous_13)
FNDA:0,(anonymous_14)
FNDA:0,(anonymous_15)
FNDA:0,(anonymous_16)
FNDA:0,(anonymous_17)
FNDA:0,(anonymous_18)
DA:1,0
DA:3,0
DA:11,0
DA:13,0
DA:14,0
DA:16,0
DA:25,0
DA:29,0
DA:42,0
DA:43,0
DA:44,0
DA:45,0
DA:47,0
DA:49,0
DA:50,0
DA:53,0
DA:55,0
DA:69,0
DA:73,0
DA:77,0
DA:85,0
DA:87,0
DA:91,0
DA:102,0
DA:104,0
DA:108,0
DA:124,0
DA:126,0
DA:130,0
DA:141,0
DA:143,0
DA:147,0
DA:148,0
DA:150,0
DA:151,0
DA:165,0
DA:168,0
DA:169,0
DA:170,0
DA:171,0
DA:172,0
DA:173,0
DA:174,0
DA:175,0
LF:44
LH:0
BRDA:49,0,0,0
BRDA:96,1,0,0
BRDA:96,1,1,0
BRDA:115,2,0,0
BRDA:115,2,1,0
BRDA:148,3,0,0
BRDA:148,3,1,0
BRDA:150,4,0,0
BRF:8
BRH:0
end_of_record
TN:
SF:src/components/ui/input.tsx
FN:9,(anonymous_4)
FNF:1
FNH:0
FNDA:0,(anonymous_4)
DA:1,0
DA:3,0
DA:8,0
DA:23,0
DA:25,0
LF:5
LH:0
BRF:0
BRH:0
end_of_record
TN:
SF:src/components/ui/label.tsx
FNF:0
FNH:0
DA:1,0
DA:2,0
DA:3,0
DA:5,0
DA:7,0
DA:22,0
DA:24,0
LF:7
LH:0
BRF:0
BRH:0
end_of_record
TN:
SF:src/components/ui/progress.tsx
FNF:0
FNH:0
DA:1,0
DA:2,0
DA:4,0
DA:24,0
DA:26,0
LF:5
LH:0
BRDA:20,0,0,0
BRDA:20,0,1,0
BRF:2
BRH:0
end_of_record
TN:
SF:src/components/ui/select.tsx
FNF:0
FNH:0
DA:1,0
DA:2,0
DA:3,0
DA:5,0
DA:7,0
DA:9,0
DA:11,0
DA:31,0
DA:48,0
DA:65,0
DA:98,0
DA:110,0
DA:132,0
DA:144,0
DA:147,0
DA:148,0
DA:149,0
DA:150,0
DA:151,0
DA:152,0
DA:153,0
DA:154,0
DA:155,0
DA:156,0
LF:24
LH:0
BRDA:71,0,0,0
BRDA:77,1,0,0
BRDA:77,1,1,0
BRDA:88,2,0,0
BRDA:88,2,1,0
BRF:5
BRH:0
end_of_record
TN:
SF:src/components/ui/table.tsx
FNF:0
FNH:0
DA:1,0
DA:3,0
DA:17,0
DA:25,0
DA:37,0
DA:52,0
DA:67,0
DA:82,0
DA:97,0
DA:109,0
DA:112,0
DA:113,0
DA:114,0
DA:115,0
DA:116,0
DA:117,0
DA:118,0
DA:119,0
LF:18
LH:0
BRF:0
BRH:0
end_of_record
TN:
SF:src/components/ui/textarea.tsx
FN:9,(anonymous_4)
FNF:1
FNH:0
FNDA:0,(anonymous_4)
DA:1,0
DA:3,0
DA:8,0
DA:22,0
DA:24,0
LF:5
LH:0
BRF:0
BRH:0
end_of_record
TN:
SF:src/components/users/InviteUserForm.tsx
FN:11,InviteUserForm
FN:20,handleSubmit
FN:53,(anonymous_3)
FNF:3
FNH:0
FNDA:0,InviteUserForm
FNDA:0,handleSubmit
FNDA:0,(anonymous_3)
DA:3,0
DA:4,0
DA:11,0
DA:15,0
DA:16,0
DA:17,0
DA:18,0
DA:21,0
DA:22,0
DA:23,0
DA:25,0
DA:26,0
DA:27,0
DA:28,0
DA:30,0
DA:32,0
DA:53,0
LF:17
LH:0
BRDA:27,0,0,0
BRDA:59,1,0,0
BRDA:78,2,0,0
BRDA:78,2,1,0
BRF:4
BRH:0
end_of_record
TN:
SF:src/components/users/UserList.tsx
FN:7,UserList
FN:12,(anonymous_2)
FN:16,fetchUsers
FN:59,(anonymous_4)
FN:91,(anonymous_5)
FNF:5
FNH:0
FNDA:0,UserList
FNDA:0,(anonymous_2)
FNDA:0,fetchUsers
FNDA:0,(anonymous_4)
FNDA:0,(anonymous_5)
DA:3,0
DA:4,0
DA:7,0
DA:8,0
DA:9,0
DA:10,0
DA:12,0
DA:13,0
DA:17,0
DA:18,0
DA:19,0
DA:20,0
DA:22,0
DA:24,0
DA:28,0
DA:60,0
DA:92,0
DA:97,0
DA:98,0
DA:101,0
DA:102,0
DA:104,0
LF:22
LH:0
BRDA:19,0,0,0
BRDA:20,1,0,0
BRDA:20,1,1,0
BRDA:28,2,0,0
BRDA:68,3,0,0
BRDA:68,3,1,0
BRDA:81,4,0,0
BRDA:81,4,1,0
BRDA:86,5,0,0
BRDA:86,5,1,0
BRDA:92,6,0,0
BRDA:101,7,0,0
BRF:12
BRH:0
end_of_record
TN:
SF:src/contexts/AuthContext.tsx
FN:19,AuthProvider
FN:27,(anonymous_4)
FN:29,(anonymous_5)
FN:32,(anonymous_6)
FN:35,(anonymous_7)
FN:69,(anonymous_8)
FN:87,(anonymous_9)
FN:92,(anonymous_10)
FN:112,(anonymous_11)
FN:135,(anonymous_12)
FN:158,useAuth
FNF:11
FNH:0
FNDA:0,AuthProvider
FNDA:0,(anonymous_4)
FNDA:0,(anonymous_5)
FNDA:0,(anonymous_6)
FNDA:0,(anonymous_7)
FNDA:0,(anonymous_8)
FNDA:0,(anonymous_9)
FNDA:0,(anonymous_10)
FNDA:0,(anonymous_11)
FNDA:0,(anonymous_12)
FNDA:0,useAuth
DA:3,0
DA:5,0
DA:6,0
DA:17,0
DA:19,0
DA:20,0
DA:21,0
DA:22,0
DA:23,0
DA:24,0
DA:25,0
DA:27,0
DA:28,0
DA:29,0
DA:32,0
DA:33,0
DA:35,0
DA:36,0
DA:37,0
DA:39,0
DA:40,0
DA:41,0
DA:44,0
DA:45,0
DA:46,0
DA:47,0
DA:50,0
DA:51,0
DA:54,0
DA:56,0
DA:57,0
DA:61,0
DA:63,0
DA:67,0
DA:69,0
DA:70,0
DA:72,0
DA:73,0
DA:74,0
DA:75,0
DA:76,0
DA:79,0
DA:80,0
DA:81,0
DA:82,0
DA:87,0
DA:88,0
DA:92,0
DA:93,0
DA:94,0
DA:95,0
DA:100,0
DA:102,0
DA:103,0
DA:105,0
DA:106,0
DA:108,0
DA:112,0
DA:113,0
DA:114,0
DA:115,0
DA:123,0
DA:125,0
DA:126,0
DA:128,0
DA:129,0
DA:131,0
DA:135,0
DA:136,0
DA:137,0
DA:138,0
DA:139,0
DA:141,0
DA:142,0
DA:144,0
DA:145,0
DA:147,0
DA:158,0
DA:159,0
LF:79
LH:0
BRDA:33,0,0,0
BRDA:39,1,0,0
BRDA:44,2,0,0
BRDA:44,2,1,0
BRDA:50,3,0,0
BRDA:56,4,0,0
BRDA:56,5,0,0
BRDA:56,5,1,0
BRDA:56,5,2,0
BRDA:72,6,0,0
BRDA:72,6,1,0
BRDA:75,7,0,0
BRDA:81,8,0,0
BRDA:100,9,0,0
BRDA:123,10,0,0
BRDA:139,11,0,0
BRDA:153,12,0,0
BRDA:153,12,1,0
BRDA:153,12,2,0
BRF:19
BRH:0
end_of_record
TN:
SF:src/data/additional-frameworks.ts
FNF:0
FNH:0
DA:3,0
LF:1
LH:0
BRF:0
BRH:0
end_of_record
TN:
SF:src/data/complete-frameworks.ts
FNF:0
FNH:0
DA:3,0
LF:1
LH:0
BRF:0
BRH:0
end_of_record
TN:
SF:src/data/frameworks.ts
FN:19,transformFramework
FN:21,transformControlItem
FN:36,processControlSection
FN:39,(anonymous_6)
FN:59,(anonymous_7)
FN:65,(anonymous_8)
FNF:6
FNH:0
FNDA:0,transformFramework
FNDA:0,transformControlItem
FNDA:0,processControlSection
FNDA:0,(anonymous_6)
FNDA:0,(anonymous_7)
FNDA:0,(anonymous_8)
DA:3,0
DA:4,0
DA:5,0
DA:6,0
DA:7,0
DA:8,0
DA:10,0
DA:22,0
DA:28,0
DA:29,0
DA:32,0
DA:37,0
DA:39,0
DA:40,0
DA:41,0
DA:43,0
DA:47,0
DA:55,0
DA:57,0
DA:59,0
DA:60,0
DA:61,0
DA:64,0
DA:65,0
DA:66,0
DA:67,0
DA:69,0
DA:72,0
LF:28
LH:0
BRDA:28,0,0,0
BRDA:37,1,0,0
BRDA:40,2,0,0
BRDA:60,3,0,0
BRDA:61,4,0,0
BRDA:61,4,1,0
BRDA:66,5,0,0
BRDA:67,6,0,0
BRDA:67,6,1,0
BRDA:69,7,0,0
BRDA:69,7,1,0
BRF:11
BRH:0
end_of_record
TN:
SF:src/data/gdpr-controls.ts
FNF:0
FNH:0
DA:3,0
LF:1
LH:0
BRF:0
BRH:0
end_of_record
TN:
SF:src/data/hipaa-controls.ts
FNF:0
FNH:0
DA:3,0
LF:1
LH:0
BRF:0
BRH:0
end_of_record
TN:
SF:src/data/iso27001-controls.ts
FNF:0
FNH:0
DA:3,0
LF:1
LH:0
BRF:0
BRH:0
end_of_record
TN:
SF:src/data/nist-csf-controls.ts
FNF:0
FNH:0
DA:3,0
LF:1
LH:0
BRF:0
BRH:0
end_of_record
TN:
SF:src/data/pci-dss-controls.ts
FNF:0
FNH:0
DA:3,0
LF:1
LH:0
BRF:0
BRH:0
end_of_record
TN:
SF:src/data/soc2-controls.ts
FNF:0
FNH:0
DA:3,0
LF:1
LH:0
BRF:0
BRH:0
end_of_record
TN:
SF:src/data/frameworks/gdpr.ts
FNF:0
FNH:0
DA:3,0
LF:1
LH:0
BRF:0
BRH:0
end_of_record
TN:
SF:src/data/frameworks/hipaa.ts
FNF:0
FNH:0
DA:3,0
LF:1
LH:0
BRF:0
BRH:0
end_of_record
TN:
SF:src/data/frameworks/iso27001.ts
FNF:0
FNH:0
DA:3,0
LF:1
LH:0
BRF:0
BRH:0
end_of_record
TN:
SF:src/data/frameworks/nist.ts
FNF:0
FNH:0
DA:3,0
LF:1
LH:0
BRF:0
BRH:0
end_of_record
TN:
SF:src/data/frameworks/pci-dss.ts
FNF:0
FNH:0
DA:3,0
LF:1
LH:0
BRF:0
BRH:0
end_of_record
TN:
SF:src/data/frameworks/soc2.ts
FNF:0
FNH:0
DA:3,0
LF:1
LH:0
BRF:0
BRH:0
end_of_record
TN:
SF:src/hooks/useDashboardData.ts
FN:23,useDashboardData
FN:29,(anonymous_2)
FN:32,(anonymous_3)
FN:67,(anonymous_4)
FN:68,(anonymous_5)
FN:69,(anonymous_6)
FN:77,(anonymous_7)
FN:94,(anonymous_8)
FN:125,(anonymous_9)
FNF:9
FNH:0
FNDA:0,useDashboardData
FNDA:0,(anonymous_2)
FNDA:0,(anonymous_3)
FNDA:0,(anonymous_4)
FNDA:0,(anonymous_5)
FNDA:0,(anonymous_6)
FNDA:0,(anonymous_7)
FNDA:0,(anonymous_8)
FNDA:0,(anonymous_9)
DA:1,0
DA:2,0
DA:23,0
DA:24,0
DA:25,0
DA:26,0
DA:27,0
DA:29,0
DA:30,0
DA:32,0
DA:33,0
DA:35,0
DA:49,0
DA:50,0
DA:52,0
DA:55,0
DA:61,0
DA:62,0
DA:64,0
DA:67,0
DA:68,0
DA:69,0
DA:70,0
DA:71,0
DA:76,0
DA:77,0
DA:78,0
DA:79,0
DA:80,0
DA:87,0
DA:88,0
DA:89,0
DA:90,0
DA:94,0
DA:100,0
DA:101,0
DA:109,0
DA:112,0
DA:113,0
DA:114,0
DA:117,0
DA:118,0
DA:123,0
DA:125,0
DA:126,0
DA:130,0
LF:46
LH:0
BRDA:49,0,0,0
BRDA:52,1,0,0
BRDA:61,2,0,0
BRDA:64,3,0,0
BRDA:71,4,0,0
BRDA:71,4,1,0
BRDA:79,5,0,0
BRDA:89,6,0,0
BRDA:100,7,0,0
BRDA:112,8,0,0
BRDA:113,9,0,0
BRDA:113,9,1,0
BRDA:117,10,0,0
BRF:13
BRH:0
end_of_record
TN:
SF:src/hooks/useFramework.ts
FN:5,useFramework
FN:10,(anonymous_2)
FN:12,(anonymous_3)
FNF:3
FNH:0
FNDA:0,useFramework
FNDA:0,(anonymous_2)
FNDA:0,(anonymous_3)
DA:1,0
DA:3,0
DA:5,0
DA:6,0
DA:7,0
DA:8,0
DA:10,0
DA:11,0
DA:12,0
DA:13,0
DA:14,0
DA:16,0
DA:17,0
DA:19,0
DA:21,0
DA:25,0
LF:16
LH:0
BRDA:13,0,0,0
BRF:1
BRH:0
end_of_record
TN:
SF:src/lib/auth.ts
FN:3,signOut
FNF:1
FNH:0
FNDA:0,signOut
DA:1,0
DA:3,0
DA:4,0
DA:5,0
DA:6,0
LF:5
LH:0
BRF:0
BRH:0
end_of_record
TN:
SF:src/lib/constants.ts
FNF:0
FNH:0
DA:22,0
LF:1
LH:0
BRF:0
BRH:0
end_of_record
TN:
SF:src/lib/supabase.ts
FNF:0
FNH:0
DA:1,0
DA:3,0
DA:4,0
DA:6,0
DA:7,0
DA:10,0
DA:11,0
DA:13,0
LF:8
LH:0
BRDA:3,0,0,0
BRDA:6,1,0,0
BRF:2
BRH:0
end_of_record
TN:
SF:src/lib/utils.ts
FN:4,cn
FN:8,formatDate
FNF:2
FNH:0
FNDA:0,cn
FNDA:0,formatDate
DA:1,0
DA:2,0
DA:4,0
DA:5,0
DA:8,0
DA:9,0
LF:6
LH:0
BRF:0
BRH:0
end_of_record
TN:
SF:src/lib/api/assessments.ts
FN:47,getAssessments
FN:67,getAssessment
FN:110,createAssessment
FN:123,(anonymous_12)
FN:133,updateAssessment
FN:148,updateAssessmentControl
FN:163,uploadEvidence
FN:190,(anonymous_16)
FN:200,createAssessmentControl
FN:211,deleteEvidence
FNF:10
FNH:0
FNDA:0,getAssessments
FNDA:0,getAssessment
FNDA:0,createAssessment
FNDA:0,(anonymous_12)
FNDA:0,updateAssessment
FNDA:0,updateAssessmentControl
FNDA:0,uploadEvidence
FNDA:0,(anonymous_16)
FNDA:0,createAssessmentControl
FNDA:0,deleteEvidence
DA:1,0
DA:4,0
DA:5,0
DA:7,0
DA:47,0
DA:48,0
DA:63,0
DA:64,0
DA:67,0
DA:68,0
DA:106,0
DA:107,0
DA:110,0
DA:118,0
DA:123,0
DA:129,0
DA:130,0
DA:133,0
DA:137,0
DA:144,0
DA:145,0
DA:148,0
DA:152,0
DA:159,0
DA:160,0
DA:163,0
DA:164,0
DA:165,0
DA:166,0
DA:169,0
DA:170,0
DA:171,0
DA:175,0
DA:178,0
DA:183,0
DA:190,0
DA:196,0
DA:197,0
DA:200,0
DA:201,0
DA:207,0
DA:208,0
DA:211,0
DA:213,0
DA:219,0
DA:222,0
DA:223,0
DA:224,0
DA:225,0
DA:228,0
DA:233,0
DA:238,0
LF:52
LH:0
BRDA:63,0,0,0
BRDA:106,1,0,0
BRDA:129,2,0,0
BRDA:144,3,0,0
BRDA:159,4,0,0
BRDA:175,5,0,0
BRDA:196,6,0,0
BRDA:207,7,0,0
BRDA:219,8,0,0
BRDA:222,9,0,0
BRDA:224,10,0,0
BRDA:228,11,0,0
BRDA:238,12,0,0
BRF:13
BRH:0
end_of_record
TN:
SF:src/scripts/cleanup-duplicates.ts
FN:22,cleanupDuplicates
FN:40,(anonymous_4)
FNF:2
FNH:0
FNDA:0,cleanupDuplicates
FNDA:0,(anonymous_4)
DA:1,0
DA:2,0
DA:3,0
DA:6,0
DA:8,0
DA:9,0
DA:11,0
DA:12,0
DA:15,0
DA:23,0
DA:26,0
DA:31,0
DA:32,0
DA:33,0
DA:37,0
DA:38,0
DA:40,0
DA:41,0
DA:42,0
DA:44,0
DA:46,0
DA:50,0
DA:51,0
DA:52,0
DA:55,0
DA:58,0
DA:63,0
DA:64,0
DA:65,0
DA:68,0
DA:71,0
LF:31
LH:0
BRDA:11,0,0,0
BRDA:11,1,0,0
BRDA:11,1,1,0
BRDA:31,2,0,0
BRDA:42,3,0,0
BRDA:42,3,1,0
BRDA:50,4,0,0
BRDA:63,5,0,0
BRF:8
BRH:0
end_of_record
TN:
SF:src/scripts/create-tables-script.ts
FN:24,createTables
FNF:1
FNH:0
FNDA:0,createTables
DA:1,0
DA:2,0
DA:3,0
DA:4,0
DA:7,0
DA:10,0
DA:11,0
DA:13,0
DA:14,0
DA:17,0
DA:25,0
DA:27,0
DA:29,0
DA:30,0
DA:33,0
DA:35,0
DA:36,0
DA:37,0
DA:40,0
DA:41,0
DA:43,0
DA:44,0
DA:48,0
LF:23
LH:0
BRDA:13,0,0,0
BRDA:13,1,0,0
BRDA:13,1,1,0
BRDA:35,2,0,0
BRF:4
BRH:0
end_of_record
TN:
SF:src/scripts/initialize-db.ts
FN:25,checkTablesExist
FN:36,main
FN:46,(anonymous_5)
FNF:3
FNH:0
FNDA:0,checkTablesExist
FNDA:0,main
FNDA:0,(anonymous_5)
DA:1,0
DA:3,0
DA:4,0
DA:7,0
DA:10,0
DA:11,0
DA:13,0
DA:14,0
DA:18,0
DA:26,0
DA:28,0
DA:29,0
DA:30,0
DA:31,0
DA:37,0
DA:38,0
DA:41,0
DA:42,0
DA:45,0
DA:46,0
DA:47,0
DA:49,0
DA:51,0
DA:52,0
DA:56,0
LF:25
LH:0
BRDA:10,0,0,0
BRDA:10,0,1,0
BRDA:11,1,0,0
BRDA:11,1,1,0
BRDA:13,2,0,0
BRDA:13,3,0,0
BRDA:13,3,1,0
BRDA:30,4,0,0
BRF:8
BRH:0
end_of_record
TN:
SF:src/scripts/query-db.ts
FN:23,queryDatabase
FN:52,(anonymous_4)
FN:53,(anonymous_5)
FNF:3
FNH:0
FNDA:0,queryDatabase
FNDA:0,(anonymous_4)
FNDA:0,(anonymous_5)
DA:1,0
DA:2,0
DA:3,0
DA:6,0
DA:9,0
DA:10,0
DA:12,0
DA:13,0
DA:16,0
DA:24,0
DA:25,0
DA:26,0
DA:30,0
DA:31,0
DA:33,0
DA:34,0
DA:35,0
DA:40,0
DA:41,0
DA:44,0
DA:45,0
DA:50,0
DA:51,0
DA:52,0
DA:54,0
DA:55,0
LF:26
LH:0
BRDA:12,0,0,0
BRDA:12,1,0,0
BRDA:12,1,1,0
BRDA:30,2,0,0
BRDA:34,3,0,0
BRDA:34,4,0,0
BRDA:34,4,1,0
BRDA:40,5,0,0
BRDA:50,6,0,0
BRF:9
BRH:0
end_of_record
TN:
SF:src/scripts/seed-frameworks.ts
FN:26,processControlItems
FN:63,processControls
FN:74,seedFramework
FN:116,seedFrameworks
FN:140,(anonymous_8)
FN:141,(anonymous_9)
FNF:6
FNH:0
FNDA:0,processControlItems
FNDA:0,processControls
FNDA:0,seedFramework
FNDA:0,seedFrameworks
FNDA:0,(anonymous_8)
FNDA:0,(anonymous_9)
DA:1,0
DA:2,0
DA:3,0
DA:5,0
DA:6,0
DA:9,0
DA:12,0
DA:13,0
DA:15,0
DA:16,0
DA:19,0
DA:31,0
DA:33,0
DA:45,0
DA:47,0
DA:52,0
DA:53,0
DA:57,0
DA:58,0
DA:67,0
DA:68,0
DA:69,0
DA:75,0
DA:78,0
DA:85,0
DA:86,0
DA:89,0
DA:90,0
DA:91,0
DA:95,0
DA:106,0
DA:108,0
DA:113,0
DA:116,0
DA:117,0
DA:118,0
DA:121,0
DA:122,0
DA:126,0
DA:127,0
DA:130,0
DA:132,0
DA:133,0
DA:138,0
DA:139,0
DA:140,0
DA:142,0
DA:143,0
LF:48
LH:0
BRDA:15,0,0,0
BRDA:15,1,0,0
BRDA:15,1,1,0
BRDA:45,2,0,0
BRDA:52,3,0,0
BRDA:52,4,0,0
BRDA:52,4,1,0
BRDA:57,5,0,0
BRDA:57,6,0,0
BRDA:57,6,1,0
BRDA:68,7,0,0
BRDA:85,8,0,0
BRDA:85,9,0,0
BRDA:85,9,1,0
BRDA:89,10,0,0
BRDA:106,11,0,0
BRDA:138,12,0,0
BRF:17
BRH:0
end_of_record
TN:
SF:src/scripts/setup-database.ts
FN:26,setup
FNF:1
FNH:0
FNDA:0,setup
DA:1,0
DA:2,0
DA:3,0
DA:7,0
DA:10,0
DA:11,0
DA:13,0
DA:14,0
DA:17,0
DA:19,0
DA:27,0
DA:29,0
DA:30,0
DA:31,0
DA:32,0
DA:33,0
DA:37,0
DA:38,0
DA:39,0
DA:40,0
DA:41,0
DA:45,0
DA:46,0
DA:47,0
DA:50,0
DA:51,0
DA:63,0
DA:65,0
DA:66,0
DA:70,0
DA:104,0
DA:105,0
DA:106,0
DA:111,0
DA:112,0
DA:124,0
DA:126,0
DA:127,0
DA:131,0
DA:168,0
DA:169,0
DA:170,0
DA:175,0
DA:176,0
DA:178,0
DA:180,0
DA:181,0
DA:185,0
LF:48
LH:0
BRDA:13,0,0,0
BRDA:13,1,0,0
BRDA:13,1,1,0
BRDA:31,2,0,0
BRDA:39,3,0,0
BRDA:63,4,0,0
BRDA:65,5,0,0
BRDA:104,6,0,0
BRDA:124,7,0,0
BRDA:126,8,0,0
BRDA:168,9,0,0
BRF:11
BRH:0
end_of_record
TN:
SF:src/scripts/test-connection.ts
FN:25,testConnection
FNF:1
FNH:0
FNDA:0,testConnection
DA:1,0
DA:2,0
DA:3,0
DA:6,0
DA:9,0
DA:10,0
DA:12,0
DA:13,0
DA:16,0
DA:18,0
DA:26,0
DA:28,0
DA:37,0
DA:38,0
DA:39,0
DA:42,0
DA:45,0
DA:46,0
DA:50,0
LF:19
LH:0
BRDA:12,0,0,0
BRDA:12,1,0,0
BRDA:12,1,1,0
BRDA:37,2,0,0
BRF:4
BRH:0
end_of_record
TN:
SF:src/utils/export.ts
FN:25,generateProgressReport
FN:36,(anonymous_5)
FN:46,downloadAsJson
FN:58,downloadAsCsv
FN:67,(anonymous_8)
FN:81,(anonymous_9)
FNF:6
FNH:0
FNDA:0,generateProgressReport
FNDA:0,(anonymous_5)
FNDA:0,downloadAsJson
FNDA:0,downloadAsCsv
FNDA:0,(anonymous_8)
FNDA:0,(anonymous_9)
DA:25,0
DA:31,0
DA:36,0
DA:46,0
DA:47,0
DA:48,0
DA:49,0
DA:50,0
DA:51,0
DA:52,0
DA:53,0
DA:54,0
DA:55,0
DA:58,0
DA:59,0
DA:67,0
DA:75,0
DA:81,0
DA:84,0
DA:85,0
DA:86,0
DA:87,0
DA:88,0
DA:89,0
DA:90,0
DA:91,0
DA:92,0
LF:27
LH:0
BRDA:39,0,0,0
BRDA:39,0,1,0
BRDA:40,1,0,0
BRDA:40,1,1,0
BRDA:72,2,0,0
BRDA:72,2,1,0
BRF:6
BRH:0
end_of_record
TN:
SF:src/utils/framework-utils.ts
FN:1,generateFrameworkSlug
FNF:1
FNH:0
FNDA:0,generateFrameworkSlug
DA:1,0
DA:2,0
LF:2
LH:0
BRF:0
BRH:0
end_of_record
TN:
SF:src/utils/security.ts
FN:10,(anonymous_8)
FN:15,(anonymous_9)
FN:22,(anonymous_10)
FN:36,(anonymous_11)
FN:52,(anonymous_12)
FN:55,(anonymous_13)
FN:61,(anonymous_14)
FN:75,(anonymous_15)
FN:80,(anonymous_16)
FN:102,(anonymous_17)
FNF:10
FNH:10
FNDA:4,(anonymous_8)
FNDA:128,(anonymous_9)
FNDA:7,(anonymous_10)
FNDA:4,(anonymous_11)
FNDA:3,(anonymous_12)
FNDA:80,(anonymous_13)
FNDA:7,(anonymous_14)
FNDA:5,(anonymous_15)
FNDA:12,(anonymous_16)
FNDA:1,(anonymous_17)
DA:10,4
DA:11,4
DA:12,4
DA:13,4
DA:14,4
DA:15,128
DA:22,5
DA:23,7
DA:36,4
DA:37,4
DA:38,1
DA:41,3
DA:42,1
DA:45,2
DA:46,2
DA:52,3
DA:53,3
DA:54,3
DA:55,80
DA:61,7
DA:63,7
DA:64,7
DA:70,4
DA:71,5
DA:76,5
DA:77,5
DA:81,12
DA:82,12
DA:84,12
DA:85,6
DA:86,6
DA:89,6
DA:90,0
DA:91,0
DA:94,6
DA:95,2
DA:98,4
DA:99,4
DA:103,1
DA:108,1
LF:40
LH:38
BRDA:37,0,0,1
BRDA:41,1,0,1
BRDA:52,2,0,2
BRDA:75,3,0,1
BRDA:75,4,0,1
BRDA:84,5,0,6
BRDA:89,6,0,0
BRDA:94,7,0,2
BRF:8
BRH:7
end_of_record
